<?xml version="1.0" encoding="UTF-8"?>
<coverage generated="1692989734520" clover="3.2.0">
  <project timestamp="1692989734520" name="All files">
    <metrics statements="2399" coveredstatements="570" conditionals="1421" coveredconditionals="238" methods="704" coveredmethods="153" elements="4524" coveredelements="961" complexity="0" loc="2399" ncloc="2399" packages="96" files="185" classes="185"/>
    <package name="components">
      <metrics statements="0" coveredstatements="0" conditionals="0" coveredconditionals="0" methods="0" coveredmethods="0"/>
      <file name="index.ts" path="/home/wsdt/Schreibtisch/GitRepositories/enya/boba/packages/boba/gateway/src/components/index.ts">
        <metrics statements="0" coveredstatements="0" conditionals="0" coveredconditionals="0" methods="0" coveredmethods="0"/>
      </file>
    </package>
    <package name="components.NetworkSelector">
      <metrics statements="12" coveredstatements="4" conditionals="10" coveredconditionals="0" methods="7" coveredmethods="0"/>
      <file name="index.tsx" path="/home/wsdt/Schreibtisch/GitRepositories/enya/boba/packages/boba/gateway/src/components/NetworkSelector/index.tsx">
        <metrics statements="5" coveredstatements="1" conditionals="2" coveredconditionals="0" methods="3" coveredmethods="0"/>
        <line num="8" count="1" type="stmt"/>
        <line num="9" count="0" type="stmt"/>
        <line num="11" count="0" type="stmt"/>
        <line num="12" count="0" type="stmt"/>
        <line num="14" count="0" type="stmt"/>
      </file>
      <file name="styles.ts" path="/home/wsdt/Schreibtisch/GitRepositories/enya/boba/packages/boba/gateway/src/components/NetworkSelector/styles.ts">
        <metrics statements="7" coveredstatements="3" conditionals="8" coveredconditionals="0" methods="4" coveredmethods="0"/>
        <line num="6" count="1" type="stmt"/>
        <line num="17" count="0" type="cond" truecount="0" falsecount="2"/>
        <line num="22" count="0" type="cond" truecount="0" falsecount="2"/>
        <line num="35" count="1" type="stmt"/>
        <line num="43" count="0" type="cond" truecount="0" falsecount="2"/>
        <line num="50" count="0" type="cond" truecount="0" falsecount="2"/>
        <line num="58" count="1" type="stmt"/>
      </file>
    </package>
    <package name="components.PulseBadge">
      <metrics statements="5" coveredstatements="0" conditionals="1" coveredconditionals="0" methods="3" coveredmethods="0"/>
      <file name="index.tsx" path="/home/wsdt/Schreibtisch/GitRepositories/enya/boba/packages/boba/gateway/src/components/PulseBadge/index.tsx">
        <metrics statements="5" coveredstatements="0" conditionals="1" coveredconditionals="0" methods="3" coveredmethods="0"/>
        <line num="6" count="0" type="stmt"/>
        <line num="14" count="0" type="stmt"/>
        <line num="36" count="0" type="stmt"/>
        <line num="47" count="0" type="stmt"/>
        <line num="51" count="0" type="stmt"/>
      </file>
    </package>
    <package name="components.alert">
      <metrics statements="13" coveredstatements="0" conditionals="6" coveredconditionals="0" methods="4" coveredmethods="0"/>
      <file name="Alert.tsx" path="/home/wsdt/Schreibtisch/GitRepositories/enya/boba/packages/boba/gateway/src/components/alert/Alert.tsx">
        <metrics statements="13" coveredstatements="0" conditionals="6" coveredconditionals="0" methods="4" coveredmethods="0"/>
        <line num="33" count="0" type="stmt"/>
        <line num="40" count="0" type="stmt"/>
        <line num="41" count="0" type="cond" truecount="0" falsecount="2"/>
        <line num="42" count="0" type="stmt"/>
        <line num="44" count="0" type="stmt"/>
        <line num="47" count="0" type="stmt"/>
        <line num="84" count="0" type="stmt"/>
        <line num="85" count="0" type="stmt"/>
        <line num="86" count="0" type="stmt"/>
        <line num="87" count="0" type="stmt"/>
        <line num="89" count="0" type="stmt"/>
        <line num="90" count="0" type="stmt"/>
        <line num="92" count="0" type="stmt"/>
      </file>
    </package>
    <package name="components.availableBridges">
      <metrics statements="25" coveredstatements="25" conditionals="18" coveredconditionals="16" methods="7" coveredmethods="7"/>
      <file name="bobaBridges.ts" path="/home/wsdt/Schreibtisch/GitRepositories/enya/boba/packages/boba/gateway/src/components/availableBridges/bobaBridges.ts">
        <metrics statements="3" coveredstatements="3" conditionals="0" coveredconditionals="0" methods="2" coveredmethods="2"/>
        <line num="3" count="1" type="stmt"/>
        <line num="42" count="1" type="stmt"/>
        <line num="43" count="42" type="stmt"/>
      </file>
      <file name="index.tsx" path="/home/wsdt/Schreibtisch/GitRepositories/enya/boba/packages/boba/gateway/src/components/availableBridges/index.tsx">
        <metrics statements="22" coveredstatements="22" conditionals="18" coveredconditionals="16" methods="5" coveredmethods="5"/>
        <line num="11" count="7" type="stmt"/>
        <line num="24" count="1" type="stmt"/>
        <line num="29" count="1" type="stmt"/>
        <line num="34" count="18" type="stmt"/>
        <line num="44" count="1" type="stmt"/>
        <line num="48" count="17" type="stmt"/>
        <line num="49" count="17" type="stmt"/>
        <line num="50" count="17" type="stmt"/>
        <line num="52" count="17" type="stmt"/>
        <line num="53" count="17" type="stmt"/>
        <line num="55" count="17" type="stmt"/>
        <line num="56" count="10" type="cond" truecount="2" falsecount="0"/>
        <line num="57" count="7" type="stmt"/>
        <line num="58" count="7" type="stmt"/>
        <line num="60" count="7" type="cond" truecount="4" falsecount="0"/>
        <line num="61" count="4" type="stmt"/>
        <line num="65" count="4" type="stmt"/>
        <line num="66" count="4" type="stmt"/>
        <line num="71" count="17" type="cond" truecount="2" falsecount="0"/>
        <line num="77" count="10" type="stmt"/>
        <line num="80" count="7" type="stmt"/>
        <line num="95" count="14" type="stmt"/>
      </file>
    </package>
    <package name="components.bridge.ChainLabel">
      <metrics statements="18" coveredstatements="2" conditionals="10" coveredconditionals="0" methods="4" coveredmethods="0"/>
      <file name="index.tsx" path="/home/wsdt/Schreibtisch/GitRepositories/enya/boba/packages/boba/gateway/src/components/bridge/ChainLabel/index.tsx">
        <metrics statements="17" coveredstatements="1" conditionals="10" coveredconditionals="0" methods="4" coveredmethods="0"/>
        <line num="14" count="1" type="stmt"/>
        <line num="15" count="0" type="stmt"/>
        <line num="17" count="0" type="stmt"/>
        <line num="18" count="0" type="stmt"/>
        <line num="19" count="0" type="stmt"/>
        <line num="21" count="0" type="stmt"/>
        <line num="23" count="0" type="stmt"/>
        <line num="24" count="0" type="stmt"/>
        <line num="27" count="0" type="stmt"/>
        <line num="28" count="0" type="stmt"/>
        <line num="30" count="0" type="stmt"/>
        <line num="31" count="0" type="stmt"/>
        <line num="39" count="0" type="stmt"/>
        <line num="40" count="0" type="stmt"/>
        <line num="47" count="0" type="stmt"/>
        <line num="52" count="0" type="stmt"/>
        <line num="54" count="0" type="cond" truecount="0" falsecount="2"/>
      </file>
      <file name="styles.ts" path="/home/wsdt/Schreibtisch/GitRepositories/enya/boba/packages/boba/gateway/src/components/bridge/ChainLabel/styles.ts">
        <metrics statements="1" coveredstatements="1" conditionals="0" coveredconditionals="0" methods="0" coveredmethods="0"/>
        <line num="4" count="1" type="stmt"/>
      </file>
    </package>
    <package name="components.bridge.NetworkPickerList">
      <metrics statements="28" coveredstatements="7" conditionals="9" coveredconditionals="0" methods="10" coveredmethods="0"/>
      <file name="index.tsx" path="/home/wsdt/Schreibtisch/GitRepositories/enya/boba/packages/boba/gateway/src/components/bridge/NetworkPickerList/index.tsx">
        <metrics statements="17" coveredstatements="1" conditionals="5" coveredconditionals="0" methods="5" coveredmethods="0"/>
        <line num="31" count="1" type="cond" truecount="0" falsecount="1"/>
        <line num="32" count="0" type="stmt"/>
        <line num="33" count="0" type="stmt"/>
        <line num="34" count="0" type="stmt"/>
        <line num="35" count="0" type="stmt"/>
        <line num="36" count="0" type="stmt"/>
        <line num="38" count="0" type="stmt"/>
        <line num="39" count="0" type="stmt"/>
        <line num="41" count="0" type="stmt"/>
        <line num="42" count="0" type="cond" truecount="0" falsecount="2"/>
        <line num="43" count="0" type="stmt"/>
        <line num="44" count="0" type="stmt"/>
        <line num="53" count="0" type="stmt"/>
        <line num="56" count="0" type="stmt"/>
        <line num="60" count="0" type="cond" truecount="0" falsecount="2"/>
        <line num="64" count="0" type="stmt"/>
        <line num="68" count="0" type="stmt"/>
      </file>
      <file name="styles.ts" path="/home/wsdt/Schreibtisch/GitRepositories/enya/boba/packages/boba/gateway/src/components/bridge/NetworkPickerList/styles.ts">
        <metrics statements="11" coveredstatements="6" conditionals="4" coveredconditionals="0" methods="5" coveredmethods="0"/>
        <line num="4" count="1" type="stmt"/>
        <line num="7" count="1" type="stmt"/>
        <line num="14" count="1" type="stmt"/>
        <line num="25" count="0" type="cond" truecount="0" falsecount="2"/>
        <line num="29" count="0" type="stmt"/>
        <line num="34" count="0" type="stmt"/>
        <line num="37" count="1" type="stmt"/>
        <line num="42" count="1" type="stmt"/>
        <line num="46" count="0" type="cond" truecount="0" falsecount="2"/>
        <line num="50" count="1" type="stmt"/>
        <line num="54" count="0" type="stmt"/>
      </file>
    </package>
    <package name="components.copy">
      <metrics statements="11" coveredstatements="0" conditionals="3" coveredconditionals="0" methods="5" coveredmethods="0"/>
      <file name="Copy.tsx" path="/home/wsdt/Schreibtisch/GitRepositories/enya/boba/packages/boba/gateway/src/components/copy/Copy.tsx">
        <metrics statements="11" coveredstatements="0" conditionals="3" coveredconditionals="0" methods="5" coveredmethods="0"/>
        <line num="24" count="0" type="cond" truecount="0" falsecount="1"/>
        <line num="25" count="0" type="stmt"/>
        <line num="27" count="0" type="stmt"/>
        <line num="28" count="0" type="stmt"/>
        <line num="29" count="0" type="stmt"/>
        <line num="32" count="0" type="stmt"/>
        <line num="33" count="0" type="cond" truecount="0" falsecount="2"/>
        <line num="34" count="0" type="stmt"/>
        <line num="35" count="0" type="stmt"/>
        <line num="40" count="0" type="stmt"/>
        <line num="41" count="0" type="stmt"/>
      </file>
    </package>
    <package name="components.counterButton">
      <metrics statements="3" coveredstatements="0" conditionals="2" coveredconditionals="0" methods="1" coveredmethods="0"/>
      <file name="CounterButton.tsx" path="/home/wsdt/Schreibtisch/GitRepositories/enya/boba/packages/boba/gateway/src/components/counterButton/CounterButton.tsx">
        <metrics statements="3" coveredstatements="0" conditionals="2" coveredconditionals="0" methods="1" coveredmethods="0"/>
        <line num="26" count="0" type="stmt"/>
        <line num="27" count="0" type="stmt"/>
        <line num="29" count="0" type="stmt"/>
      </file>
    </package>
    <package name="components.dao.LinearProgress">
      <metrics statements="6" coveredstatements="0" conditionals="0" coveredconditionals="0" methods="1" coveredmethods="0"/>
      <file name="index.tsx" path="/home/wsdt/Schreibtisch/GitRepositories/enya/boba/packages/boba/gateway/src/components/dao/LinearProgress/index.tsx">
        <metrics statements="6" coveredstatements="0" conditionals="0" coveredconditionals="0" methods="1" coveredmethods="0"/>
        <line num="5" count="0" type="stmt"/>
        <line num="6" count="0" type="stmt"/>
        <line num="7" count="0" type="stmt"/>
        <line num="8" count="0" type="stmt"/>
        <line num="9" count="0" type="stmt"/>
        <line num="11" count="0" type="stmt"/>
      </file>
    </package>
    <package name="components.dao.label">
      <metrics statements="9" coveredstatements="0" conditionals="6" coveredconditionals="0" methods="7" coveredmethods="0"/>
      <file name="index.tsx" path="/home/wsdt/Schreibtisch/GitRepositories/enya/boba/packages/boba/gateway/src/components/dao/label/index.tsx">
        <metrics statements="2" coveredstatements="0" conditionals="0" coveredconditionals="0" methods="1" coveredmethods="0"/>
        <line num="4" count="0" type="stmt"/>
        <line num="5" count="0" type="stmt"/>
      </file>
      <file name="styles.ts" path="/home/wsdt/Schreibtisch/GitRepositories/enya/boba/packages/boba/gateway/src/components/dao/label/styles.ts">
        <metrics statements="7" coveredstatements="0" conditionals="6" coveredconditionals="0" methods="6" coveredmethods="0"/>
        <line num="3" count="0" type="stmt"/>
        <line num="6" count="0" type="stmt"/>
        <line num="8" count="0" type="stmt"/>
        <line num="9" count="0" type="stmt"/>
        <line num="13" count="0" type="cond" truecount="0" falsecount="2"/>
        <line num="20" count="0" type="cond" truecount="0" falsecount="2"/>
        <line num="27" count="0" type="cond" truecount="0" falsecount="2"/>
      </file>
    </package>
    <package name="components.dao.preloader">
      <metrics statements="17" coveredstatements="0" conditionals="4" coveredconditionals="0" methods="6" coveredmethods="0"/>
      <file name="index.tsx" path="/home/wsdt/Schreibtisch/GitRepositories/enya/boba/packages/boba/gateway/src/components/dao/preloader/index.tsx">
        <metrics statements="4" coveredstatements="0" conditionals="0" coveredconditionals="0" methods="2" coveredmethods="0"/>
        <line num="11" count="0" type="stmt"/>
        <line num="12" count="0" type="stmt"/>
        <line num="14" count="0" type="stmt"/>
        <line num="17" count="0" type="stmt"/>
      </file>
      <file name="styles.tsx" path="/home/wsdt/Schreibtisch/GitRepositories/enya/boba/packages/boba/gateway/src/components/dao/preloader/styles.tsx">
        <metrics statements="13" coveredstatements="0" conditionals="4" coveredconditionals="0" methods="4" coveredmethods="0"/>
        <line num="3" count="0" type="stmt"/>
        <line num="12" count="0" type="stmt"/>
        <line num="21" count="0" type="stmt"/>
        <line num="25" count="0" type="cond" truecount="0" falsecount="2"/>
        <line num="30" count="0" type="cond" truecount="0" falsecount="2"/>
        <line num="36" count="0" type="stmt"/>
        <line num="39" count="0" type="stmt"/>
        <line num="42" count="0" type="stmt"/>
        <line num="45" count="0" type="stmt"/>
        <line num="49" count="0" type="stmt"/>
        <line num="56" count="0" type="stmt"/>
        <line num="57" count="0" type="stmt"/>
        <line num="65" count="0" type="stmt"/>
      </file>
    </package>
    <package name="components.disconnect">
      <metrics statements="3" coveredstatements="0" conditionals="0" coveredconditionals="0" methods="1" coveredmethods="0"/>
      <file name="Disconnect.tsx" path="/home/wsdt/Schreibtisch/GitRepositories/enya/boba/packages/boba/gateway/src/components/disconnect/Disconnect.tsx">
        <metrics statements="3" coveredstatements="0" conditionals="0" coveredconditionals="0" methods="1" coveredmethods="0"/>
        <line num="22" count="0" type="stmt"/>
        <line num="23" count="0" type="stmt"/>
        <line num="24" count="0" type="stmt"/>
      </file>
    </package>
    <package name="components.filter">
      <metrics statements="44" coveredstatements="26" conditionals="47" coveredconditionals="14" methods="24" coveredmethods="9"/>
      <file name="index.tsx" path="/home/wsdt/Schreibtisch/GitRepositories/enya/boba/packages/boba/gateway/src/components/filter/index.tsx">
        <metrics statements="20" coveredstatements="12" conditionals="15" coveredconditionals="6" methods="8" coveredmethods="3"/>
        <line num="32" count="1" type="stmt"/>
        <line num="41" count="1" type="stmt"/>
        <line num="42" count="1" type="stmt"/>
        <line num="44" count="1" type="stmt"/>
        <line num="45" count="0" type="stmt"/>
        <line num="48" count="1" type="stmt"/>
        <line num="49" count="0" type="cond" truecount="0" falsecount="2"/>
        <line num="50" count="0" type="stmt"/>
        <line num="51" count="0" type="stmt"/>
        <line num="54" count="1" type="stmt"/>
        <line num="56" count="1" type="stmt"/>
        <line num="57" count="1" type="stmt"/>
        <line num="58" count="0" type="cond" truecount="0" falsecount="2"/>
        <line num="62" count="0" type="stmt"/>
        <line num="66" count="1" type="stmt"/>
        <line num="67" count="1" type="stmt"/>
        <line num="69" count="1" type="stmt"/>
        <line num="73" count="1" type="stmt"/>
        <line num="87" count="0" type="stmt"/>
        <line num="91" count="0" type="stmt"/>
      </file>
      <file name="styles.ts" path="/home/wsdt/Schreibtisch/GitRepositories/enya/boba/packages/boba/gateway/src/components/filter/styles.ts">
        <metrics statements="24" coveredstatements="14" conditionals="32" coveredconditionals="8" methods="16" coveredmethods="6"/>
        <line num="5" count="1" type="stmt"/>
        <line num="13" count="1" type="cond" truecount="1" falsecount="1"/>
        <line num="18" count="1" type="cond" truecount="2" falsecount="0"/>
        <line num="24" count="1" type="stmt"/>
        <line num="32" count="1" type="cond" truecount="1" falsecount="1"/>
        <line num="46" count="1" type="cond" truecount="2" falsecount="0"/>
        <line num="61" count="1" type="cond" truecount="1" falsecount="1"/>
        <line num="66" count="1" type="cond" truecount="1" falsecount="1"/>
        <line num="80" count="1" type="stmt"/>
        <line num="93" count="1" type="stmt"/>
        <line num="96" count="0" type="stmt"/>
        <line num="103" count="0" type="cond" truecount="0" falsecount="2"/>
        <line num="112" count="1" type="stmt"/>
        <line num="117" count="0" type="cond" truecount="0" falsecount="2"/>
        <line num="122" count="0" type="cond" truecount="0" falsecount="2"/>
        <line num="127" count="1" type="stmt"/>
        <line num="141" count="1" type="stmt"/>
        <line num="155" count="0" type="stmt"/>
        <line num="157" count="0" type="cond" truecount="0" falsecount="2"/>
        <line num="164" count="0" type="cond" truecount="0" falsecount="2"/>
        <line num="171" count="1" type="stmt"/>
        <line num="202" count="0" type="stmt"/>
        <line num="205" count="0" type="cond" truecount="0" falsecount="2"/>
        <line num="212" count="0" type="cond" truecount="0" falsecount="2"/>
      </file>
    </package>
    <package name="components.global">
      <metrics statements="0" coveredstatements="0" conditionals="0" coveredconditionals="0" methods="0" coveredmethods="0"/>
      <file name="index.ts" path="/home/wsdt/Schreibtisch/GitRepositories/enya/boba/packages/boba/gateway/src/components/global/index.ts">
        <metrics statements="0" coveredstatements="0" conditionals="0" coveredconditionals="0" methods="0" coveredmethods="0"/>
      </file>
      <file name="model.ts" path="/home/wsdt/Schreibtisch/GitRepositories/enya/boba/packages/boba/gateway/src/components/global/model.ts">
        <metrics statements="0" coveredstatements="0" conditionals="0" coveredconditionals="0" methods="0" coveredmethods="0"/>
      </file>
    </package>
    <package name="components.global.IconLabel">
      <metrics statements="6" coveredstatements="3" conditionals="0" coveredconditionals="0" methods="1" coveredmethods="0"/>
      <file name="index.tsx" path="/home/wsdt/Schreibtisch/GitRepositories/enya/boba/packages/boba/gateway/src/components/global/IconLabel/index.tsx">
        <metrics statements="6" coveredstatements="3" conditionals="0" coveredconditionals="0" methods="1" coveredmethods="0"/>
        <line num="10" count="3" type="stmt"/>
        <line num="17" count="3" type="stmt"/>
        <line num="29" count="3" type="stmt"/>
        <line num="30" count="0" type="stmt"/>
        <line num="31" count="0" type="stmt"/>
        <line num="33" count="0" type="stmt"/>
      </file>
    </package>
    <package name="components.global.InputMax">
      <metrics statements="24" coveredstatements="13" conditionals="17" coveredconditionals="10" methods="8" coveredmethods="6"/>
      <file name="index.tsx" path="/home/wsdt/Schreibtisch/GitRepositories/enya/boba/packages/boba/gateway/src/components/global/InputMax/index.tsx">
        <metrics statements="16" coveredstatements="5" conditionals="9" coveredconditionals="2" methods="3" coveredmethods="1"/>
        <line num="5" count="1" type="stmt"/>
        <line num="10" count="2" type="cond" truecount="2" falsecount="0"/>
        <line num="12" count="2" type="stmt"/>
        <line num="13" count="0" type="stmt"/>
        <line num="14" count="0" type="cond" truecount="0" falsecount="2"/>
        <line num="15" count="0" type="stmt"/>
        <line num="16" count="0" type="stmt"/>
        <line num="18" count="0" type="stmt"/>
        <line num="19" count="0" type="cond" truecount="0" falsecount="5"/>
        <line num="20" count="0" type="stmt"/>
        <line num="22" count="0" type="stmt"/>
        <line num="23" count="0" type="stmt"/>
        <line num="26" count="2" type="stmt"/>
        <line num="27" count="0" type="stmt"/>
        <line num="28" count="0" type="stmt"/>
        <line num="31" count="2" type="stmt"/>
      </file>
      <file name="styles.ts" path="/home/wsdt/Schreibtisch/GitRepositories/enya/boba/packages/boba/gateway/src/components/global/InputMax/styles.ts">
        <metrics statements="8" coveredstatements="8" conditionals="8" coveredconditionals="8" methods="5" coveredmethods="5"/>
        <line num="3" count="1" type="stmt"/>
        <line num="10" count="1" type="stmt"/>
        <line num="20" count="4" type="cond" truecount="2" falsecount="0"/>
        <line num="27" count="4" type="cond" truecount="2" falsecount="0"/>
        <line num="35" count="1" type="stmt"/>
        <line num="45" count="4" type="stmt"/>
        <line num="48" count="4" type="cond" truecount="2" falsecount="0"/>
        <line num="61" count="4" type="cond" truecount="2" falsecount="0"/>
      </file>
    </package>
    <package name="components.global.addToMetamask">
      <metrics statements="9" coveredstatements="2" conditionals="2" coveredconditionals="0" methods="3" coveredmethods="0"/>
      <file name="index.tsx" path="/home/wsdt/Schreibtisch/GitRepositories/enya/boba/packages/boba/gateway/src/components/global/addToMetamask/index.tsx">
        <metrics statements="9" coveredstatements="2" conditionals="2" coveredconditionals="0" methods="3" coveredmethods="0"/>
        <line num="19" count="3" type="stmt"/>
        <line num="24" count="3" type="stmt"/>
        <line num="28" count="0" type="cond" truecount="0" falsecount="2"/>
        <line num="29" count="0" type="stmt"/>
        <line num="30" count="0" type="stmt"/>
        <line num="31" count="0" type="stmt"/>
        <line num="32" count="0" type="stmt"/>
        <line num="35" count="0" type="stmt"/>
        <line num="37" count="0" type="stmt"/>
      </file>
    </package>
    <package name="components.global.background">
      <metrics statements="24" coveredstatements="0" conditionals="10" coveredconditionals="0" methods="8" coveredmethods="0"/>
      <file name="index.tsx" path="/home/wsdt/Schreibtisch/GitRepositories/enya/boba/packages/boba/gateway/src/components/global/background/index.tsx">
        <metrics statements="5" coveredstatements="0" conditionals="2" coveredconditionals="0" methods="1" coveredmethods="0"/>
        <line num="11" count="0" type="stmt"/>
        <line num="12" count="0" type="stmt"/>
        <line num="13" count="0" type="stmt"/>
        <line num="15" count="0" type="cond" truecount="0" falsecount="2"/>
        <line num="19" count="0" type="stmt"/>
      </file>
      <file name="styles.ts" path="/home/wsdt/Schreibtisch/GitRepositories/enya/boba/packages/boba/gateway/src/components/global/background/styles.ts">
        <metrics statements="19" coveredstatements="0" conditionals="8" coveredconditionals="0" methods="7" coveredmethods="0"/>
        <line num="3" count="0" type="stmt"/>
        <line num="5" count="0" type="stmt"/>
        <line num="6" count="0" type="cond" truecount="0" falsecount="2"/>
        <line num="7" count="0" type="stmt"/>
        <line num="9" count="0" type="stmt"/>
        <line num="13" count="0" type="stmt"/>
        <line num="14" count="0" type="cond" truecount="0" falsecount="2"/>
        <line num="15" count="0" type="stmt"/>
        <line num="17" count="0" type="stmt"/>
        <line num="21" count="0" type="stmt"/>
        <line num="30" count="0" type="stmt"/>
        <line num="36" count="0" type="cond" truecount="0" falsecount="2"/>
        <line num="39" count="0" type="stmt"/>
        <line num="50" count="0" type="stmt"/>
        <line num="54" count="0" type="cond" truecount="0" falsecount="2"/>
        <line num="60" count="0" type="stmt"/>
        <line num="69" count="0" type="stmt"/>
        <line num="74" count="0" type="stmt"/>
        <line num="79" count="0" type="stmt"/>
      </file>
    </package>
    <package name="components.global.button">
      <metrics statements="15" coveredstatements="15" conditionals="24" coveredconditionals="22" methods="12" coveredmethods="11"/>
      <file name="index.tsx" path="/home/wsdt/Schreibtisch/GitRepositories/enya/boba/packages/boba/gateway/src/components/global/button/index.tsx">
        <metrics statements="2" coveredstatements="2" conditionals="10" coveredconditionals="10" methods="2" coveredmethods="1"/>
        <line num="5" count="5" type="stmt"/>
        <line num="17" count="9" type="stmt"/>
      </file>
      <file name="styles.ts" path="/home/wsdt/Schreibtisch/GitRepositories/enya/boba/packages/boba/gateway/src/components/global/button/styles.ts">
        <metrics statements="13" coveredstatements="13" conditionals="14" coveredconditionals="12" methods="10" coveredmethods="10"/>
        <line num="3" count="5" type="stmt"/>
        <line num="5" count="192" type="stmt"/>
        <line num="19" count="16" type="stmt"/>
        <line num="23" count="16" type="stmt"/>
        <line num="29" count="16" type="cond" truecount="1" falsecount="1"/>
        <line num="38" count="16" type="cond" truecount="2" falsecount="0"/>
        <line num="45" count="16" type="cond" truecount="2" falsecount="0"/>
        <line num="52" count="16" type="cond" truecount="2" falsecount="0"/>
        <line num="59" count="16" type="cond" truecount="2" falsecount="0"/>
        <line num="66" count="16" type="cond" truecount="2" falsecount="0"/>
        <line num="79" count="16" type="cond" truecount="1" falsecount="1"/>
        <line num="104" count="5" type="stmt"/>
        <line num="108" count="5" type="stmt"/>
      </file>
    </package>
    <package name="components.global.checkbox">
      <metrics statements="17" coveredstatements="0" conditionals="11" coveredconditionals="0" methods="8" coveredmethods="0"/>
      <file name="index.tsx" path="/home/wsdt/Schreibtisch/GitRepositories/enya/boba/packages/boba/gateway/src/components/global/checkbox/index.tsx">
        <metrics statements="9" coveredstatements="0" conditionals="3" coveredconditionals="0" methods="3" coveredmethods="0"/>
        <line num="9" count="0" type="stmt"/>
        <line num="14" count="0" type="stmt"/>
        <line num="16" count="0" type="stmt"/>
        <line num="17" count="0" type="stmt"/>
        <line num="18" count="0" type="stmt"/>
        <line num="19" count="0" type="stmt"/>
        <line num="22" count="0" type="stmt"/>
        <line num="23" count="0" type="stmt"/>
        <line num="26" count="0" type="stmt"/>
      </file>
      <file name="styles.ts" path="/home/wsdt/Schreibtisch/GitRepositories/enya/boba/packages/boba/gateway/src/components/global/checkbox/styles.ts">
        <metrics statements="8" coveredstatements="0" conditionals="8" coveredconditionals="0" methods="5" coveredmethods="0"/>
        <line num="4" count="0" type="stmt"/>
        <line num="10" count="0" type="stmt"/>
        <line num="28" count="0" type="stmt"/>
        <line num="31" count="0" type="cond" truecount="0" falsecount="2"/>
        <line num="39" count="0" type="stmt"/>
        <line num="48" count="0" type="cond" truecount="0" falsecount="2"/>
        <line num="56" count="0" type="cond" truecount="0" falsecount="2"/>
        <line num="67" count="0" type="cond" truecount="0" falsecount="2"/>
      </file>
    </package>
    <package name="components.global.containers">
      <metrics statements="6" coveredstatements="5" conditionals="0" coveredconditionals="0" methods="2" coveredmethods="1"/>
      <file name="index.tsx" path="/home/wsdt/Schreibtisch/GitRepositories/enya/boba/packages/boba/gateway/src/components/global/containers/index.tsx">
        <metrics statements="6" coveredstatements="5" conditionals="0" coveredconditionals="0" methods="2" coveredmethods="1"/>
        <line num="4" count="3" type="stmt"/>
        <line num="12" count="3" type="stmt"/>
        <line num="25" count="3" type="stmt"/>
        <line num="30" count="7" type="stmt"/>
        <line num="37" count="3" type="stmt"/>
        <line num="42" count="0" type="stmt"/>
      </file>
    </package>
    <package name="components.global.dropdown">
      <metrics statements="65" coveredstatements="47" conditionals="76" coveredconditionals="26" methods="28" coveredmethods="16"/>
      <file name="index.tsx" path="/home/wsdt/Schreibtisch/GitRepositories/enya/boba/packages/boba/gateway/src/components/global/dropdown/index.tsx">
        <metrics statements="37" coveredstatements="26" conditionals="44" coveredconditionals="14" methods="11" coveredmethods="6"/>
        <line num="43" count="1" type="stmt"/>
        <line num="52" count="2" type="cond" truecount="1" falsecount="1"/>
        <line num="53" count="2" type="stmt"/>
        <line num="54" count="2" type="stmt"/>
        <line num="55" count="14" type="cond" truecount="4" falsecount="0"/>
        <line num="56" count="2" type="stmt"/>
        <line num="58" count="12" type="stmt"/>
        <line num="61" count="2" type="stmt"/>
        <line num="62" count="2" type="stmt"/>
        <line num="63" count="4" type="stmt"/>
        <line num="67" count="4" type="stmt"/>
        <line num="71" count="28" type="stmt"/>
        <line num="75" count="2" type="stmt"/>
        <line num="78" count="2" type="stmt"/>
        <line num="79" count="2" type="stmt"/>
        <line num="81" count="2" type="stmt"/>
        <line num="82" count="0" type="stmt"/>
        <line num="85" count="2" type="stmt"/>
        <line num="86" count="0" type="cond" truecount="0" falsecount="2"/>
        <line num="87" count="0" type="stmt"/>
        <line num="88" count="0" type="stmt"/>
        <line num="91" count="2" type="stmt"/>
        <line num="93" count="2" type="stmt"/>
        <line num="94" count="2" type="stmt"/>
        <line num="95" count="0" type="cond" truecount="0" falsecount="2"/>
        <line num="99" count="0" type="stmt"/>
        <line num="103" count="2" type="stmt"/>
        <line num="104" count="2" type="stmt"/>
        <line num="106" count="2" type="stmt"/>
        <line num="110" count="2" type="stmt"/>
        <line num="111" count="2" type="stmt"/>
        <line num="114" count="2" type="stmt"/>
        <line num="150" count="0" type="cond" truecount="0" falsecount="2"/>
        <line num="151" count="0" type="stmt"/>
        <line num="167" count="0" type="stmt"/>
        <line num="173" count="0" type="cond" truecount="0" falsecount="2"/>
        <line num="174" count="0" type="stmt"/>
      </file>
      <file name="styles.ts" path="/home/wsdt/Schreibtisch/GitRepositories/enya/boba/packages/boba/gateway/src/components/global/dropdown/styles.ts">
        <metrics statements="28" coveredstatements="21" conditionals="32" coveredconditionals="12" methods="17" coveredmethods="10"/>
        <line num="4" count="1" type="stmt"/>
        <line num="12" count="2" type="cond" truecount="1" falsecount="1"/>
        <line num="17" count="2" type="cond" truecount="2" falsecount="0"/>
        <line num="23" count="1" type="stmt"/>
        <line num="33" count="2" type="cond" truecount="1" falsecount="1"/>
        <line num="53" count="2" type="cond" truecount="2" falsecount="0"/>
        <line num="71" count="2" type="cond" truecount="1" falsecount="2"/>
        <line num="82" count="2" type="cond" truecount="1" falsecount="2"/>
        <line num="94" count="1" type="stmt"/>
        <line num="102" count="1" type="stmt"/>
        <line num="105" count="0" type="stmt"/>
        <line num="112" count="1" type="stmt"/>
        <line num="117" count="2" type="stmt"/>
        <line num="123" count="2" type="cond" truecount="1" falsecount="1"/>
        <line num="129" count="1" type="stmt"/>
        <line num="134" count="0" type="cond" truecount="0" falsecount="2"/>
        <line num="139" count="0" type="cond" truecount="0" falsecount="2"/>
        <line num="144" count="1" type="stmt"/>
        <line num="152" count="1" type="stmt"/>
        <line num="166" count="0" type="cond" truecount="0" falsecount="2"/>
        <line num="172" count="0" type="cond" truecount="0" falsecount="2"/>
        <line num="178" count="1" type="stmt"/>
        <line num="210" count="0" type="cond" truecount="0" falsecount="2"/>
        <line num="218" count="0" type="cond" truecount="0" falsecount="2"/>
        <line num="230" count="1" type="stmt"/>
        <line num="233" count="2" type="cond" truecount="2" falsecount="0"/>
        <line num="238" count="2" type="cond" truecount="1" falsecount="1"/>
        <line num="244" count="1" type="stmt"/>
      </file>
    </package>
    <package name="components.global.heading">
      <metrics statements="2" coveredstatements="2" conditionals="0" coveredconditionals="0" methods="1" coveredmethods="1"/>
      <file name="index.tsx" path="/home/wsdt/Schreibtisch/GitRepositories/enya/boba/packages/boba/gateway/src/components/global/heading/index.tsx">
        <metrics statements="2" coveredstatements="2" conditionals="0" coveredconditionals="0" methods="1" coveredmethods="1"/>
        <line num="13" count="5" type="stmt"/>
        <line num="14" count="7" type="stmt"/>
      </file>
    </package>
    <package name="components.global.inputWithButton">
      <metrics statements="11" coveredstatements="0" conditionals="12" coveredconditionals="0" methods="7" coveredmethods="0"/>
      <file name="index.tsx" path="/home/wsdt/Schreibtisch/GitRepositories/enya/boba/packages/boba/gateway/src/components/global/inputWithButton/index.tsx">
        <metrics statements="2" coveredstatements="0" conditionals="4" coveredconditionals="0" methods="1" coveredmethods="0"/>
        <line num="16" count="0" type="stmt"/>
        <line num="27" count="0" type="stmt"/>
      </file>
      <file name="styles.ts" path="/home/wsdt/Schreibtisch/GitRepositories/enya/boba/packages/boba/gateway/src/components/global/inputWithButton/styles.ts">
        <metrics statements="9" coveredstatements="0" conditionals="8" coveredconditionals="0" methods="6" coveredmethods="0"/>
        <line num="4" count="0" type="stmt"/>
        <line num="14" count="0" type="cond" truecount="0" falsecount="2"/>
        <line num="15" count="0" type="stmt"/>
        <line num="22" count="0" type="stmt"/>
        <line num="25" count="0" type="cond" truecount="0" falsecount="2"/>
        <line num="26" count="0" type="stmt"/>
        <line num="37" count="0" type="stmt"/>
        <line num="38" count="0" type="cond" truecount="0" falsecount="2"/>
        <line num="47" count="0" type="cond" truecount="0" falsecount="2"/>
      </file>
    </package>
    <package name="components.global.label">
      <metrics statements="4" coveredstatements="2" conditionals="2" coveredconditionals="0" methods="1" coveredmethods="0"/>
      <file name="index.tsx" path="/home/wsdt/Schreibtisch/GitRepositories/enya/boba/packages/boba/gateway/src/components/global/label/index.tsx">
        <metrics statements="4" coveredstatements="2" conditionals="2" coveredconditionals="0" methods="1" coveredmethods="0"/>
        <line num="4" count="3" type="stmt"/>
        <line num="20" count="3" type="stmt"/>
        <line num="21" count="0" type="cond" truecount="0" falsecount="2"/>
        <line num="22" count="0" type="stmt"/>
      </file>
    </package>
    <package name="components.global.menu">
      <metrics statements="12" coveredstatements="2" conditionals="6" coveredconditionals="0" methods="6" coveredmethods="0"/>
      <file name="index.tsx" path="/home/wsdt/Schreibtisch/GitRepositories/enya/boba/packages/boba/gateway/src/components/global/menu/index.tsx">
        <metrics statements="9" coveredstatements="1" conditionals="2" coveredconditionals="0" methods="4" coveredmethods="0"/>
        <line num="7" count="1" type="stmt"/>
        <line num="8" count="0" type="stmt"/>
        <line num="9" count="0" type="stmt"/>
        <line num="10" count="0" type="stmt"/>
        <line num="11" count="0" type="stmt"/>
        <line num="13" count="0" type="stmt"/>
        <line num="14" count="0" type="stmt"/>
        <line num="17" count="0" type="stmt"/>
        <line num="32" count="0" type="stmt"/>
      </file>
      <file name="styles.ts" path="/home/wsdt/Schreibtisch/GitRepositories/enya/boba/packages/boba/gateway/src/components/global/menu/styles.ts">
        <metrics statements="3" coveredstatements="1" conditionals="4" coveredconditionals="0" methods="2" coveredmethods="0"/>
        <line num="3" count="1" type="stmt"/>
        <line num="11" count="0" type="cond" truecount="0" falsecount="2"/>
        <line num="16" count="0" type="cond" truecount="0" falsecount="2"/>
      </file>
    </package>
    <package name="components.global.modalTypography">
      <metrics statements="3" coveredstatements="3" conditionals="4" coveredconditionals="3" methods="2" coveredmethods="2"/>
      <file name="index.tsx" path="/home/wsdt/Schreibtisch/GitRepositories/enya/boba/packages/boba/gateway/src/components/global/modalTypography/index.tsx">
        <metrics statements="3" coveredstatements="3" conditionals="4" coveredconditionals="3" methods="2" coveredmethods="2"/>
        <line num="4" count="3" type="stmt"/>
        <line num="8" count="6" type="cond" truecount="1" falsecount="1"/>
        <line num="14" count="6" type="cond" truecount="2" falsecount="0"/>
      </file>
    </package>
    <package name="components.global.placeholderConnect">
      <metrics statements="12" coveredstatements="11" conditionals="11" coveredconditionals="6" methods="3" coveredmethods="2"/>
      <file name="index.tsx" path="/home/wsdt/Schreibtisch/GitRepositories/enya/boba/packages/boba/gateway/src/components/global/placeholderConnect/index.tsx">
        <metrics statements="10" coveredstatements="9" conditionals="11" coveredconditionals="6" methods="3" coveredmethods="2"/>
        <line num="15" count="1" type="stmt"/>
        <line num="19" count="2" type="stmt"/>
        <line num="20" count="2" type="stmt"/>
        <line num="22" count="2" type="stmt"/>
        <line num="23" count="2" type="stmt"/>
        <line num="25" count="2" type="stmt"/>
        <line num="26" count="0" type="cond" truecount="0" falsecount="2"/>
        <line num="29" count="2" type="stmt"/>
        <line num="30" count="2" type="stmt"/>
        <line num="38" count="2" type="stmt"/>
      </file>
      <file name="styles.ts" path="/home/wsdt/Schreibtisch/GitRepositories/enya/boba/packages/boba/gateway/src/components/global/placeholderConnect/styles.ts">
        <metrics statements="2" coveredstatements="2" conditionals="0" coveredconditionals="0" methods="0" coveredmethods="0"/>
        <line num="4" count="1" type="stmt"/>
        <line num="15" count="1" type="stmt"/>
      </file>
    </package>
    <package name="components.global.searchInput">
      <metrics statements="8" coveredstatements="8" conditionals="8" coveredconditionals="6" methods="5" coveredmethods="5"/>
      <file name="index.tsx" path="/home/wsdt/Schreibtisch/GitRepositories/enya/boba/packages/boba/gateway/src/components/global/searchInput/index.tsx">
        <metrics statements="2" coveredstatements="2" conditionals="0" coveredconditionals="0" methods="1" coveredmethods="1"/>
        <line num="12" count="1" type="stmt"/>
        <line num="13" count="1" type="stmt"/>
      </file>
      <file name="styles.ts" path="/home/wsdt/Schreibtisch/GitRepositories/enya/boba/packages/boba/gateway/src/components/global/searchInput/styles.ts">
        <metrics statements="6" coveredstatements="6" conditionals="8" coveredconditionals="6" methods="4" coveredmethods="4"/>
        <line num="4" count="1" type="stmt"/>
        <line num="11" count="1" type="cond" truecount="1" falsecount="1"/>
        <line num="22" count="1" type="cond" truecount="2" falsecount="0"/>
        <line num="51" count="1" type="stmt"/>
        <line num="62" count="1" type="cond" truecount="1" falsecount="1"/>
        <line num="67" count="1" type="cond" truecount="2" falsecount="0"/>
      </file>
    </package>
    <package name="components.global.svg">
      <metrics statements="4" coveredstatements="2" conditionals="2" coveredconditionals="2" methods="2" coveredmethods="1"/>
      <file name="index.tsx" path="/home/wsdt/Schreibtisch/GitRepositories/enya/boba/packages/boba/gateway/src/components/global/svg/index.tsx">
        <metrics statements="4" coveredstatements="2" conditionals="2" coveredconditionals="2" methods="2" coveredmethods="1"/>
        <line num="5" count="5" type="stmt"/>
        <line num="13" count="23" type="stmt"/>
        <line num="18" count="0" type="stmt"/>
        <line num="19" count="0" type="stmt"/>
      </file>
    </package>
    <package name="components.global.switch">
      <metrics statements="23" coveredstatements="21" conditionals="8" coveredconditionals="5" methods="13" coveredmethods="12"/>
      <file name="index.tsx" path="/home/wsdt/Schreibtisch/GitRepositories/enya/boba/packages/boba/gateway/src/components/global/switch/index.tsx">
        <metrics statements="11" coveredstatements="9" conditionals="6" coveredconditionals="3" methods="4" coveredmethods="3"/>
        <line num="5" count="4" type="stmt"/>
        <line num="10" count="4" type="stmt"/>
        <line num="12" count="4" type="stmt"/>
        <line num="13" count="4" type="stmt"/>
        <line num="16" count="4" type="stmt"/>
        <line num="17" count="4" type="cond" truecount="1" falsecount="1"/>
        <line num="18" count="4" type="stmt"/>
        <line num="22" count="4" type="stmt"/>
        <line num="23" count="0" type="cond" truecount="0" falsecount="2"/>
        <line num="24" count="0" type="stmt"/>
        <line num="28" count="4" type="stmt"/>
      </file>
      <file name="styles.ts" path="/home/wsdt/Schreibtisch/GitRepositories/enya/boba/packages/boba/gateway/src/components/global/switch/styles.ts">
        <metrics statements="12" coveredstatements="12" conditionals="2" coveredconditionals="2" methods="9" coveredmethods="9"/>
        <line num="3" count="4" type="stmt"/>
        <line num="13" count="8" type="cond" truecount="2" falsecount="0"/>
        <line num="29" count="8" type="stmt"/>
        <line num="35" count="4" type="stmt"/>
        <line num="43" count="8" type="stmt"/>
        <line num="44" count="8" type="stmt"/>
        <line num="54" count="8" type="stmt"/>
        <line num="55" count="8" type="stmt"/>
        <line num="60" count="8" type="stmt"/>
        <line num="63" count="8" type="stmt"/>
        <line num="64" count="8" type="stmt"/>
        <line num="74" count="4" type="stmt"/>
      </file>
    </package>
    <package name="components.global.tabHeader">
      <metrics statements="16" coveredstatements="0" conditionals="6" coveredconditionals="0" methods="9" coveredmethods="0"/>
      <file name="index.tsx" path="/home/wsdt/Schreibtisch/GitRepositories/enya/boba/packages/boba/gateway/src/components/global/tabHeader/index.tsx">
        <metrics statements="9" coveredstatements="0" conditionals="2" coveredconditionals="0" methods="4" coveredmethods="0"/>
        <line num="6" count="0" type="stmt"/>
        <line num="7" count="0" type="stmt"/>
        <line num="9" count="0" type="stmt"/>
        <line num="10" count="0" type="stmt"/>
        <line num="11" count="0" type="stmt"/>
        <line num="14" count="0" type="stmt"/>
        <line num="17" count="0" type="stmt"/>
        <line num="18" count="0" type="stmt"/>
        <line num="22" count="0" type="stmt"/>
      </file>
      <file name="styles.tsx" path="/home/wsdt/Schreibtisch/GitRepositories/enya/boba/packages/boba/gateway/src/components/global/tabHeader/styles.tsx">
        <metrics statements="7" coveredstatements="0" conditionals="4" coveredconditionals="0" methods="5" coveredmethods="0"/>
        <line num="4" count="0" type="stmt"/>
        <line num="14" count="0" type="stmt"/>
        <line num="18" count="0" type="stmt"/>
        <line num="24" count="0" type="cond" truecount="0" falsecount="2"/>
        <line num="34" count="0" type="cond" truecount="0" falsecount="2"/>
        <line num="36" count="0" type="stmt"/>
        <line num="38" count="0" type="stmt"/>
      </file>
    </package>
    <package name="components.global.table">
      <metrics statements="19" coveredstatements="13" conditionals="16" coveredconditionals="6" methods="11" coveredmethods="6"/>
      <file name="index.tsx" path="/home/wsdt/Schreibtisch/GitRepositories/enya/boba/packages/boba/gateway/src/components/global/table/index.tsx">
        <metrics statements="8" coveredstatements="4" conditionals="6" coveredconditionals="1" methods="5" coveredmethods="2"/>
        <line num="20" count="3" type="stmt"/>
        <line num="21" count="1" type="stmt"/>
        <line num="24" count="6" type="stmt"/>
        <line num="54" count="3" type="stmt"/>
        <line num="59" count="0" type="stmt"/>
        <line num="61" count="0" type="cond" truecount="0" falsecount="4"/>
        <line num="62" count="0" type="stmt"/>
        <line num="65" count="0" type="stmt"/>
      </file>
      <file name="styles.ts" path="/home/wsdt/Schreibtisch/GitRepositories/enya/boba/packages/boba/gateway/src/components/global/table/styles.ts">
        <metrics statements="5" coveredstatements="5" conditionals="4" coveredconditionals="2" methods="2" coveredmethods="2"/>
        <line num="5" count="3" type="stmt"/>
        <line num="11" count="1" type="cond" truecount="1" falsecount="1"/>
        <line num="14" count="1" type="cond" truecount="1" falsecount="1"/>
        <line num="47" count="3" type="stmt"/>
        <line num="51" count="3" type="stmt"/>
      </file>
      <file name="themes.ts" path="/home/wsdt/Schreibtisch/GitRepositories/enya/boba/packages/boba/gateway/src/components/global/table/themes.ts">
        <metrics statements="6" coveredstatements="4" conditionals="6" coveredconditionals="3" methods="4" coveredmethods="2"/>
        <line num="6" count="1" type="stmt"/>
        <line num="15" count="1" type="cond" truecount="1" falsecount="1"/>
        <line num="21" count="1" type="cond" truecount="2" falsecount="0"/>
        <line num="44" count="1" type="stmt"/>
        <line num="50" count="0" type="stmt"/>
        <line num="53" count="0" type="cond" truecount="0" falsecount="2"/>
      </file>
    </package>
    <package name="components.global.tabs">
      <metrics statements="11" coveredstatements="0" conditionals="4" coveredconditionals="0" methods="6" coveredmethods="0"/>
      <file name="index.tsx" path="/home/wsdt/Schreibtisch/GitRepositories/enya/boba/packages/boba/gateway/src/components/global/tabs/index.tsx">
        <metrics statements="5" coveredstatements="0" conditionals="2" coveredconditionals="0" methods="3" coveredmethods="0"/>
        <line num="5" count="0" type="stmt"/>
        <line num="6" count="0" type="stmt"/>
        <line num="8" count="0" type="stmt"/>
        <line num="12" count="0" type="stmt"/>
        <line num="14" count="0" type="stmt"/>
      </file>
      <file name="styles.ts" path="/home/wsdt/Schreibtisch/GitRepositories/enya/boba/packages/boba/gateway/src/components/global/tabs/styles.ts">
        <metrics statements="6" coveredstatements="0" conditionals="2" coveredconditionals="0" methods="3" coveredmethods="0"/>
        <line num="3" count="0" type="stmt"/>
        <line num="6" count="0" type="stmt"/>
        <line num="11" count="0" type="stmt"/>
        <line num="18" count="0" type="stmt"/>
        <line num="27" count="0" type="stmt"/>
        <line num="30" count="0" type="cond" truecount="0" falsecount="2"/>
      </file>
    </package>
    <package name="components.global.text">
      <metrics statements="2" coveredstatements="2" conditionals="0" coveredconditionals="0" methods="0" coveredmethods="0"/>
      <file name="index.tsx" path="/home/wsdt/Schreibtisch/GitRepositories/enya/boba/packages/boba/gateway/src/components/global/text/index.tsx">
        <metrics statements="2" coveredstatements="2" conditionals="0" coveredconditionals="0" methods="0" coveredmethods="0"/>
        <line num="3" count="4" type="stmt"/>
        <line num="10" count="4" type="stmt"/>
      </file>
    </package>
    <package name="components.global.typography">
      <metrics statements="2" coveredstatements="2" conditionals="1" coveredconditionals="1" methods="1" coveredmethods="1"/>
      <file name="index.tsx" path="/home/wsdt/Schreibtisch/GitRepositories/enya/boba/packages/boba/gateway/src/components/global/typography/index.tsx">
        <metrics statements="2" coveredstatements="2" conditionals="1" coveredconditionals="1" methods="1" coveredmethods="1"/>
        <line num="14" count="6" type="stmt"/>
        <line num="20" count="22" type="stmt"/>
      </file>
    </package>
    <package name="components.layout">
      <metrics statements="0" coveredstatements="0" conditionals="0" coveredconditionals="0" methods="0" coveredmethods="0"/>
      <file name="index.ts" path="/home/wsdt/Schreibtisch/GitRepositories/enya/boba/packages/boba/gateway/src/components/layout/index.ts">
        <metrics statements="0" coveredstatements="0" conditionals="0" coveredconditionals="0" methods="0" coveredmethods="0"/>
      </file>
    </package>
    <package name="components.layout.Footer">
      <metrics statements="2" coveredstatements="0" conditionals="0" coveredconditionals="0" methods="1" coveredmethods="0"/>
      <file name="index.tsx" path="/home/wsdt/Schreibtisch/GitRepositories/enya/boba/packages/boba/gateway/src/components/layout/Footer/index.tsx">
        <metrics statements="2" coveredstatements="0" conditionals="0" coveredconditionals="0" methods="1" coveredmethods="0"/>
        <line num="8" count="0" type="stmt"/>
        <line num="9" count="0" type="stmt"/>
      </file>
    </package>
    <package name="components.layout.Footer.FooterLinks">
      <metrics statements="14" coveredstatements="0" conditionals="8" coveredconditionals="0" methods="4" coveredmethods="0"/>
      <file name="constant.ts" path="/home/wsdt/Schreibtisch/GitRepositories/enya/boba/packages/boba/gateway/src/components/layout/Footer/FooterLinks/constant.ts">
        <metrics statements="2" coveredstatements="0" conditionals="0" coveredconditionals="0" methods="0" coveredmethods="0"/>
        <line num="9" count="0" type="stmt"/>
        <line num="26" count="0" type="stmt"/>
      </file>
      <file name="index.tsx" path="/home/wsdt/Schreibtisch/GitRepositories/enya/boba/packages/boba/gateway/src/components/layout/Footer/FooterLinks/index.tsx">
        <metrics statements="12" coveredstatements="0" conditionals="8" coveredconditionals="0" methods="4" coveredmethods="0"/>
        <line num="8" count="0" type="stmt"/>
        <line num="9" count="0" type="stmt"/>
        <line num="10" count="0" type="stmt"/>
        <line num="11" count="0" type="stmt"/>
        <line num="13" count="0" type="stmt"/>
        <line num="14" count="0" type="cond" truecount="0" falsecount="2"/>
        <line num="15" count="0" type="stmt"/>
        <line num="19" count="0" type="stmt"/>
        <line num="23" count="0" type="cond" truecount="0" falsecount="2"/>
        <line num="24" count="0" type="stmt"/>
        <line num="30" count="0" type="stmt"/>
        <line num="53" count="0" type="stmt"/>
      </file>
    </package>
    <package name="components.layout.Footer.GasWatcher">
      <metrics statements="6" coveredstatements="0" conditionals="4" coveredconditionals="0" methods="1" coveredmethods="0"/>
      <file name="index.tsx" path="/home/wsdt/Schreibtisch/GitRepositories/enya/boba/packages/boba/gateway/src/components/layout/Footer/GasWatcher/index.tsx">
        <metrics statements="6" coveredstatements="0" conditionals="4" coveredconditionals="0" methods="1" coveredmethods="0"/>
        <line num="12" count="0" type="stmt"/>
        <line num="13" count="0" type="stmt"/>
        <line num="14" count="0" type="stmt"/>
        <line num="16" count="0" type="cond" truecount="0" falsecount="2"/>
        <line num="17" count="0" type="stmt"/>
        <line num="20" count="0" type="stmt"/>
      </file>
    </package>
    <package name="components.layout.Footer.SocialLinks">
      <metrics statements="2" coveredstatements="0" conditionals="0" coveredconditionals="0" methods="1" coveredmethods="0"/>
      <file name="index.tsx" path="/home/wsdt/Schreibtisch/GitRepositories/enya/boba/packages/boba/gateway/src/components/layout/Footer/SocialLinks/index.tsx">
        <metrics statements="2" coveredstatements="0" conditionals="0" coveredconditionals="0" methods="1" coveredmethods="0"/>
        <line num="15" count="0" type="stmt"/>
        <line num="16" count="0" type="stmt"/>
      </file>
    </package>
    <package name="components.layout.Footer.SocialLinks.icons">
      <metrics statements="8" coveredstatements="0" conditionals="0" coveredconditionals="0" methods="4" coveredmethods="0"/>
      <file name="discord.tsx" path="/home/wsdt/Schreibtisch/GitRepositories/enya/boba/packages/boba/gateway/src/components/layout/Footer/SocialLinks/icons/discord.tsx">
        <metrics statements="2" coveredstatements="0" conditionals="0" coveredconditionals="0" methods="1" coveredmethods="0"/>
        <line num="5" count="0" type="stmt"/>
        <line num="6" count="0" type="stmt"/>
      </file>
      <file name="docs.tsx" path="/home/wsdt/Schreibtisch/GitRepositories/enya/boba/packages/boba/gateway/src/components/layout/Footer/SocialLinks/icons/docs.tsx">
        <metrics statements="2" coveredstatements="0" conditionals="0" coveredconditionals="0" methods="1" coveredmethods="0"/>
        <line num="5" count="0" type="stmt"/>
        <line num="6" count="0" type="stmt"/>
      </file>
      <file name="telegram.tsx" path="/home/wsdt/Schreibtisch/GitRepositories/enya/boba/packages/boba/gateway/src/components/layout/Footer/SocialLinks/icons/telegram.tsx">
        <metrics statements="2" coveredstatements="0" conditionals="0" coveredconditionals="0" methods="1" coveredmethods="0"/>
        <line num="5" count="0" type="stmt"/>
        <line num="6" count="0" type="stmt"/>
      </file>
      <file name="mainnetFaucet.tsx" path="/home/wsdt/Schreibtisch/GitRepositories/enya/boba/packages/boba/gateway/src/components/layout/Footer/SocialLinks/icons/mainnetFaucet.tsx">
        <metrics statements="2" coveredstatements="0" conditionals="0" coveredconditionals="0" methods="1" coveredmethods="0"/>
        <line num="5" count="0" type="stmt"/>
        <line num="6" count="0" type="stmt"/>
      </file>
    </package>
    <package name="components.layout.Header">
      <metrics statements="20" coveredstatements="17" conditionals="12" coveredconditionals="6" methods="9" coveredmethods="6"/>
      <file name="index.tsx" path="/home/wsdt/Schreibtisch/GitRepositories/enya/boba/packages/boba/gateway/src/components/layout/Header/index.tsx">
        <metrics statements="10" coveredstatements="7" conditionals="4" coveredconditionals="1" methods="4" coveredmethods="1"/>
        <line num="22" count="1" type="stmt"/>
        <line num="23" count="2" type="stmt"/>
        <line num="24" count="2" type="stmt"/>
        <line num="25" count="2" type="stmt"/>
        <line num="26" count="2" type="stmt"/>
        <line num="28" count="2" type="stmt"/>
        <line num="29" count="0" type="stmt"/>
        <line num="32" count="2" type="stmt"/>
        <line num="36" count="0" type="stmt"/>
        <line num="53" count="0" type="stmt"/>
      </file>
      <file name="styles.ts" path="/home/wsdt/Schreibtisch/GitRepositories/enya/boba/packages/boba/gateway/src/components/layout/Header/styles.ts">
        <metrics statements="10" coveredstatements="10" conditionals="8" coveredconditionals="5" methods="5" coveredmethods="5"/>
        <line num="7" count="1" type="stmt"/>
        <line num="17" count="2" type="cond" truecount="1" falsecount="1"/>
        <line num="22" count="2" type="cond" truecount="2" falsecount="0"/>
        <line num="32" count="1" type="stmt"/>
        <line num="36" count="2" type="stmt"/>
        <line num="46" count="1" type="stmt"/>
        <line num="57" count="1" type="stmt"/>
        <line num="65" count="1" type="stmt"/>
        <line num="70" count="2" type="cond" truecount="1" falsecount="1"/>
        <line num="72" count="2" type="cond" truecount="1" falsecount="1"/>
      </file>
    </package>
    <package name="components.layout.Header.NavDrawer">
      <metrics statements="46" coveredstatements="30" conditionals="24" coveredconditionals="2" methods="16" coveredmethods="2"/>
      <file name="index.tsx" path="/home/wsdt/Schreibtisch/GitRepositories/enya/boba/packages/boba/gateway/src/components/layout/Header/NavDrawer/index.tsx">
        <metrics statements="19" coveredstatements="12" conditionals="10" coveredconditionals="2" methods="7" coveredmethods="2"/>
        <line num="45" count="1" type="stmt"/>
        <line num="53" count="1" type="stmt"/>
        <line num="54" count="2" type="stmt"/>
        <line num="55" count="2" type="stmt"/>
        <line num="56" count="2" type="stmt"/>
        <line num="57" count="2" type="stmt"/>
        <line num="58" count="2" type="stmt"/>
        <line num="60" count="2" type="stmt"/>
        <line num="61" count="2" type="stmt"/>
        <line num="62" count="2" type="stmt"/>
        <line num="64" count="2" type="stmt"/>
        <line num="78" count="0" type="stmt"/>
        <line num="91" count="0" type="stmt"/>
        <line num="104" count="0" type="cond" truecount="0" falsecount="2"/>
        <line num="105" count="0" type="stmt"/>
        <line num="107" count="0" type="stmt"/>
        <line num="116" count="10" type="stmt"/>
        <line num="132" count="0" type="stmt"/>
        <line num="138" count="0" type="stmt"/>
      </file>
      <file name="styles.ts" path="/home/wsdt/Schreibtisch/GitRepositories/enya/boba/packages/boba/gateway/src/components/layout/Header/NavDrawer/styles.ts">
        <metrics statements="27" coveredstatements="18" conditionals="14" coveredconditionals="0" methods="9" coveredmethods="0"/>
        <line num="6" count="1" type="stmt"/>
        <line num="11" count="1" type="stmt"/>
        <line num="14" count="0" type="cond" truecount="0" falsecount="2"/>
        <line num="17" count="1" type="stmt"/>
        <line num="24" count="1" type="stmt"/>
        <line num="29" count="0" type="cond" truecount="0" falsecount="2"/>
        <line num="42" count="1" type="stmt"/>
        <line num="46" count="0" type="stmt"/>
        <line num="49" count="1" type="stmt"/>
        <line num="55" count="1" type="stmt"/>
        <line num="62" count="1" type="stmt"/>
        <line num="69" count="1" type="stmt"/>
        <line num="88" count="1" type="stmt"/>
        <line num="94" count="0" type="cond" truecount="0" falsecount="2"/>
        <line num="98" count="1" type="stmt"/>
        <line num="108" count="0" type="cond" truecount="0" falsecount="2"/>
        <line num="119" count="0" type="cond" truecount="0" falsecount="2"/>
        <line num="125" count="1" type="stmt"/>
        <line num="131" count="1" type="stmt"/>
        <line num="142" count="0" type="cond" truecount="0" falsecount="2"/>
        <line num="148" count="0" type="cond" truecount="0" falsecount="2"/>
        <line num="156" count="1" type="stmt"/>
        <line num="159" count="0" type="stmt"/>
        <line num="162" count="1" type="stmt"/>
        <line num="183" count="1" type="stmt"/>
        <line num="193" count="1" type="stmt"/>
        <line num="201" count="1" type="stmt"/>
      </file>
    </package>
    <package name="components.layout.Header.NavDrawer.AccountDrawer">
      <metrics statements="15" coveredstatements="3" conditionals="1" coveredconditionals="0" methods="7" coveredmethods="0"/>
      <file name="index.tsx" path="/home/wsdt/Schreibtisch/GitRepositories/enya/boba/packages/boba/gateway/src/components/layout/Header/NavDrawer/AccountDrawer/index.tsx">
        <metrics statements="15" coveredstatements="3" conditionals="1" coveredconditionals="0" methods="7" coveredmethods="0"/>
        <line num="23" count="1" type="stmt"/>
        <line num="24" count="0" type="stmt"/>
        <line num="25" count="0" type="stmt"/>
        <line num="28" count="0" type="stmt"/>
        <line num="29" count="0" type="stmt"/>
        <line num="36" count="1" type="stmt"/>
        <line num="37" count="0" type="stmt"/>
        <line num="45" count="1" type="cond" truecount="0" falsecount="1"/>
        <line num="46" count="0" type="stmt"/>
        <line num="47" count="0" type="stmt"/>
        <line num="48" count="0" type="stmt"/>
        <line num="49" count="0" type="stmt"/>
        <line num="50" count="0" type="stmt"/>
        <line num="52" count="0" type="stmt"/>
        <line num="67" count="0" type="stmt"/>
      </file>
    </package>
    <package name="components.layout.Header.NavDrawer.AccountDrawer.icons">
      <metrics statements="4" coveredstatements="2" conditionals="0" coveredconditionals="0" methods="2" coveredmethods="0"/>
      <file name="copy.tsx" path="/home/wsdt/Schreibtisch/GitRepositories/enya/boba/packages/boba/gateway/src/components/layout/Header/NavDrawer/AccountDrawer/icons/copy.tsx">
        <metrics statements="2" coveredstatements="1" conditionals="0" coveredconditionals="0" methods="1" coveredmethods="0"/>
        <line num="3" count="1" type="stmt"/>
        <line num="4" count="0" type="stmt"/>
      </file>
      <file name="disconnect.tsx" path="/home/wsdt/Schreibtisch/GitRepositories/enya/boba/packages/boba/gateway/src/components/layout/Header/NavDrawer/AccountDrawer/icons/disconnect.tsx">
        <metrics statements="2" coveredstatements="1" conditionals="0" coveredconditionals="0" methods="1" coveredmethods="0"/>
        <line num="3" count="1" type="stmt"/>
        <line num="4" count="0" type="stmt"/>
      </file>
    </package>
    <package name="components.layout.Header.NavDrawer.FeeSwitcherDrawer">
      <metrics statements="9" coveredstatements="1" conditionals="1" coveredconditionals="0" methods="5" coveredmethods="0"/>
      <file name="index.tsx" path="/home/wsdt/Schreibtisch/GitRepositories/enya/boba/packages/boba/gateway/src/components/layout/Header/NavDrawer/FeeSwitcherDrawer/index.tsx">
        <metrics statements="9" coveredstatements="1" conditionals="1" coveredconditionals="0" methods="5" coveredmethods="0"/>
        <line num="22" count="1" type="cond" truecount="0" falsecount="1"/>
        <line num="23" count="0" type="stmt"/>
        <line num="25" count="0" type="stmt"/>
        <line num="26" count="0" type="stmt"/>
        <line num="27" count="0" type="stmt"/>
        <line num="30" count="0" type="stmt"/>
        <line num="41" count="0" type="stmt"/>
        <line num="50" count="0" type="stmt"/>
        <line num="57" count="0" type="stmt"/>
      </file>
    </package>
    <package name="components.layout.Header.Navigation">
      <metrics statements="7" coveredstatements="6" conditionals="4" coveredconditionals="2" methods="2" coveredmethods="2"/>
      <file name="constant.ts" path="/home/wsdt/Schreibtisch/GitRepositories/enya/boba/packages/boba/gateway/src/components/layout/Header/Navigation/constant.ts">
        <metrics statements="1" coveredstatements="1" conditionals="0" coveredconditionals="0" methods="0" coveredmethods="0"/>
        <line num="4" count="2" type="stmt"/>
      </file>
      <file name="index.tsx" path="/home/wsdt/Schreibtisch/GitRepositories/enya/boba/packages/boba/gateway/src/components/layout/Header/Navigation/index.tsx">
        <metrics statements="6" coveredstatements="5" conditionals="4" coveredconditionals="2" methods="2" coveredmethods="2"/>
        <line num="29" count="2" type="stmt"/>
        <line num="30" count="5" type="stmt"/>
        <line num="32" count="5" type="stmt"/>
        <line num="35" count="25" type="cond" truecount="1" falsecount="1"/>
        <line num="39" count="0" type="stmt"/>
        <line num="42" count="25" type="stmt"/>
      </file>
    </package>
    <package name="components.layout.Header.ThemeSwitcher">
      <metrics statements="6" coveredstatements="6" conditionals="4" coveredconditionals="4" methods="2" coveredmethods="2"/>
      <file name="index.tsx" path="/home/wsdt/Schreibtisch/GitRepositories/enya/boba/packages/boba/gateway/src/components/layout/Header/ThemeSwitcher/index.tsx">
        <metrics statements="4" coveredstatements="4" conditionals="2" coveredconditionals="2" methods="1" coveredmethods="1"/>
        <line num="11" count="2" type="stmt"/>
        <line num="12" count="6" type="stmt"/>
        <line num="13" count="6" type="stmt"/>
        <line num="15" count="6" type="stmt"/>
      </file>
      <file name="styles.ts" path="/home/wsdt/Schreibtisch/GitRepositories/enya/boba/packages/boba/gateway/src/components/layout/Header/ThemeSwitcher/styles.ts">
        <metrics statements="2" coveredstatements="2" conditionals="2" coveredconditionals="2" methods="1" coveredmethods="1"/>
        <line num="4" count="2" type="stmt"/>
        <line num="9" count="6" type="cond" truecount="2" falsecount="0"/>
      </file>
    </package>
    <package name="components.layout.Header.WalletAddress">
      <metrics statements="11" coveredstatements="3" conditionals="0" coveredconditionals="0" methods="5" coveredmethods="0"/>
      <file name="index.tsx" path="/home/wsdt/Schreibtisch/GitRepositories/enya/boba/packages/boba/gateway/src/components/layout/Header/WalletAddress/index.tsx">
        <metrics statements="11" coveredstatements="3" conditionals="0" coveredconditionals="0" methods="5" coveredmethods="0"/>
        <line num="13" count="1" type="stmt"/>
        <line num="14" count="0" type="stmt"/>
        <line num="21" count="1" type="stmt"/>
        <line num="22" count="0" type="stmt"/>
        <line num="30" count="1" type="stmt"/>
        <line num="31" count="0" type="stmt"/>
        <line num="33" count="0" type="stmt"/>
        <line num="34" count="0" type="stmt"/>
        <line num="36" count="0" type="stmt"/>
        <line num="37" count="0" type="stmt"/>
        <line num="40" count="0" type="stmt"/>
      </file>
    </package>
    <package name="components.layout.Header.WalletAddress.icons">
      <metrics statements="4" coveredstatements="2" conditionals="0" coveredconditionals="0" methods="2" coveredmethods="0"/>
      <file name="copy.tsx" path="/home/wsdt/Schreibtisch/GitRepositories/enya/boba/packages/boba/gateway/src/components/layout/Header/WalletAddress/icons/copy.tsx">
        <metrics statements="2" coveredstatements="1" conditionals="0" coveredconditionals="0" methods="1" coveredmethods="0"/>
        <line num="3" count="1" type="stmt"/>
        <line num="4" count="0" type="stmt"/>
      </file>
      <file name="disconnect.tsx" path="/home/wsdt/Schreibtisch/GitRepositories/enya/boba/packages/boba/gateway/src/components/layout/Header/WalletAddress/icons/disconnect.tsx">
        <metrics statements="2" coveredstatements="1" conditionals="0" coveredconditionals="0" methods="1" coveredmethods="0"/>
        <line num="3" count="1" type="stmt"/>
        <line num="4" count="0" type="stmt"/>
      </file>
    </package>
    <package name="components.layout.Header.feeSwitcher">
      <metrics statements="16" coveredstatements="7" conditionals="6" coveredconditionals="0" methods="4" coveredmethods="0"/>
      <file name="index.tsx" path="/home/wsdt/Schreibtisch/GitRepositories/enya/boba/packages/boba/gateway/src/components/layout/Header/feeSwitcher/index.tsx">
        <metrics statements="12" coveredstatements="3" conditionals="6" coveredconditionals="0" methods="4" coveredmethods="0"/>
        <line num="37" count="1" type="stmt"/>
        <line num="43" count="1" type="stmt"/>
        <line num="49" count="1" type="stmt"/>
        <line num="50" count="0" type="stmt"/>
        <line num="51" count="0" type="stmt"/>
        <line num="52" count="0" type="stmt"/>
        <line num="53" count="0" type="stmt"/>
        <line num="55" count="0" type="stmt"/>
        <line num="57" count="0" type="cond" truecount="0" falsecount="4"/>
        <line num="58" count="0" type="stmt"/>
        <line num="70" count="0" type="stmt"/>
        <line num="84" count="0" type="stmt"/>
      </file>
      <file name="styles.ts" path="/home/wsdt/Schreibtisch/GitRepositories/enya/boba/packages/boba/gateway/src/components/layout/Header/feeSwitcher/styles.ts">
        <metrics statements="4" coveredstatements="4" conditionals="0" coveredconditionals="0" methods="0" coveredmethods="0"/>
        <line num="6" count="1" type="stmt"/>
        <line num="16" count="1" type="stmt"/>
        <line num="23" count="1" type="stmt"/>
        <line num="25" count="1" type="stmt"/>
      </file>
    </package>
    <package name="components.layout.PageTitle">
      <metrics statements="15" coveredstatements="12" conditionals="23" coveredconditionals="12" methods="6" coveredmethods="4"/>
      <file name="constants.tsx" path="/home/wsdt/Schreibtisch/GitRepositories/enya/boba/packages/boba/gateway/src/components/layout/PageTitle/constants.tsx">
        <metrics statements="1" coveredstatements="1" conditionals="0" coveredconditionals="0" methods="0" coveredmethods="0"/>
        <line num="2" count="1" type="stmt"/>
      </file>
      <file name="index.tsx" path="/home/wsdt/Schreibtisch/GitRepositories/enya/boba/packages/boba/gateway/src/components/layout/PageTitle/index.tsx">
        <metrics statements="7" coveredstatements="6" conditionals="15" coveredconditionals="9" methods="2" coveredmethods="2"/>
        <line num="8" count="1" type="stmt"/>
        <line num="9" count="1" type="stmt"/>
        <line num="10" count="1" type="stmt"/>
        <line num="13" count="6" type="cond" truecount="2" falsecount="0"/>
        <line num="15" count="1" type="cond" truecount="2" falsecount="2"/>
        <line num="16" count="0" type="stmt"/>
        <line num="19" count="1" type="stmt"/>
      </file>
      <file name="styles.ts" path="/home/wsdt/Schreibtisch/GitRepositories/enya/boba/packages/boba/gateway/src/components/layout/PageTitle/styles.ts">
        <metrics statements="7" coveredstatements="5" conditionals="8" coveredconditionals="3" methods="4" coveredmethods="2"/>
        <line num="7" count="1" type="stmt"/>
        <line num="18" count="1" type="stmt"/>
        <line num="20" count="1" type="cond" truecount="1" falsecount="1"/>
        <line num="25" count="1" type="cond" truecount="2" falsecount="0"/>
        <line num="31" count="1" type="stmt"/>
        <line num="33" count="0" type="cond" truecount="0" falsecount="2"/>
        <line num="38" count="0" type="cond" truecount="0" falsecount="2"/>
      </file>
    </package>
    <package name="components.listEarn">
      <metrics statements="9" coveredstatements="0" conditionals="2" coveredconditionals="0" methods="5" coveredmethods="0"/>
      <file name="styles.ts" path="/home/wsdt/Schreibtisch/GitRepositories/enya/boba/packages/boba/gateway/src/components/listEarn/styles.ts">
        <metrics statements="9" coveredstatements="0" conditionals="2" coveredconditionals="0" methods="5" coveredmethods="0"/>
        <line num="3" count="0" type="stmt"/>
        <line num="5" count="0" type="stmt"/>
        <line num="6" count="0" type="stmt"/>
        <line num="10" count="0" type="stmt"/>
        <line num="14" count="0" type="stmt"/>
        <line num="23" count="0" type="stmt"/>
        <line num="39" count="0" type="cond" truecount="0" falsecount="2"/>
        <line num="69" count="0" type="stmt"/>
        <line num="76" count="0" type="stmt"/>
      </file>
    </package>
    <package name="components.mainMenu">
      <metrics statements="0" coveredstatements="0" conditionals="0" coveredconditionals="0" methods="0" coveredmethods="0"/>
      <file name="index.tsx" path="/home/wsdt/Schreibtisch/GitRepositories/enya/boba/packages/boba/gateway/src/components/mainMenu/index.tsx">
        <metrics statements="0" coveredstatements="0" conditionals="0" coveredconditionals="0" methods="0" coveredmethods="0"/>
      </file>
    </package>
    <package name="components.modal">
      <metrics statements="20" coveredstatements="0" conditionals="16" coveredconditionals="0" methods="8" coveredmethods="0"/>
      <file name="Modal.tsx" path="/home/wsdt/Schreibtisch/GitRepositories/enya/boba/packages/boba/gateway/src/components/modal/Modal.tsx">
        <metrics statements="4" coveredstatements="0" conditionals="4" coveredconditionals="0" methods="1" coveredmethods="0"/>
        <line num="26" count="0" type="stmt"/>
        <line num="37" count="0" type="stmt"/>
        <line num="38" count="0" type="stmt"/>
        <line num="40" count="0" type="stmt"/>
      </file>
      <file name="styles.ts" path="/home/wsdt/Schreibtisch/GitRepositories/enya/boba/packages/boba/gateway/src/components/modal/styles.ts">
        <metrics statements="16" coveredstatements="0" conditionals="12" coveredconditionals="0" methods="7" coveredmethods="0"/>
        <line num="5" count="0" type="stmt"/>
        <line num="19" count="0" type="cond" truecount="0" falsecount="2"/>
        <line num="24" count="0" type="cond" truecount="0" falsecount="2"/>
        <line num="30" count="0" type="stmt"/>
        <line num="45" count="0" type="stmt"/>
        <line num="49" count="0" type="stmt"/>
        <line num="50" count="0" type="stmt"/>
        <line num="54" count="0" type="cond" truecount="0" falsecount="2"/>
        <line num="59" count="0" type="cond" truecount="0" falsecount="2"/>
        <line num="66" count="0" type="cond" truecount="0" falsecount="2"/>
        <line num="72" count="0" type="stmt"/>
        <line num="81" count="0" type="stmt"/>
        <line num="88" count="0" type="stmt"/>
        <line num="93" count="0" type="stmt"/>
        <line num="100" count="0" type="stmt"/>
        <line num="108" count="0" type="stmt"/>
      </file>
    </package>
    <package name="components.notificationBanner">
      <metrics statements="17" coveredstatements="15" conditionals="14" coveredconditionals="11" methods="7" coveredmethods="7"/>
      <file name="bannerConfig.ts" path="/home/wsdt/Schreibtisch/GitRepositories/enya/boba/packages/boba/gateway/src/components/notificationBanner/bannerConfig.ts">
        <metrics statements="1" coveredstatements="0" conditionals="0" coveredconditionals="0" methods="0" coveredmethods="0"/>
        <line num="23" count="0" type="stmt"/>
      </file>
      <file name="index.tsx" path="/home/wsdt/Schreibtisch/GitRepositories/enya/boba/packages/boba/gateway/src/components/notificationBanner/index.tsx">
        <metrics statements="16" coveredstatements="15" conditionals="14" coveredconditionals="11" methods="7" coveredmethods="7"/>
        <line num="8" count="1" type="stmt"/>
        <line num="15" count="4" type="stmt"/>
        <line num="16" count="4" type="stmt"/>
        <line num="22" count="4" type="stmt"/>
        <line num="30" count="1" type="stmt"/>
        <line num="36" count="4" type="stmt"/>
        <line num="39" count="4" type="stmt"/>
        <line num="52" count="1" type="stmt"/>
        <line num="69" count="1" type="stmt"/>
        <line num="72" count="4" type="stmt"/>
        <line num="74" count="4" type="stmt"/>
        <line num="76" count="4" type="stmt"/>
        <line num="78" count="4" type="cond" truecount="1" falsecount="1"/>
        <line num="79" count="0" type="stmt"/>
        <line num="82" count="4" type="stmt"/>
        <line num="95" count="1" type="stmt"/>
      </file>
    </package>
    <package name="components.pager">
      <metrics statements="10" coveredstatements="0" conditionals="4" coveredconditionals="0" methods="1" coveredmethods="0"/>
      <file name="Pager.tsx" path="/home/wsdt/Schreibtisch/GitRepositories/enya/boba/packages/boba/gateway/src/components/pager/Pager.tsx">
        <metrics statements="6" coveredstatements="0" conditionals="4" coveredconditionals="0" methods="1" coveredmethods="0"/>
        <line num="36" count="0" type="stmt"/>
        <line num="44" count="0" type="stmt"/>
        <line num="45" count="0" type="cond" truecount="0" falsecount="2"/>
        <line num="46" count="0" type="cond" truecount="0" falsecount="2"/>
        <line num="47" count="0" type="stmt"/>
        <line num="50" count="0" type="stmt"/>
      </file>
      <file name="styles.ts" path="/home/wsdt/Schreibtisch/GitRepositories/enya/boba/packages/boba/gateway/src/components/pager/styles.ts">
        <metrics statements="4" coveredstatements="0" conditionals="0" coveredconditionals="0" methods="0" coveredmethods="0"/>
        <line num="4" count="0" type="stmt"/>
        <line num="12" count="0" type="stmt"/>
        <line num="20" count="0" type="stmt"/>
        <line num="26" count="0" type="stmt"/>
      </file>
    </package>
    <package name="components.select">
      <metrics statements="5" coveredstatements="4" conditionals="0" coveredconditionals="0" methods="1" coveredmethods="0"/>
      <file name="styles.ts" path="/home/wsdt/Schreibtisch/GitRepositories/enya/boba/packages/boba/gateway/src/components/select/styles.ts">
        <metrics statements="5" coveredstatements="4" conditionals="0" coveredconditionals="0" methods="1" coveredmethods="0"/>
        <line num="3" count="1" type="stmt"/>
        <line num="11" count="1" type="stmt"/>
        <line num="18" count="0" type="stmt"/>
        <line num="21" count="1" type="stmt"/>
        <line num="23" count="1" type="stmt"/>
      </file>
    </package>
    <package name="components.seven">
      <metrics statements="11" coveredstatements="0" conditionals="12" coveredconditionals="0" methods="7" coveredmethods="0"/>
      <file name="styles.ts" path="/home/wsdt/Schreibtisch/GitRepositories/enya/boba/packages/boba/gateway/src/components/seven/styles.ts">
        <metrics statements="11" coveredstatements="0" conditionals="12" coveredconditionals="0" methods="7" coveredmethods="0"/>
[...]
        <metrics statements="10" coveredstatements="8" conditionals="0" coveredconditionals="0" methods="3" coveredmethods="2"/>
        <line num="6" count="2" type="stmt"/>
        <line num="7" count="8" type="stmt"/>
        <line num="8" count="8" type="stmt"/>
        <line num="10" count="8" type="stmt"/>
        <line num="11" count="1" type="stmt"/>
        <line num="12" count="1" type="stmt"/>
        <line num="14" count="8" type="stmt"/>
        <line num="15" count="0" type="stmt"/>
        <line num="16" count="0" type="stmt"/>
        <line num="19" count="8" type="stmt"/>
      </file>
      <file name="useWalletConnect.ts" path="/home/wsdt/Schreibtisch/GitRepositories/enya/boba/packages/boba/gateway/src/hooks/useWalletConnect.ts">
        <metrics statements="70" coveredstatements="0" conditionals="39" coveredconditionals="0" methods="10" coveredmethods="0"/>
        <line num="27" count="0" type="stmt"/>
        <line num="28" count="0" type="stmt"/>
        <line num="29" count="0" type="stmt"/>
        <line num="30" count="0" type="stmt"/>
        <line num="32" count="0" type="stmt"/>
        <line num="33" count="0" type="stmt"/>
        <line num="34" count="0" type="stmt"/>
        <line num="36" count="0" type="stmt"/>
        <line num="37" count="0" type="stmt"/>
        <line num="38" count="0" type="stmt"/>
        <line num="39" count="0" type="stmt"/>
        <line num="46" count="0" type="stmt"/>
        <line num="47" count="0" type="stmt"/>
        <line num="48" count="0" type="stmt"/>
        <line num="52" count="0" type="cond" truecount="0" falsecount="2"/>
        <line num="53" count="0" type="stmt"/>
        <line num="54" count="0" type="stmt"/>
        <line num="55" count="0" type="cond" truecount="0" falsecount="2"/>
        <line num="56" count="0" type="stmt"/>
        <line num="57" count="0" type="stmt"/>
        <line num="58" count="0" type="cond" truecount="0" falsecount="2"/>
        <line num="59" count="0" type="stmt"/>
        <line num="60" count="0" type="stmt"/>
        <line num="61" count="0" type="cond" truecount="0" falsecount="4"/>
        <line num="62" count="0" type="stmt"/>
        <line num="63" count="0" type="stmt"/>
        <line num="64" count="0" type="stmt"/>
        <line num="65" count="0" type="stmt"/>
        <line num="66" count="0" type="stmt"/>
        <line num="67" count="0" type="stmt"/>
        <line num="68" count="0" type="stmt"/>
        <line num="70" count="0" type="stmt"/>
        <line num="74" count="0" type="cond" truecount="0" falsecount="5"/>
        <line num="75" count="0" type="stmt"/>
        <line num="87" count="0" type="stmt"/>
        <line num="89" count="0" type="stmt"/>
        <line num="90" count="0" type="stmt"/>
        <line num="91" count="0" type="stmt"/>
        <line num="94" count="0" type="stmt"/>
        <line num="95" count="0" type="stmt"/>
        <line num="96" count="0" type="cond" truecount="0" falsecount="2"/>
        <line num="97" count="0" type="cond" truecount="0" falsecount="2"/>
        <line num="98" count="0" type="cond" truecount="0" falsecount="2"/>
        <line num="99" count="0" type="stmt"/>
        <line num="101" count="0" type="stmt"/>
        <line num="103" count="0" type="stmt"/>
        <line num="105" count="0" type="stmt"/>
        <line num="109" count="0" type="cond" truecount="0" falsecount="2"/>
        <line num="110" count="0" type="cond" truecount="0" falsecount="2"/>
        <line num="113" count="0" type="stmt"/>
        <line num="115" count="0" type="stmt"/>
        <line num="118" count="0" type="stmt"/>
        <line num="119" count="0" type="stmt"/>
        <line num="123" count="0" type="stmt"/>
        <line num="126" count="0" type="stmt"/>
        <line num="131" count="0" type="stmt"/>
        <line num="133" count="0" type="cond" truecount="0" falsecount="4"/>
        <line num="134" count="0" type="stmt"/>
        <line num="139" count="0" type="stmt"/>
        <line num="140" count="0" type="cond" truecount="0" falsecount="2"/>
        <line num="141" count="0" type="stmt"/>
        <line num="146" count="0" type="stmt"/>
        <line num="147" count="0" type="cond" truecount="0" falsecount="2"/>
        <line num="148" count="0" type="stmt"/>
        <line num="152" count="0" type="stmt"/>
        <line num="153" count="0" type="cond" truecount="0" falsecount="4"/>
        <line num="155" count="0" type="cond" truecount="0" falsecount="2"/>
        <line num="156" count="0" type="stmt"/>
        <line num="158" count="0" type="stmt"/>
        <line num="163" count="0" type="stmt"/>
      </file>
      <file name="useWalletSwitch.ts" path="/home/wsdt/Schreibtisch/GitRepositories/enya/boba/packages/boba/gateway/src/hooks/useWalletSwitch.ts">
        <metrics statements="23" coveredstatements="0" conditionals="14" coveredconditionals="0" methods="3" coveredmethods="0"/>
        <line num="19" count="0" type="stmt"/>
        <line num="20" count="0" type="stmt"/>
        <line num="21" count="0" type="stmt"/>
        <line num="22" count="0" type="stmt"/>
        <line num="23" count="0" type="stmt"/>
        <line num="24" count="0" type="stmt"/>
        <line num="25" count="0" type="stmt"/>
        <line num="26" count="0" type="stmt"/>
        <line num="27" count="0" type="stmt"/>
        <line num="28" count="0" type="stmt"/>
        <line num="30" count="0" type="stmt"/>
        <line num="32" count="0" type="stmt"/>
        <line num="33" count="0" type="cond" truecount="0" falsecount="4"/>
        <line num="34" count="0" type="cond" truecount="0" falsecount="2"/>
        <line num="35" count="0" type="stmt"/>
        <line num="36" count="0" type="cond" truecount="0" falsecount="2"/>
        <line num="37" count="0" type="stmt"/>
        <line num="39" count="0" type="stmt"/>
        <line num="42" count="0" type="stmt"/>
        <line num="46" count="0" type="stmt"/>
        <line num="47" count="0" type="cond" truecount="0" falsecount="2"/>
        <line num="48" count="0" type="cond" truecount="0" falsecount="4"/>
        <line num="49" count="0" type="stmt"/>
      </file>
    </package>
    <package name="selectors">
      <metrics statements="1" coveredstatements="1" conditionals="0" coveredconditionals="0" methods="2" coveredmethods="0"/>
      <file name="fixedSelector.ts" path="/home/wsdt/Schreibtisch/GitRepositories/enya/boba/packages/boba/gateway/src/selectors/fixedSelector.ts">
        <metrics statements="1" coveredstatements="1" conditionals="0" coveredconditionals="0" methods="2" coveredmethods="0"/>
        <line num="16" count="14" type="stmt"/>
      </file>
      <file name="index.ts" path="/home/wsdt/Schreibtisch/GitRepositories/enya/boba/packages/boba/gateway/src/selectors/index.ts">
        <metrics statements="0" coveredstatements="0" conditionals="0" coveredconditionals="0" methods="0" coveredmethods="0"/>
      </file>
    </package>
    <package name="themes">
      <metrics statements="20" coveredstatements="18" conditionals="2" coveredconditionals="2" methods="8" coveredmethods="5"/>
      <file name="dark.ts" path="/home/wsdt/Schreibtisch/GitRepositories/enya/boba/packages/boba/gateway/src/themes/dark.ts">
        <metrics statements="1" coveredstatements="1" conditionals="0" coveredconditionals="0" methods="0" coveredmethods="0"/>
        <line num="4" count="14" type="stmt"/>
      </file>
      <file name="default.ts" path="/home/wsdt/Schreibtisch/GitRepositories/enya/boba/packages/boba/gateway/src/themes/default.ts">
        <metrics statements="1" coveredstatements="1" conditionals="0" coveredconditionals="0" methods="0" coveredmethods="0"/>
        <line num="1" count="14" type="stmt"/>
      </file>
      <file name="globalStyle.ts" path="/home/wsdt/Schreibtisch/GitRepositories/enya/boba/packages/boba/gateway/src/themes/globalStyle.ts">
        <metrics statements="3" coveredstatements="1" conditionals="0" coveredconditionals="0" methods="2" coveredmethods="0"/>
        <line num="8" count="14" type="stmt"/>
        <line num="56" count="0" type="stmt"/>
        <line num="57" count="0" type="stmt"/>
      </file>
      <file name="index.tsx" path="/home/wsdt/Schreibtisch/GitRepositories/enya/boba/packages/boba/gateway/src/themes/index.tsx">
        <metrics statements="8" coveredstatements="8" conditionals="2" coveredconditionals="2" methods="2" coveredmethods="2"/>
        <line num="14" count="14" type="stmt"/>
        <line num="15" count="68" type="stmt"/>
        <line num="16" count="68" type="stmt"/>
        <line num="18" count="68" type="stmt"/>
        <line num="19" count="52" type="cond" truecount="2" falsecount="0"/>
        <line num="20" count="16" type="stmt"/>
        <line num="22" count="36" type="stmt"/>
        <line num="26" count="68" type="stmt"/>
      </file>
      <file name="light.ts" path="/home/wsdt/Schreibtisch/GitRepositories/enya/boba/packages/boba/gateway/src/themes/light.ts">
        <metrics statements="1" coveredstatements="1" conditionals="0" coveredconditionals="0" methods="0" coveredmethods="0"/>
        <line num="4" count="14" type="stmt"/>
      </file>
      <file name="screens.ts" path="/home/wsdt/Schreibtisch/GitRepositories/enya/boba/packages/boba/gateway/src/themes/screens.ts">
        <metrics statements="6" coveredstatements="6" conditionals="0" coveredconditionals="0" methods="4" coveredmethods="3"/>
        <line num="3" count="14" type="stmt"/>
        <line num="10" count="14" type="stmt"/>
        <line num="17" count="41" type="stmt"/>
        <line num="22" count="14" type="stmt"/>
        <line num="27" count="14" type="stmt"/>
        <line num="32" count="14" type="stmt"/>
      </file>
    </package>
    <package name="types">
      <metrics statements="0" coveredstatements="0" conditionals="0" coveredconditionals="0" methods="0" coveredmethods="0"/>
      <file name="custom.d.ts" path="/home/wsdt/Schreibtisch/GitRepositories/enya/boba/packages/boba/gateway/src/types/custom.d.ts">
        <metrics statements="0" coveredstatements="0" conditionals="0" coveredconditionals="0" methods="0" coveredmethods="0"/>
      </file>
    </package>
    <package name="util">
      <metrics statements="107" coveredstatements="60" conditionals="39" coveredconditionals="13" methods="28" coveredmethods="6"/>
      <file name="banxa.ts" path="/home/wsdt/Schreibtisch/GitRepositories/enya/boba/packages/boba/gateway/src/util/banxa.ts">
        <metrics statements="5" coveredstatements="5" conditionals="0" coveredconditionals="0" methods="1" coveredmethods="1"/>
        <line num="8" count="1" type="stmt"/>
        <line num="9" count="1" type="stmt"/>
        <line num="11" count="1" type="stmt"/>
        <line num="12" count="4" type="stmt"/>
        <line num="14" count="4" type="stmt"/>
      </file>
      <file name="coinConvert.ts" path="/home/wsdt/Schreibtisch/GitRepositories/enya/boba/packages/boba/gateway/src/util/coinConvert.ts">
        <metrics statements="19" coveredstatements="0" conditionals="8" coveredconditionals="0" methods="5" coveredmethods="0"/>
        <line num="21" count="0" type="stmt"/>
        <line num="22" count="0" type="cond" truecount="0" falsecount="2"/>
        <line num="23" count="0" type="stmt"/>
        <line num="25" count="0" type="stmt"/>
        <line num="29" count="0" type="stmt"/>
        <line num="30" count="0" type="cond" truecount="0" falsecount="2"/>
        <line num="31" count="0" type="stmt"/>
        <line num="33" count="0" type="stmt"/>
        <line num="37" count="0" type="stmt"/>
        <line num="39" count="0" type="cond" truecount="0" falsecount="4"/>
        <line num="40" count="0" type="stmt"/>
        <line num="43" count="0" type="stmt"/>
        <line num="44" count="0" type="stmt"/>
        <line num="45" count="0" type="stmt"/>
        <line num="48" count="0" type="stmt"/>
        <line num="52" count="0" type="stmt"/>
        <line num="53" count="0" type="stmt"/>
        <line num="54" count="0" type="stmt"/>
        <line num="55" count="0" type="stmt"/>
      </file>
      <file name="coinImage.ts" path="/home/wsdt/Schreibtisch/GitRepositories/enya/boba/packages/boba/gateway/src/util/coinImage.ts">
        <metrics statements="8" coveredstatements="6" conditionals="4" coveredconditionals="2" methods="1" coveredmethods="1"/>
        <line num="4" count="7" type="stmt"/>
        <line num="6" count="8" type="stmt"/>
        <line num="7" count="8" type="stmt"/>
        <line num="9" count="8" type="cond" truecount="1" falsecount="1"/>
        <line num="10" count="0" type="stmt"/>
        <line num="12" count="8" type="cond" truecount="1" falsecount="1"/>
        <line num="13" count="0" type="stmt"/>
        <line num="15" count="8" type="stmt"/>
      </file>
      <file name="common.ts" path="/home/wsdt/Schreibtisch/GitRepositories/enya/boba/packages/boba/gateway/src/util/common.ts">
        <metrics statements="17" coveredstatements="3" conditionals="8" coveredconditionals="0" methods="5" coveredmethods="0"/>
        <line num="23" count="5" type="stmt"/>
        <line num="24" count="0" type="cond" truecount="0" falsecount="2"/>
        <line num="25" count="0" type="stmt"/>
        <line num="28" count="0" type="cond" truecount="0" falsecount="2"/>
        <line num="29" count="0" type="stmt"/>
        <line num="32" count="0" type="stmt"/>
        <line num="35" count="5" type="stmt"/>
        <line num="37" count="0" type="stmt"/>
        <line num="38" count="0" type="stmt"/>
        <line num="41" count="0" type="stmt"/>
        <line num="42" count="0" type="stmt"/>
        <line num="45" count="0" type="stmt"/>
        <line num="48" count="5" type="stmt"/>
        <line num="49" count="0" type="cond" truecount="0" falsecount="2"/>
        <line num="50" count="0" type="stmt"/>
        <line num="54" count="0" type="cond" truecount="0" falsecount="2"/>
        <line num="70" count="0" type="stmt"/>
      </file>
      <file name="constant.ts" path="/home/wsdt/Schreibtisch/GitRepositories/enya/boba/packages/boba/gateway/src/util/constant.ts">
        <metrics statements="24" coveredstatements="24" conditionals="10" coveredconditionals="8" methods="1" coveredmethods="0"/>
        <line num="7" count="8" type="stmt"/>
        <line num="12" count="8" type="cond" truecount="1" falsecount="1"/>
        <line num="14" count="8" type="cond" truecount="2" falsecount="0"/>
        <line num="16" count="8" type="cond" truecount="2" falsecount="0"/>
        <line num="17" count="8" type="cond" truecount="1" falsecount="1"/>
        <line num="18" count="8" type="stmt"/>
        <line num="19" count="8" type="cond" truecount="2" falsecount="0"/>
        <line num="20" count="8" type="stmt"/>
        <line num="22" count="8" type="stmt"/>
        <line num="23" count="8" type="stmt"/>
        <line num="24" count="8" type="stmt"/>
        <line num="25" count="8" type="stmt"/>
        <line num="27" count="8" type="stmt"/>
        <line num="30" count="8" type="stmt"/>
        <line num="39" count="8" type="stmt"/>
        <line num="51" count="8" type="stmt"/>
        <line num="83" count="8" type="stmt"/>
        <line num="96" count="8" type="stmt"/>
        <line num="109" count="8" type="stmt"/>
        <line num="119" count="8" type="stmt"/>
        <line num="133" count="8" type="stmt"/>
        <line num="145" count="8" type="stmt"/>
        <line num="147" count="8" type="stmt"/>
        <line num="149" count="8" type="stmt"/>
      </file>
      <file name="dates.ts" path="/home/wsdt/Schreibtisch/GitRepositories/enya/boba/packages/boba/gateway/src/util/dates.ts">
        <metrics statements="32" coveredstatements="21" conditionals="9" coveredconditionals="3" methods="13" coveredmethods="4"/>
        <line num="8" count="8" type="stmt"/>
        <line num="9" count="8" type="stmt"/>
        <line num="10" count="8" type="stmt"/>
        <line num="11" count="8" type="stmt"/>
        <line num="15" count="8" type="stmt"/>
        <line num="16" count="16" type="stmt"/>
        <line num="20" count="8" type="stmt"/>
        <line num="24" count="5" type="stmt"/>
        <line num="31" count="8" type="stmt"/>
        <line num="32" count="0" type="cond" truecount="0" falsecount="2"/>
        <line num="36" count="8" type="stmt"/>
        <line num="40" count="0" type="stmt"/>
        <line num="43" count="8" type="stmt"/>
        <line num="47" count="0" type="stmt"/>
        <line num="51" count="8" type="stmt"/>
        <line num="52" count="0" type="stmt"/>
        <line num="60" count="8" type="stmt"/>
        <line num="61" count="0" type="cond" truecount="0" falsecount="2"/>
        <line num="71" count="8" type="stmt"/>
        <line num="72" count="16" type="cond" truecount="1" falsecount="1"/>
        <line num="78" count="8" type="stmt"/>
        <line num="79" count="8" type="cond" truecount="1" falsecount="1"/>
        <line num="85" count="8" type="stmt"/>
        <line num="86" count="0" type="stmt"/>
        <line num="89" count="8" type="stmt"/>
        <line num="90" count="0" type="stmt"/>
        <line num="94" count="8" type="stmt"/>
        <line num="95" count="0" type="stmt"/>
        <line num="98" count="8" type="stmt"/>
        <line num="99" count="0" type="stmt"/>
        <line num="100" count="0" type="stmt"/>
        <line num="102" count="0" type="stmt"/>
      </file>
      <file name="objectManipulation.ts" path="/home/wsdt/Schreibtisch/GitRepositories/enya/boba/packages/boba/gateway/src/util/objectManipulation.ts">
        <metrics statements="2" coveredstatements="1" conditionals="0" coveredconditionals="0" methods="2" coveredmethods="0"/>
        <line num="1" count="1" type="stmt"/>
        <line num="2" count="0" type="stmt"/>
      </file>
    </package>
    <package name="util.network">
      <metrics statements="33" coveredstatements="18" conditionals="2" coveredconditionals="0" methods="6" coveredmethods="1"/>
      <file name="network.util.ts" path="/home/wsdt/Schreibtisch/GitRepositories/enya/boba/packages/boba/gateway/src/util/network/network.util.ts">
        <metrics statements="33" coveredstatements="18" conditionals="2" coveredconditionals="0" methods="6" coveredmethods="1"/>
        <line num="16" count="7" type="stmt"/>
        <line num="22" count="7" type="stmt"/>
        <line num="28" count="7" type="stmt"/>
        <line num="33" count="7" type="stmt"/>
        <line num="39" count="7" type="stmt"/>
        <line num="124" count="7" type="stmt"/>
        <line num="197" count="7" type="stmt"/>
        <line num="203" count="7" type="stmt"/>
        <line num="205" count="21" type="stmt"/>
        <line num="207" count="21" type="stmt"/>
        <line num="209" count="21" type="stmt"/>
        <line num="211" count="21" type="stmt"/>
        <line num="213" count="21" type="stmt"/>
        <line num="218" count="7" type="stmt"/>
        <line num="219" count="0" type="stmt"/>
        <line num="222" count="7" type="stmt"/>
        <line num="223" count="0" type="stmt"/>
        <line num="224" count="0" type="stmt"/>
        <line num="231" count="7" type="stmt"/>
        <line num="232" count="0" type="stmt"/>
        <line num="233" count="0" type="stmt"/>
        <line num="234" count="0" type="cond" truecount="0" falsecount="2"/>
        <line num="235" count="0" type="stmt"/>
        <line num="237" count="0" type="stmt"/>
        <line num="240" count="7" type="stmt"/>
        <line num="241" count="0" type="stmt"/>
        <line num="244" count="7" type="stmt"/>
        <line num="245" count="0" type="stmt"/>
        <line num="246" count="0" type="stmt"/>
        <line num="247" count="0" type="stmt"/>
        <line num="248" count="0" type="stmt"/>
        <line num="250" count="0" type="stmt"/>
        <line num="251" count="0" type="stmt"/>
      </file>
    </package>
  </project>
</coverage>
