{"/home/wsdt/Schreibtisch/GitRepositories/enya/boba/packages/boba/gateway/src/components/index.ts": {"path":"/home/wsdt/Schreibtisch/GitRepositories/enya/boba/packages/boba/gateway/src/components/index.ts","statementMap":{},"fnMap":{},"branchMap":{},"s":{},"f":{},"b":{}}
,"/home/wsdt/Schreibtisch/GitRepositories/enya/boba/packages/boba/gateway/src/components/NetworkSelector/index.tsx": {"path":"/home/wsdt/Schreibtisch/GitRepositories/enya/boba/packages/boba/gateway/src/components/NetworkSelector/index.tsx","statementMap":{"0":{"start":{"line":8,"column":31},"end":{"line":25,"column":1}},"1":{"start":{"line":9,"column":42},"end":{"line":9,"column":57}},"2":{"start":{"line":11,"column":30},"end":{"line":13,"column":3}},"3":{"start":{"line":12,"column":4},"end":{"line":12,"column":54}},"4":{"start":{"line":12,"column":39},"end":{"line":12,"column":53}},"5":{"start":{"line":14,"column":2},"end":{"line":24,"column":3}}},"fnMap":{"0":{"name":"(anonymous_0)","decl":{"start":{"line":8,"column":31},"end":{"line":8,"column":32}},"loc":{"start":{"line":8,"column":37},"end":{"line":25,"column":1}},"line":8},"1":{"name":"(anonymous_1)","decl":{"start":{"line":11,"column":30},"end":{"line":11,"column":31}},"loc":{"start":{"line":11,"column":36},"end":{"line":13,"column":3}},"line":11},"2":{"name":"(anonymous_2)","decl":{"start":{"line":12,"column":20},"end":{"line":12,"column":21}},"loc":{"start":{"line":12,"column":39},"end":{"line":12,"column":53}},"line":12}},"branchMap":{"0":{"loc":{"start":{"line":17,"column":7},"end":{"line":22,"column":7}},"type":"binary-expr","locations":[{"start":{"line":17,"column":7},"end":{"line":17,"column":19}},{"start":{"line":18,"column":8},"end":{"line":21,"column":19}}],"line":17}},"s":{"0":1,"1":0,"2":0,"3":0,"4":0,"5":0},"f":{"0":0,"1":0,"2":0},"b":{"0":[0,0]},"_coverageSchema":"1a1c01bbd47fc00a2c39e90264f33305004495a9","hash":"7fd4db174b07804090d58e67d6b008b2551956c4"}
,"/home/wsdt/Schreibtisch/GitRepositories/enya/boba/packages/boba/gateway/src/components/NetworkSelector/styles.ts": {"path":"/home/wsdt/Schreibtisch/GitRepositories/enya/boba/packages/boba/gateway/src/components/NetworkSelector/styles.ts","statementMap":{"0":{"start":{"line":6,"column":32},"end":{"line":33,"column":1}},"1":{"start":{"line":17,"column":4},"end":{"line":20,"column":5}},"2":{"start":{"line":22,"column":4},"end":{"line":25,"column":5}},"3":{"start":{"line":35,"column":21},"end":{"line":56,"column":1}},"4":{"start":{"line":43,"column":4},"end":{"line":48,"column":5}},"5":{"start":{"line":50,"column":4},"end":{"line":55,"column":5}},"6":{"start":{"line":58,"column":24},"end":{"line":87,"column":1}}},"fnMap":{"0":{"name":"(anonymous_0)","decl":{"start":{"line":16,"column":4},"end":{"line":16,"column":5}},"loc":{"start":{"line":17,"column":4},"end":{"line":20,"column":5}},"line":17},"1":{"name":"(anonymous_1)","decl":{"start":{"line":21,"column":4},"end":{"line":21,"column":5}},"loc":{"start":{"line":22,"column":4},"end":{"line":25,"column":5}},"line":22},"2":{"name":"(anonymous_2)","decl":{"start":{"line":42,"column":4},"end":{"line":42,"column":5}},"loc":{"start":{"line":43,"column":4},"end":{"line":48,"column":5}},"line":43},"3":{"name":"(anonymous_3)","decl":{"start":{"line":49,"column":4},"end":{"line":49,"column":5}},"loc":{"start":{"line":50,"column":4},"end":{"line":55,"column":5}},"line":50}},"branchMap":{"0":{"loc":{"start":{"line":17,"column":4},"end":{"line":20,"column":5}},"type":"binary-expr","locations":[{"start":{"line":17,"column":4},"end":{"line":17,"column":32}},{"start":{"line":18,"column":4},"end":{"line":20,"column":5}}],"line":17},"1":{"loc":{"start":{"line":22,"column":4},"end":{"line":25,"column":5}},"type":"binary-expr","locations":[{"start":{"line":22,"column":4},"end":{"line":22,"column":31}},{"start":{"line":23,"column":4},"end":{"line":25,"column":5}}],"line":22},"2":{"loc":{"start":{"line":43,"column":4},"end":{"line":48,"column":5}},"type":"binary-expr","locations":[{"start":{"line":43,"column":4},"end":{"line":43,"column":32}},{"start":{"line":44,"column":4},"end":{"line":48,"column":5}}],"line":43},"3":{"loc":{"start":{"line":50,"column":4},"end":{"line":55,"column":5}},"type":"binary-expr","locations":[{"start":{"line":50,"column":4},"end":{"line":50,"column":31}},{"start":{"line":51,"column":4},"end":{"line":55,"column":5}}],"line":50}},"s":{"0":1,"1":0,"2":0,"3":1,"4":0,"5":0,"6":1},"f":{"0":0,"1":0,"2":0,"3":0},"b":{"0":[0,0],"1":[0,0],"2":[0,0],"3":[0,0]},"_coverageSchema":"1a1c01bbd47fc00a2c39e90264f33305004495a9","hash":"d35701c7a3748dee4a70c82f4cc51a51e1ae604a"}
,"/home/wsdt/Schreibtisch/GitRepositories/enya/boba/packages/boba/gateway/src/components/PulseBadge/index.tsx": {"path":"/home/wsdt/Schreibtisch/GitRepositories/enya/boba/packages/boba/gateway/src/components/PulseBadge/index.tsx","statementMap":{"0":{"start":{"line":6,"column":14},"end":{"line":12,"column":3}},"1":{"start":{"line":6,"column":77},"end":{"line":12,"column":1}},"2":{"start":{"line":14,"column":15},"end":{"line":34,"column":3}},"3":{"start":{"line":14,"column":78},"end":{"line":34,"column":1}},"4":{"start":{"line":36,"column":23},"end":{"line":40,"column":1}},"5":{"start":{"line":47,"column":53},"end":{"line":59,"column":1}},"6":{"start":{"line":51,"column":2},"end":{"line":58,"column":3}}},"fnMap":{"0":{"name":"(anonymous_0)","decl":{"start":{"line":6,"column":52},"end":{"line":6,"column":53}},"loc":{"start":{"line":6,"column":77},"end":{"line":12,"column":1}},"line":6},"1":{"name":"(anonymous_1)","decl":{"start":{"line":14,"column":53},"end":{"line":14,"column":54}},"loc":{"start":{"line":14,"column":78},"end":{"line":34,"column":1}},"line":14},"2":{"name":"(anonymous_2)","decl":{"start":{"line":47,"column":53},"end":{"line":47,"column":54}},"loc":{"start":{"line":50,"column":6},"end":{"line":59,"column":1}},"line":50}},"branchMap":{"0":{"loc":{"start":{"line":49,"column":2},"end":{"line":49,"column":18}},"type":"default-arg","locations":[{"start":{"line":49,"column":12},"end":{"line":49,"column":18}}],"line":49}},"s":{"0":0,"1":0,"2":0,"3":0,"4":0,"5":0,"6":0},"f":{"0":0,"1":0,"2":0},"b":{"0":[0]}}
,"/home/wsdt/Schreibtisch/GitRepositories/enya/boba/packages/boba/gateway/src/components/alert/Alert.tsx": {"path":"/home/wsdt/Schreibtisch/GitRepositories/enya/boba/packages/boba/gateway/src/components/alert/Alert.tsx","statementMap":{"0":{"start":{"line":33,"column":14},"end":{"line":75,"column":1}},"1":{"start":{"line":40,"column":17},"end":{"line":40,"column":18}},"2":{"start":{"line":41,"column":2},"end":{"line":45,"column":3}},"3":{"start":{"line":42,"column":4},"end":{"line":42,"column":19}},"4":{"start":{"line":44,"column":4},"end":{"line":44,"column":23}},"5":{"start":{"line":47,"column":2},"end":{"line":74,"column":3}},"6":{"start":{"line":84,"column":26},"end":{"line":113,"column":1}},"7":{"start":{"line":85,"column":19},"end":{"line":85,"column":37}},"8":{"start":{"line":86,"column":23},"end":{"line":86,"column":47}},"9":{"start":{"line":87,"column":23},"end":{"line":87,"column":47}},"10":{"start":{"line":89,"column":27},"end":{"line":89,"column":55}},"11":{"start":{"line":89,"column":33},"end":{"line":89,"column":55}},"12":{"start":{"line":90,"column":27},"end":{"line":90,"column":55}},"13":{"start":{"line":90,"column":33},"end":{"line":90,"column":55}},"14":{"start":{"line":92,"column":2},"end":{"line":112,"column":3}}},"fnMap":{"0":{"name":"(anonymous_0)","decl":{"start":{"line":33,"column":14},"end":{"line":33,"column":15}},"loc":{"start":{"line":39,"column":18},"end":{"line":75,"column":1}},"line":39},"1":{"name":"(anonymous_1)","decl":{"start":{"line":84,"column":26},"end":{"line":84,"column":27}},"loc":{"start":{"line":84,"column":32},"end":{"line":113,"column":1}},"line":84},"2":{"name":"(anonymous_2)","decl":{"start":{"line":89,"column":27},"end":{"line":89,"column":28}},"loc":{"start":{"line":89,"column":33},"end":{"line":89,"column":55}},"line":89},"3":{"name":"(anonymous_3)","decl":{"start":{"line":90,"column":27},"end":{"line":90,"column":28}},"loc":{"start":{"line":90,"column":33},"end":{"line":90,"column":55}},"line":90}},"branchMap":{"0":{"loc":{"start":{"line":37,"column":2},"end":{"line":37,"column":18}},"type":"default-arg","locations":[{"start":{"line":37,"column":9},"end":{"line":37,"column":18}}],"line":37},"1":{"loc":{"start":{"line":38,"column":2},"end":{"line":38,"column":17}},"type":"default-arg","locations":[{"start":{"line":38,"column":13},"end":{"line":38,"column":17}}],"line":38},"2":{"loc":{"start":{"line":41,"column":2},"end":{"line":45,"column":3}},"type":"if","locations":[{"start":{"line":41,"column":2},"end":{"line":45,"column":3}},{"start":{"line":43,"column":9},"end":{"line":45,"column":3}}],"line":41},"3":{"loc":{"start":{"line":50,"column":24},"end":{"line":50,"column":55}},"type":"cond-expr","locations":[{"start":{"line":50,"column":35},"end":{"line":50,"column":43}},{"start":{"line":50,"column":46},"end":{"line":50,"column":55}}],"line":50}},"s":{"0":0,"1":0,"2":0,"3":0,"4":0,"5":0,"6":0,"7":0,"8":0,"9":0,"10":0,"11":0,"12":0,"13":0,"14":0},"f":{"0":0,"1":0,"2":0,"3":0},"b":{"0":[0],"1":[0],"2":[0,0],"3":[0,0]}}
,"/home/wsdt/Schreibtisch/GitRepositories/enya/boba/packages/boba/gateway/src/components/availableBridges/bobaBridges.ts": {"path":"/home/wsdt/Schreibtisch/GitRepositories/enya/boba/packages/boba/gateway/src/components/availableBridges/bobaBridges.ts","statementMap":{"0":{"start":{"line":3,"column":39},"end":{"line":40,"column":1}},"1":{"start":{"line":42,"column":29},"end":{"line":44,"column":1}},"2":{"start":{"line":43,"column":2},"end":{"line":43,"column":71}},"3":{"start":{"line":43,"column":40},"end":{"line":43,"column":70}}},"fnMap":{"0":{"name":"(anonymous_0)","decl":{"start":{"line":42,"column":29},"end":{"line":42,"column":30}},"loc":{"start":{"line":42,"column":49},"end":{"line":44,"column":1}},"line":42},"1":{"name":"(anonymous_1)","decl":{"start":{"line":43,"column":28},"end":{"line":43,"column":29}},"loc":{"start":{"line":43,"column":40},"end":{"line":43,"column":70}},"line":43}},"branchMap":{},"s":{"0":1,"1":1,"2":7,"3":42},"f":{"0":7,"1":42},"b":{},"_coverageSchema":"1a1c01bbd47fc00a2c39e90264f33305004495a9","hash":"2557b7aa8dd84838a964d4f73ab45a32e8bb5357"}
,"/home/wsdt/Schreibtisch/GitRepositories/enya/boba/packages/boba/gateway/src/components/availableBridges/index.tsx": {"path":"/home/wsdt/Schreibtisch/GitRepositories/enya/boba/packages/boba/gateway/src/components/availableBridges/index.tsx","statementMap":{"0":{"start":{"line":11,"column":33},"end":{"line":22,"column":3}},"1":{"start":{"line":11,"column":60},"end":{"line":22,"column":1}},"2":{"start":{"line":24,"column":29},"end":{"line":27,"column":1}},"3":{"start":{"line":29,"column":13},"end":{"line":32,"column":1}},"4":{"start":{"line":34,"column":31},"end":{"line":42,"column":3}},"5":{"start":{"line":34,"column":60},"end":{"line":42,"column":1}},"6":{"start":{"line":44,"column":32},"end":{"line":107,"column":1}},"7":{"start":{"line":48,"column":32},"end":{"line":48,"column":56}},"8":{"start":{"line":49,"column":34},"end":{"line":49,"column":54}},"9":{"start":{"line":50,"column":44},"end":{"line":50,"column":68}},"10":{"start":{"line":52,"column":22},"end":{"line":52,"column":60}},"11":{"start":{"line":53,"column":18},"end":{"line":53,"column":52}},"12":{"start":{"line":55,"column":2},"end":{"line":69,"column":28}},"13":{"start":{"line":56,"column":4},"end":{"line":68,"column":5}},"14":{"start":{"line":57,"column":23},"end":{"line":57,"column":51}},"15":{"start":{"line":58,"column":6},"end":{"line":58,"column":26}},"16":{"start":{"line":60,"column":6},"end":{"line":67,"column":7}},"17":{"start":{"line":61,"column":26},"end":{"line":64,"column":10}},"18":{"start":{"line":65,"column":8},"end":{"line":65,"column":30}},"19":{"start":{"line":66,"column":8},"end":{"line":66,"column":30}},"20":{"start":{"line":71,"column":2},"end":{"line":78,"column":3}},"21":{"start":{"line":77,"column":4},"end":{"line":77,"column":16}},"22":{"start":{"line":80,"column":2},"end":{"line":106,"column":3}},"23":{"start":{"line":95,"column":8},"end":{"line":103,"column":15}}},"fnMap":{"0":{"name":"(anonymous_0)","decl":{"start":{"line":11,"column":44},"end":{"line":11,"column":45}},"loc":{"start":{"line":11,"column":60},"end":{"line":22,"column":1}},"line":11},"1":{"name":"(anonymous_1)","decl":{"start":{"line":34,"column":44},"end":{"line":34,"column":45}},"loc":{"start":{"line":34,"column":60},"end":{"line":42,"column":1}},"line":34},"2":{"name":"(anonymous_2)","decl":{"start":{"line":44,"column":32},"end":{"line":44,"column":33}},"loc":{"start":{"line":47,"column":29},"end":{"line":107,"column":1}},"line":47},"3":{"name":"(anonymous_3)","decl":{"start":{"line":55,"column":12},"end":{"line":55,"column":13}},"loc":{"start":{"line":55,"column":18},"end":{"line":69,"column":3}},"line":55},"4":{"name":"(anonymous_4)","decl":{"start":{"line":94,"column":19},"end":{"line":94,"column":20}},"loc":{"start":{"line":95,"column":8},"end":{"line":103,"column":15}},"line":95}},"branchMap":{"0":{"loc":{"start":{"line":45,"column":2},"end":{"line":45,"column":14}},"type":"default-arg","locations":[{"start":{"line":45,"column":10},"end":{"line":45,"column":14}}],"line":45},"1":{"loc":{"start":{"line":46,"column":2},"end":{"line":46,"column":20}},"type":"default-arg","locations":[{"start":{"line":46,"column":18},"end":{"line":46,"column":20}}],"line":46},"2":{"loc":{"start":{"line":56,"column":4},"end":{"line":68,"column":5}},"type":"if","locations":[{"start":{"line":56,"column":4},"end":{"line":68,"column":5}},{"start":{},"end":{}}],"line":56},"3":{"loc":{"start":{"line":60,"column":6},"end":{"line":67,"column":7}},"type":"if","locations":[{"start":{"line":60,"column":6},"end":{"line":67,"column":7}},{"start":{},"end":{}}],"line":60},"4":{"loc":{"start":{"line":60,"column":10},"end":{"line":60,"column":61}},"type":"binary-expr","locations":[{"start":{"line":60,"column":10},"end":{"line":60,"column":33}},{"start":{"line":60,"column":37},"end":{"line":60,"column":61}}],"line":60},"5":{"loc":{"start":{"line":71,"column":2},"end":{"line":78,"column":3}},"type":"if","locations":[{"start":{"line":71,"column":2},"end":{"line":78,"column":3}},{"start":{},"end":{}}],"line":71},"6":{"loc":{"start":{"line":72,"column":4},"end":{"line":75,"column":39}},"type":"binary-expr","locations":[{"start":{"line":72,"column":4},"end":{"line":72,"column":10}},{"start":{"line":73,"column":4},"end":{"line":73,"column":40}},{"start":{"line":74,"column":4},"end":{"line":74,"column":32}},{"start":{"line":75,"column":5},"end":{"line":75,"column":19}},{"start":{"line":75,"column":23},"end":{"line":75,"column":38}}],"line":72},"7":{"loc":{"start":{"line":83,"column":7},"end":{"line":93,"column":7}},"type":"binary-expr","locations":[{"start":{"line":83,"column":7},"end":{"line":83,"column":35}},{"start":{"line":83,"column":39},"end":{"line":83,"column":52}},{"start":{"line":84,"column":8},"end":{"line":92,"column":15}}],"line":83}},"s":{"0":1,"1":7,"2":1,"3":1,"4":1,"5":18,"6":1,"7":17,"8":17,"9":17,"10":17,"11":17,"12":17,"13":10,"14":7,"15":7,"16":7,"17":4,"18":4,"19":4,"20":17,"21":10,"22":7,"23":14},"f":{"0":7,"1":18,"2":17,"3":10,"4":14},"b":{"0":[0],"1":[0],"2":[7,3],"3":[4,3],"4":[7,5],"5":[10,7],"6":[17,14,14,14,10],"7":[7,7,4]},"_coverageSchema":"1a1c01bbd47fc00a2c39e90264f33305004495a9","hash":"1405bdbdbc2055da60eacc6f34ad4ef4e7c71446"}
,"/home/wsdt/Schreibtisch/GitRepositories/enya/boba/packages/boba/gateway/src/components/bridge/ChainLabel/index.tsx": {"path":"/home/wsdt/Schreibtisch/GitRepositories/enya/boba/packages/boba/gateway/src/components/bridge/ChainLabel/index.tsx","statementMap":{"0":{"start":{"line":14,"column":26},"end":{"line":55,"column":1}},"1":{"start":{"line":15,"column":26},"end":{"line":15,"column":40}},"2":{"start":{"line":17,"column":16},"end":{"line":17,"column":42}},"3":{"start":{"line":18,"column":22},"end":{"line":18,"column":60}},"4":{"start":{"line":19,"column":31},"end":{"line":19,"column":69}},"5":{"start":{"line":21,"column":15},"end":{"line":21,"column":33}},"6":{"start":{"line":23,"column":2},"end":{"line":25,"column":12}},"7":{"start":{"line":24,"column":4},"end":{"line":24,"column":17}},"8":{"start":{"line":27,"column":17},"end":{"line":27,"column":31}},"9":{"start":{"line":28,"column":17},"end":{"line":28,"column":31}},"10":{"start":{"line":30,"column":23},"end":{"line":37,"column":3}},"11":{"start":{"line":31,"column":4},"end":{"line":36,"column":5}},"12":{"start":{"line":39,"column":23},"end":{"line":46,"column":3}},"13":{"start":{"line":40,"column":4},"end":{"line":45,"column":5}},"14":{"start":{"line":47,"column":32},"end":{"line":50,"column":3}},"15":{"start":{"line":52,"column":28},"end":{"line":52,"column":68}},"16":{"start":{"line":54,"column":2},"end":{"line":54,"column":52}}},"fnMap":{"0":{"name":"(anonymous_0)","decl":{"start":{"line":14,"column":26},"end":{"line":14,"column":27}},"loc":{"start":{"line":14,"column":66},"end":{"line":55,"column":1}},"line":14},"1":{"name":"(anonymous_1)","decl":{"start":{"line":23,"column":12},"end":{"line":23,"column":13}},"loc":{"start":{"line":23,"column":18},"end":{"line":25,"column":3}},"line":23},"2":{"name":"(anonymous_2)","decl":{"start":{"line":30,"column":23},"end":{"line":30,"column":24}},"loc":{"start":{"line":30,"column":29},"end":{"line":37,"column":3}},"line":30},"3":{"name":"(anonymous_3)","decl":{"start":{"line":39,"column":23},"end":{"line":39,"column":24}},"loc":{"start":{"line":39,"column":29},"end":{"line":46,"column":3}},"line":39}},"branchMap":{"0":{"loc":{"start":{"line":34,"column":9},"end":{"line":34,"column":53}},"type":"binary-expr","locations":[{"start":{"line":34,"column":9},"end":{"line":34,"column":26}},{"start":{"line":34,"column":30},"end":{"line":34,"column":53}}],"line":34},"1":{"loc":{"start":{"line":43,"column":9},"end":{"line":43,"column":53}},"type":"binary-expr","locations":[{"start":{"line":43,"column":9},"end":{"line":43,"column":26}},{"start":{"line":43,"column":30},"end":{"line":43,"column":53}}],"line":43},"2":{"loc":{"start":{"line":48,"column":10},"end":{"line":48,"column":52}},"type":"cond-expr","locations":[{"start":{"line":48,"column":17},"end":{"line":48,"column":33}},{"start":{"line":48,"column":36},"end":{"line":48,"column":52}}],"line":48},"3":{"loc":{"start":{"line":49,"column":8},"end":{"line":49,"column":50}},"type":"cond-expr","locations":[{"start":{"line":49,"column":15},"end":{"line":49,"column":31}},{"start":{"line":49,"column":34},"end":{"line":49,"column":50}}],"line":49},"4":{"loc":{"start":{"line":54,"column":9},"end":{"line":54,"column":52}},"type":"cond-expr","locations":[{"start":{"line":54,"column":21},"end":{"line":54,"column":38}},{"start":{"line":54,"column":41},"end":{"line":54,"column":52}}],"line":54}},"s":{"0":1,"1":0,"2":0,"3":0,"4":0,"5":0,"6":0,"7":0,"8":0,"9":0,"10":0,"11":0,"12":0,"13":0,"14":0,"15":0,"16":0},"f":{"0":0,"1":0,"2":0,"3":0},"b":{"0":[0,0],"1":[0,0],"2":[0,0],"3":[0,0],"4":[0,0]},"_coverageSchema":"1a1c01bbd47fc00a2c39e90264f33305004495a9","hash":"101ca736f11e13e1fed1c00506efe01432cc5477"}
,"/home/wsdt/Schreibtisch/GitRepositories/enya/boba/packages/boba/gateway/src/components/bridge/ChainLabel/styles.ts": {"path":"/home/wsdt/Schreibtisch/GitRepositories/enya/boba/packages/boba/gateway/src/components/bridge/ChainLabel/styles.ts","statementMap":{"0":{"start":{"line":4,"column":35},"end":{"line":15,"column":1}}},"fnMap":{},"branchMap":{},"s":{"0":1},"f":{},"b":{},"_coverageSchema":"1a1c01bbd47fc00a2c39e90264f33305004495a9","hash":"98ead2911b16bbd500a6c66e59bfd72f502c4073"}
,"/home/wsdt/Schreibtisch/GitRepositories/enya/boba/packages/boba/gateway/src/components/bridge/NetworkPickerList/index.tsx": {"path":"/home/wsdt/Schreibtisch/GitRepositories/enya/boba/packages/boba/gateway/src/components/bridge/NetworkPickerList/index.tsx","statementMap":{"0":{"start":{"line":31,"column":49},"end":{"line":79,"column":1}},"1":{"start":{"line":32,"column":19},"end":{"line":32,"column":37}},"2":{"start":{"line":33,"column":22},"end":{"line":33,"column":60}},"3":{"start":{"line":34,"column":24},"end":{"line":34,"column":58}},"4":{"start":{"line":35,"column":25},"end":{"line":35,"column":72}},"5":{"start":{"line":36,"column":16},"end":{"line":36,"column":47}},"6":{"start":{"line":38,"column":17},"end":{"line":38,"column":56}},"7":{"start":{"line":39,"column":17},"end":{"line":39,"column":56}},"8":{"start":{"line":41,"column":19},"end":{"line":41,"column":69}},"9":{"start":{"line":42,"column":23},"end":{"line":42,"column":72}},"10":{"start":{"line":43,"column":24},"end":{"line":54,"column":3}},"11":{"start":{"line":44,"column":4},"end":{"line":52,"column":5}},"12":{"start":{"line":53,"column":4},"end":{"line":53,"column":11}},"13":{"start":{"line":56,"column":2},"end":{"line":78,"column":3}},"14":{"start":{"line":60,"column":10},"end":{"line":62,"column":38}},"15":{"start":{"line":64,"column":8},"end":{"line":75,"column":9}},"16":{"start":{"line":68,"column":27},"end":{"line":68,"column":53}}},"fnMap":{"0":{"name":"(anonymous_0)","decl":{"start":{"line":31,"column":49},"end":{"line":31,"column":50}},"loc":{"start":{"line":31,"column":75},"end":{"line":79,"column":1}},"line":31},"1":{"name":"(anonymous_1)","decl":{"start":{"line":31,"column":60},"end":{"line":31,"column":61}},"loc":{"start":{"line":31,"column":66},"end":{"line":31,"column":68}},"line":31},"2":{"name":"(anonymous_2)","decl":{"start":{"line":43,"column":24},"end":{"line":43,"column":25}},"loc":{"start":{"line":43,"column":51},"end":{"line":54,"column":3}},"line":43},"3":{"name":"(anonymous_3)","decl":{"start":{"line":58,"column":20},"end":{"line":58,"column":21}},"loc":{"start":{"line":58,"column":47},"end":{"line":76,"column":7}},"line":58},"4":{"name":"(anonymous_4)","decl":{"start":{"line":68,"column":21},"end":{"line":68,"column":22}},"loc":{"start":{"line":68,"column":27},"end":{"line":68,"column":53}},"line":68}},"branchMap":{"0":{"loc":{"start":{"line":31,"column":52},"end":{"line":31,"column":68}},"type":"default-arg","locations":[{"start":{"line":31,"column":60},"end":{"line":31,"column":68}}],"line":31},"1":{"loc":{"start":{"line":42,"column":23},"end":{"line":42,"column":72}},"type":"binary-expr","locations":[{"start":{"line":42,"column":23},"end":{"line":42,"column":37}},{"start":{"line":42,"column":41},"end":{"line":42,"column":72}}],"line":42},"2":{"loc":{"start":{"line":60,"column":10},"end":{"line":62,"column":38}},"type":"cond-expr","locations":[{"start":{"line":61,"column":14},"end":{"line":61,"column":38}},{"start":{"line":62,"column":14},"end":{"line":62,"column":38}}],"line":60}},"s":{"0":1,"1":0,"2":0,"3":0,"4":0,"5":0,"6":0,"7":0,"8":0,"9":0,"10":0,"11":0,"12":0,"13":0,"14":0,"15":0,"16":0},"f":{"0":0,"1":0,"2":0,"3":0,"4":0},"b":{"0":[0],"1":[0,0],"2":[0,0]},"_coverageSchema":"1a1c01bbd47fc00a2c39e90264f33305004495a9","hash":"92e5c9439e9e7d114167f024cb5913223c6c5f02"}
,"/home/wsdt/Schreibtisch/GitRepositories/enya/boba/packages/boba/gateway/src/components/bridge/NetworkPickerList/styles.ts": {"path":"/home/wsdt/Schreibtisch/GitRepositories/enya/boba/packages/boba/gateway/src/components/bridge/NetworkPickerList/styles.ts","statementMap":{"0":{"start":{"line":4,"column":43},"end":{"line":6,"column":1}},"1":{"start":{"line":7,"column":33},"end":{"line":13,"column":1}},"2":{"start":{"line":14,"column":27},"end":{"line":36,"column":1}},"3":{"start":{"line":25,"column":4},"end":{"line":30,"column":5}},"4":{"start":{"line":29,"column":47},"end":{"line":29,"column":63}},"5":{"start":{"line":34,"column":45},"end":{"line":34,"column":61}},"6":{"start":{"line":37,"column":27},"end":{"line":41,"column":1}},"7":{"start":{"line":42,"column":28},"end":{"line":48,"column":1}},"8":{"start":{"line":46,"column":4},"end":{"line":46,"column":57}},"9":{"start":{"line":50,"column":0},"end":{"line":55,"column":1}},"10":{"start":{"line":54,"column":26},"end":{"line":54,"column":47}}},"fnMap":{"0":{"name":"(anonymous_0)","decl":{"start":{"line":24,"column":4},"end":{"line":24,"column":5}},"loc":{"start":{"line":25,"column":4},"end":{"line":30,"column":5}},"line":25},"1":{"name":"(anonymous_1)","decl":{"start":{"line":29,"column":20},"end":{"line":29,"column":21}},"loc":{"start":{"line":29,"column":47},"end":{"line":29,"column":63}},"line":29},"2":{"name":"(anonymous_2)","decl":{"start":{"line":34,"column":18},"end":{"line":34,"column":19}},"loc":{"start":{"line":34,"column":45},"end":{"line":34,"column":61}},"line":34},"3":{"name":"(anonymous_3)","decl":{"start":{"line":45,"column":11},"end":{"line":45,"column":12}},"loc":{"start":{"line":46,"column":4},"end":{"line":46,"column":57}},"line":46},"4":{"name":"(anonymous_4)","decl":{"start":{"line":54,"column":11},"end":{"line":54,"column":12}},"loc":{"start":{"line":54,"column":26},"end":{"line":54,"column":47}},"line":54}},"branchMap":{"0":{"loc":{"start":{"line":25,"column":4},"end":{"line":30,"column":5}},"type":"binary-expr","locations":[{"start":{"line":25,"column":4},"end":{"line":25,"column":12}},{"start":{"line":26,"column":4},"end":{"line":30,"column":5}}],"line":25},"1":{"loc":{"start":{"line":46,"column":4},"end":{"line":46,"column":57}},"type":"cond-expr","locations":[{"start":{"line":46,"column":23},"end":{"line":46,"column":39}},{"start":{"line":46,"column":42},"end":{"line":46,"column":57}}],"line":46}},"s":{"0":1,"1":1,"2":1,"3":0,"4":0,"5":0,"6":1,"7":1,"8":0,"9":1,"10":0},"f":{"0":0,"1":0,"2":0,"3":0,"4":0},"b":{"0":[0,0],"1":[0,0]},"_coverageSchema":"1a1c01bbd47fc00a2c39e90264f33305004495a9","hash":"abf1648abdce76511be17f2d3c88ae7af7459cf3"}
,"/home/wsdt/Schreibtisch/GitRepositories/enya/boba/packages/boba/gateway/src/components/copy/Copy.tsx": {"path":"/home/wsdt/Schreibtisch/GitRepositories/enya/boba/packages/boba/gateway/src/components/copy/Copy.tsx","statementMap":{"0":{"start":{"line":24,"column":13},"end":{"line":49,"column":1}},"1":{"start":{"line":25,"column":26},"end":{"line":25,"column":41}},"2":{"start":{"line":27,"column":22},"end":{"line":30,"column":3}},"3":{"start":{"line":28,"column":4},"end":{"line":28,"column":39}},"4":{"start":{"line":29,"column":4},"end":{"line":29,"column":17}},"5":{"start":{"line":32,"column":2},"end":{"line":38,"column":21}},"6":{"start":{"line":33,"column":4},"end":{"line":37,"column":5}},"7":{"start":{"line":34,"column":6},"end":{"line":36,"column":14}},"8":{"start":{"line":35,"column":8},"end":{"line":35,"column":22}},"9":{"start":{"line":40,"column":2},"end":{"line":48,"column":3}},"10":{"start":{"line":41,"column":24},"end":{"line":41,"column":42}}},"fnMap":{"0":{"name":"(anonymous_0)","decl":{"start":{"line":24,"column":13},"end":{"line":24,"column":14}},"loc":{"start":{"line":24,"column":56},"end":{"line":49,"column":1}},"line":24},"1":{"name":"(anonymous_1)","decl":{"start":{"line":27,"column":22},"end":{"line":27,"column":23}},"loc":{"start":{"line":27,"column":40},"end":{"line":30,"column":3}},"line":27},"2":{"name":"(anonymous_2)","decl":{"start":{"line":32,"column":12},"end":{"line":32,"column":13}},"loc":{"start":{"line":32,"column":18},"end":{"line":38,"column":3}},"line":32},"3":{"name":"(anonymous_3)","decl":{"start":{"line":34,"column":17},"end":{"line":34,"column":18}},"loc":{"start":{"line":34,"column":23},"end":{"line":36,"column":7}},"line":34},"4":{"name":"(anonymous_4)","decl":{"start":{"line":41,"column":18},"end":{"line":41,"column":19}},"loc":{"start":{"line":41,"column":24},"end":{"line":41,"column":42}},"line":41}},"branchMap":{"0":{"loc":{"start":{"line":24,"column":16},"end":{"line":24,"column":26}},"type":"default-arg","locations":[{"start":{"line":24,"column":24},"end":{"line":24,"column":26}}],"line":24},"1":{"loc":{"start":{"line":33,"column":4},"end":{"line":37,"column":5}},"type":"if","locations":[{"start":{"line":33,"column":4},"end":{"line":37,"column":5}},{"start":{},"end":{}}],"line":33}},"s":{"0":0,"1":0,"2":0,"3":0,"4":0,"5":0,"6":0,"7":0,"8":0,"9":0,"10":0},"f":{"0":0,"1":0,"2":0,"3":0,"4":0},"b":{"0":[0],"1":[0,0]}}
,"/home/wsdt/Schreibtisch/GitRepositories/enya/boba/packages/boba/gateway/src/components/counterButton/CounterButton.tsx": {"path":"/home/wsdt/Schreibtisch/GitRepositories/enya/boba/packages/boba/gateway/src/components/counterButton/CounterButton.tsx","statementMap":{"0":{"start":{"line":26,"column":22},"end":{"line":43,"column":1}},"1":{"start":{"line":27,"column":39},"end":{"line":27,"column":44}},"2":{"start":{"line":29,"column":2},"end":{"line":42,"column":3}}},"fnMap":{"0":{"name":"(anonymous_0)","decl":{"start":{"line":26,"column":22},"end":{"line":26,"column":23}},"loc":{"start":{"line":26,"column":70},"end":{"line":43,"column":1}},"line":26}},"branchMap":{"0":{"loc":{"start":{"line":36,"column":7},"end":{"line":40,"column":7}},"type":"cond-expr","locations":[{"start":{"line":37,"column":8},"end":{"line":37,"column":49}},{"start":{"line":39,"column":8},"end":{"line":39,"column":46}}],"line":36}},"s":{"0":0,"1":0,"2":0},"f":{"0":0},"b":{"0":[0,0]}}
,"/home/wsdt/Schreibtisch/GitRepositories/enya/boba/packages/boba/gateway/src/components/dao/LinearProgress/index.tsx": {"path":"/home/wsdt/Schreibtisch/GitRepositories/enya/boba/packages/boba/gateway/src/components/dao/LinearProgress/index.tsx","statementMap":{"0":{"start":{"line":5,"column":61},"end":{"line":31,"column":1}},"1":{"start":{"line":6,"column":21},"end":{"line":6,"column":30}},"2":{"start":{"line":7,"column":19},"end":{"line":7,"column":47}},"3":{"start":{"line":8,"column":23},"end":{"line":8,"column":51}},"4":{"start":{"line":9,"column":23},"end":{"line":9,"column":51}},"5":{"start":{"line":11,"column":2},"end":{"line":30,"column":3}}},"fnMap":{"0":{"name":"(anonymous_0)","decl":{"start":{"line":5,"column":61},"end":{"line":5,"column":62}},"loc":{"start":{"line":5,"column":78},"end":{"line":31,"column":1}},"line":5}},"branchMap":{},"s":{"0":0,"1":0,"2":0,"3":0,"4":0,"5":0},"f":{"0":0},"b":{}}
,"/home/wsdt/Schreibtisch/GitRepositories/enya/boba/packages/boba/gateway/src/components/dao/label/index.tsx": {"path":"/home/wsdt/Schreibtisch/GitRepositories/enya/boba/packages/boba/gateway/src/components/dao/label/index.tsx","statementMap":{"0":{"start":{"line":4,"column":21},"end":{"line":6,"column":1}},"1":{"start":{"line":5,"column":2},"end":{"line":5,"column":77}}},"fnMap":{"0":{"name":"(anonymous_0)","decl":{"start":{"line":4,"column":21},"end":{"line":4,"column":22}},"loc":{"start":{"line":4,"column":52},"end":{"line":6,"column":1}},"line":4}},"branchMap":{},"s":{"0":0,"1":0},"f":{"0":0},"b":{}}
,"/home/wsdt/Schreibtisch/GitRepositories/enya/boba/packages/boba/gateway/src/components/dao/label/styles.ts": {"path":"/home/wsdt/Schreibtisch/GitRepositories/enya/boba/packages/boba/gateway/src/components/dao/label/styles.ts","statementMap":{"0":{"start":{"line":3,"column":30},"end":{"line":32,"column":1}},"1":{"start":{"line":6,"column":26},"end":{"line":6,"column":48}},"2":{"start":{"line":8,"column":22},"end":{"line":8,"column":49}},"3":{"start":{"line":9,"column":33},"end":{"line":9,"column":60}},"4":{"start":{"line":13,"column":4},"end":{"line":17,"column":5}},"5":{"start":{"line":20,"column":4},"end":{"line":24,"column":5}},"6":{"start":{"line":27,"column":4},"end":{"line":31,"column":5}}},"fnMap":{"0":{"name":"(anonymous_0)","decl":{"start":{"line":6,"column":15},"end":{"line":6,"column":16}},"loc":{"start":{"line":6,"column":26},"end":{"line":6,"column":48}},"line":6},"1":{"name":"(anonymous_1)","decl":{"start":{"line":8,"column":11},"end":{"line":8,"column":12}},"loc":{"start":{"line":8,"column":22},"end":{"line":8,"column":49}},"line":8},"2":{"name":"(anonymous_2)","decl":{"start":{"line":9,"column":22},"end":{"line":9,"column":23}},"loc":{"start":{"line":9,"column":33},"end":{"line":9,"column":60}},"line":9},"3":{"name":"(anonymous_3)","decl":{"start":{"line":12,"column":4},"end":{"line":12,"column":5}},"loc":{"start":{"line":13,"column":4},"end":{"line":17,"column":5}},"line":13},"4":{"name":"(anonymous_4)","decl":{"start":{"line":19,"column":4},"end":{"line":19,"column":5}},"loc":{"start":{"line":20,"column":4},"end":{"line":24,"column":5}},"line":20},"5":{"name":"(anonymous_5)","decl":{"start":{"line":26,"column":6},"end":{"line":26,"column":7}},"loc":{"start":{"line":27,"column":4},"end":{"line":31,"column":5}},"line":27}},"branchMap":{"0":{"loc":{"start":{"line":13,"column":4},"end":{"line":17,"column":5}},"type":"binary-expr","locations":[{"start":{"line":13,"column":4},"end":{"line":13,"column":28}},{"start":{"line":14,"column":4},"end":{"line":17,"column":5}}],"line":13},"1":{"loc":{"start":{"line":20,"column":4},"end":{"line":24,"column":5}},"type":"binary-expr","locations":[{"start":{"line":20,"column":4},"end":{"line":20,"column":29}},{"start":{"line":21,"column":4},"end":{"line":24,"column":5}}],"line":20},"2":{"loc":{"start":{"line":27,"column":4},"end":{"line":31,"column":5}},"type":"binary-expr","locations":[{"start":{"line":27,"column":4},"end":{"line":27,"column":30}},{"start":{"line":28,"column":4},"end":{"line":31,"column":5}}],"line":27}},"s":{"0":0,"1":0,"2":0,"3":0,"4":0,"5":0,"6":0},"f":{"0":0,"1":0,"2":0,"3":0,"4":0,"5":0},"b":{"0":[0,0],"1":[0,0],"2":[0,0]}}
,"/home/wsdt/Schreibtisch/GitRepositories/enya/boba/packages/boba/gateway/src/components/dao/preloader/index.tsx": {"path":"/home/wsdt/Schreibtisch/GitRepositories/enya/boba/packages/boba/gateway/src/components/dao/preloader/index.tsx","statementMap":{"0":{"start":{"line":11,"column":25},"end":{"line":26,"column":1}},"1":{"start":{"line":12,"column":16},"end":{"line":12,"column":17}},"2":{"start":{"line":14,"column":2},"end":{"line":25,"column":3}},"3":{"start":{"line":17,"column":8},"end":{"line":22,"column":18}}},"fnMap":{"0":{"name":"(anonymous_0)","decl":{"start":{"line":11,"column":25},"end":{"line":11,"column":26}},"loc":{"start":{"line":11,"column":31},"end":{"line":26,"column":1}},"line":11},"1":{"name":"(anonymous_1)","decl":{"start":{"line":16,"column":41},"end":{"line":16,"column":42}},"loc":{"start":{"line":17,"column":8},"end":{"line":22,"column":18}},"line":17}},"branchMap":{},"s":{"0":0,"1":0,"2":0,"3":0},"f":{"0":0,"1":0},"b":{}}
,"/home/wsdt/Schreibtisch/GitRepositories/enya/boba/packages/boba/gateway/src/components/dao/preloader/styles.tsx": {"path":"/home/wsdt/Schreibtisch/GitRepositories/enya/boba/packages/boba/gateway/src/components/dao/preloader/styles.tsx","statementMap":{"0":{"start":{"line":3,"column":28},"end":{"line":10,"column":1}},"1":{"start":{"line":12,"column":27},"end":{"line":19,"column":1}},"2":{"start":{"line":21,"column":22},"end":{"line":35,"column":1}},"3":{"start":{"line":25,"column":4},"end":{"line":28,"column":5}},"4":{"start":{"line":30,"column":4},"end":{"line":33,"column":5}},"5":{"start":{"line":36,"column":22},"end":{"line":38,"column":1}},"6":{"start":{"line":39,"column":21},"end":{"line":41,"column":1}},"7":{"start":{"line":42,"column":21},"end":{"line":44,"column":1}},"8":{"start":{"line":45,"column":21},"end":{"line":47,"column":1}},"9":{"start":{"line":49,"column":34},"end":{"line":55,"column":1}},"10":{"start":{"line":56,"column":23},"end":{"line":66,"column":1}},"11":{"start":{"line":57,"column":33},"end":{"line":57,"column":62}},"12":{"start":{"line":65,"column":27},"end":{"line":65,"column":60}}},"fnMap":{"0":{"name":"(anonymous_0)","decl":{"start":{"line":24,"column":4},"end":{"line":24,"column":5}},"loc":{"start":{"line":25,"column":4},"end":{"line":28,"column":5}},"line":25},"1":{"name":"(anonymous_1)","decl":{"start":{"line":29,"column":4},"end":{"line":29,"column":5}},"loc":{"start":{"line":30,"column":4},"end":{"line":33,"column":5}},"line":30},"2":{"name":"(anonymous_2)","decl":{"start":{"line":57,"column":22},"end":{"line":57,"column":23}},"loc":{"start":{"line":57,"column":33},"end":{"line":57,"column":62}},"line":57},"3":{"name":"(anonymous_3)","decl":{"start":{"line":65,"column":16},"end":{"line":65,"column":17}},"loc":{"start":{"line":65,"column":27},"end":{"line":65,"column":60}},"line":65}},"branchMap":{"0":{"loc":{"start":{"line":25,"column":4},"end":{"line":28,"column":5}},"type":"binary-expr","locations":[{"start":{"line":25,"column":4},"end":{"line":25,"column":32}},{"start":{"line":26,"column":4},"end":{"line":28,"column":5}}],"line":25},"1":{"loc":{"start":{"line":30,"column":4},"end":{"line":33,"column":5}},"type":"binary-expr","locations":[{"start":{"line":30,"column":4},"end":{"line":30,"column":31}},{"start":{"line":31,"column":4},"end":{"line":33,"column":5}}],"line":30}},"s":{"0":0,"1":0,"2":0,"3":0,"4":0,"5":0,"6":0,"7":0,"8":0,"9":0,"10":0,"11":0,"12":0},"f":{"0":0,"1":0,"2":0,"3":0},"b":{"0":[0,0],"1":[0,0]}}
,"/home/wsdt/Schreibtisch/GitRepositories/enya/boba/packages/boba/gateway/src/components/disconnect/Disconnect.tsx": {"path":"/home/wsdt/Schreibtisch/GitRepositories/enya/boba/packages/boba/gateway/src/components/disconnect/Disconnect.tsx","statementMap":{"0":{"start":{"line":22,"column":19},"end":{"line":33,"column":1}},"1":{"start":{"line":23,"column":25},"end":{"line":23,"column":40}},"2":{"start":{"line":24,"column":2},"end":{"line":32,"column":3}}},"fnMap":{"0":{"name":"(anonymous_0)","decl":{"start":{"line":22,"column":19},"end":{"line":22,"column":20}},"loc":{"start":{"line":22,"column":25},"end":{"line":33,"column":1}},"line":22}},"branchMap":{},"s":{"0":0,"1":0,"2":0},"f":{"0":0},"b":{}}
,"/home/wsdt/Schreibtisch/GitRepositories/enya/boba/packages/boba/gateway/src/components/filter/index.tsx": {"path":"/home/wsdt/Schreibtisch/GitRepositories/enya/boba/packages/boba/gateway/src/components/filter/index.tsx","statementMap":{"0":{"start":{"line":32,"column":62},"end":{"line":102,"column":1}},"1":{"start":{"line":41,"column":4},"end":{"line":41,"column":46}},"2":{"start":{"line":42,"column":30},"end":{"line":42,"column":54}},"3":{"start":{"line":44,"column":25},"end":{"line":46,"column":14}},"4":{"start":{"line":45,"column":4},"end":{"line":45,"column":22}},"5":{"start":{"line":48,"column":21},"end":{"line":52,"column":8}},"6":{"start":{"line":49,"column":4},"end":{"line":49,"column":42}},"7":{"start":{"line":50,"column":4},"end":{"line":50,"column":25}},"8":{"start":{"line":51,"column":4},"end":{"line":51,"column":20}},"9":{"start":{"line":54,"column":22},"end":{"line":54,"column":50}},"10":{"start":{"line":56,"column":2},"end":{"line":71,"column":19}},"11":{"start":{"line":57,"column":31},"end":{"line":64,"column":5}},"12":{"start":{"line":58,"column":6},"end":{"line":63,"column":7}},"13":{"start":{"line":62,"column":8},"end":{"line":62,"column":24}},"14":{"start":{"line":66,"column":4},"end":{"line":66,"column":62}},"15":{"start":{"line":67,"column":4},"end":{"line":70,"column":5}},"16":{"start":{"line":69,"column":6},"end":{"line":69,"column":67}},"17":{"start":{"line":73,"column":2},"end":{"line":101,"column":3}},"18":{"start":{"line":87,"column":14},"end":{"line":95,"column":23}},"19":{"start":{"line":91,"column":18},"end":{"line":91,"column":34}}},"fnMap":{"0":{"name":"(anonymous_0)","decl":{"start":{"line":32,"column":62},"end":{"line":32,"column":63}},"loc":{"start":{"line":39,"column":6},"end":{"line":102,"column":1}},"line":39},"1":{"name":"(anonymous_1)","decl":{"start":{"line":44,"column":37},"end":{"line":44,"column":38}},"loc":{"start":{"line":44,"column":43},"end":{"line":46,"column":3}},"line":44},"2":{"name":"(anonymous_2)","decl":{"start":{"line":48,"column":33},"end":{"line":48,"column":34}},"loc":{"start":{"line":48,"column":64},"end":{"line":52,"column":3}},"line":48},"3":{"name":"(anonymous_3)","decl":{"start":{"line":56,"column":12},"end":{"line":56,"column":13}},"loc":{"start":{"line":56,"column":18},"end":{"line":71,"column":3}},"line":56},"4":{"name":"(anonymous_4)","decl":{"start":{"line":57,"column":31},"end":{"line":57,"column":32}},"loc":{"start":{"line":57,"column":45},"end":{"line":64,"column":5}},"line":57},"5":{"name":"(anonymous_5)","decl":{"start":{"line":67,"column":11},"end":{"line":67,"column":12}},"loc":{"start":{"line":67,"column":17},"end":{"line":70,"column":5}},"line":67},"6":{"name":"(anonymous_6)","decl":{"start":{"line":86,"column":23},"end":{"line":86,"column":24}},"loc":{"start":{"line":87,"column":14},"end":{"line":95,"column":23}},"line":87},"7":{"name":"(anonymous_7)","decl":{"start":{"line":90,"column":25},"end":{"line":90,"column":26}},"loc":{"start":{"line":90,"column":31},"end":{"line":92,"column":17}},"line":90}},"branchMap":{"0":{"loc":{"start":{"line":35,"column":2},"end":{"line":35,"column":15}},"type":"default-arg","locations":[{"start":{"line":35,"column":10},"end":{"line":35,"column":15}}],"line":35},"1":{"loc":{"start":{"line":49,"column":4},"end":{"line":49,"column":42}},"type":"binary-expr","locations":[{"start":{"line":49,"column":4},"end":{"line":49,"column":18}},{"start":{"line":49,"column":22},"end":{"line":49,"column":42}}],"line":49},"2":{"loc":{"start":{"line":58,"column":6},"end":{"line":63,"column":7}},"type":"if","locations":[{"start":{"line":58,"column":6},"end":{"line":63,"column":7}},{"start":{},"end":{}}],"line":58},"3":{"loc":{"start":{"line":59,"column":8},"end":{"line":60,"column":55}},"type":"binary-expr","locations":[{"start":{"line":59,"column":8},"end":{"line":59,"column":27}},{"start":{"line":60,"column":8},"end":{"line":60,"column":55}}],"line":59},"4":{"loc":{"start":{"line":76,"column":9},"end":{"line":81,"column":9}},"type":"binary-expr","locations":[{"start":{"line":76,"column":9},"end":{"line":76,"column":15}},{"start":{"line":77,"column":10},"end":{"line":80,"column":26}}],"line":76},"5":{"loc":{"start":{"line":78,"column":13},"end":{"line":78,"column":58}},"type":"binary-expr","locations":[{"start":{"line":78,"column":13},"end":{"line":78,"column":33}},{"start":{"line":78,"column":37},"end":{"line":78,"column":58}}],"line":78},"6":{"loc":{"start":{"line":79,"column":13},"end":{"line":79,"column":52}},"type":"binary-expr","locations":[{"start":{"line":79,"column":13},"end":{"line":79,"column":33}},{"start":{"line":79,"column":37},"end":{"line":79,"column":52}}],"line":79},"7":{"loc":{"start":{"line":83,"column":7},"end":{"line":99,"column":7}},"type":"binary-expr","locations":[{"start":{"line":83,"column":7},"end":{"line":83,"column":13}},{"start":{"line":84,"column":8},"end":{"line":98,"column":23}}],"line":83}},"s":{"0":1,"1":1,"2":1,"3":1,"4":0,"5":1,"6":0,"7":0,"8":0,"9":1,"10":1,"11":1,"12":0,"13":0,"14":1,"15":1,"16":1,"17":1,"18":0,"19":0},"f":{"0":1,"1":0,"2":0,"3":1,"4":0,"5":1,"6":0,"7":0},"b":{"0":[0],"1":[0,0],"2":[0,0],"3":[0,0],"4":[1,1],"5":[1,1],"6":[1,0],"7":[1,0]},"_coverageSchema":"1a1c01bbd47fc00a2c39e90264f33305004495a9","hash":"a27fdda28ac7080d6cfc50ecc1414ef6de117de1"}
,"/home/wsdt/Schreibtisch/GitRepositories/enya/boba/packages/boba/gateway/src/components/filter/styles.ts": {"path":"/home/wsdt/Schreibtisch/GitRepositories/enya/boba/packages/boba/gateway/src/components/filter/styles.ts","statementMap":{"0":{"start":{"line":5,"column":33},"end":{"line":22,"column":1}},"1":{"start":{"line":13,"column":4},"end":{"line":16,"column":5}},"2":{"start":{"line":18,"column":4},"end":{"line":21,"column":5}},"3":{"start":{"line":24,"column":22},"end":{"line":78,"column":1}},"4":{"start":{"line":32,"column":4},"end":{"line":44,"column":5}},"5":{"start":{"line":46,"column":4},"end":{"line":59,"column":5}},"6":{"start":{"line":61,"column":4},"end":{"line":64,"column":5}},"7":{"start":{"line":66,"column":4},"end":{"line":77,"column":5}},"8":{"start":{"line":80,"column":29},"end":{"line":91,"column":1}},"9":{"start":{"line":93,"column":22},"end":{"line":110,"column":1}},"10":{"start":{"line":96,"column":26},"end":{"line":96,"column":48}},"11":{"start":{"line":103,"column":4},"end":{"line":106,"column":5}},"12":{"start":{"line":112,"column":27},"end":{"line":126,"column":1}},"13":{"start":{"line":117,"column":4},"end":{"line":120,"column":5}},"14":{"start":{"line":122,"column":4},"end":{"line":125,"column":5}},"15":{"start":{"line":127,"column":20},"end":{"line":139,"column":1}},"16":{"start":{"line":141,"column":28},"end":{"line":170,"column":1}},"17":{"start":{"line":155,"column":27},"end":{"line":155,"column":49}},"18":{"start":{"line":157,"column":4},"end":{"line":162,"column":5}},"19":{"start":{"line":164,"column":4},"end":{"line":169,"column":5}},"20":{"start":{"line":171,"column":31},"end":{"line":219,"column":1}},"21":{"start":{"line":202,"column":31},"end":{"line":202,"column":59}},"22":{"start":{"line":205,"column":6},"end":{"line":210,"column":7}},"23":{"start":{"line":212,"column":6},"end":{"line":217,"column":7}}},"fnMap":{"0":{"name":"(anonymous_0)","decl":{"start":{"line":12,"column":4},"end":{"line":12,"column":5}},"loc":{"start":{"line":13,"column":4},"end":{"line":16,"column":5}},"line":13},"1":{"name":"(anonymous_1)","decl":{"start":{"line":17,"column":4},"end":{"line":17,"column":5}},"loc":{"start":{"line":18,"column":4},"end":{"line":21,"column":5}},"line":18},"2":{"name":"(anonymous_2)","decl":{"start":{"line":31,"column":4},"end":{"line":31,"column":5}},"loc":{"start":{"line":32,"column":4},"end":{"line":44,"column":5}},"line":32},"3":{"name":"(anonymous_3)","decl":{"start":{"line":45,"column":4},"end":{"line":45,"column":5}},"loc":{"start":{"line":46,"column":4},"end":{"line":59,"column":5}},"line":46},"4":{"name":"(anonymous_4)","decl":{"start":{"line":60,"column":6},"end":{"line":60,"column":7}},"loc":{"start":{"line":61,"column":4},"end":{"line":64,"column":5}},"line":61},"5":{"name":"(anonymous_5)","decl":{"start":{"line":65,"column":4},"end":{"line":65,"column":5}},"loc":{"start":{"line":66,"column":4},"end":{"line":77,"column":5}},"line":66},"6":{"name":"(anonymous_6)","decl":{"start":{"line":96,"column":15},"end":{"line":96,"column":16}},"loc":{"start":{"line":96,"column":26},"end":{"line":96,"column":48}},"line":96},"7":{"name":"(anonymous_7)","decl":{"start":{"line":102,"column":4},"end":{"line":102,"column":5}},"loc":{"start":{"line":103,"column":4},"end":{"line":106,"column":5}},"line":103},"8":{"name":"(anonymous_8)","decl":{"start":{"line":116,"column":4},"end":{"line":116,"column":5}},"loc":{"start":{"line":117,"column":4},"end":{"line":120,"column":5}},"line":117},"9":{"name":"(anonymous_9)","decl":{"start":{"line":121,"column":4},"end":{"line":121,"column":5}},"loc":{"start":{"line":122,"column":4},"end":{"line":125,"column":5}},"line":122},"10":{"name":"(anonymous_10)","decl":{"start":{"line":155,"column":16},"end":{"line":155,"column":17}},"loc":{"start":{"line":155,"column":27},"end":{"line":155,"column":49}},"line":155},"11":{"name":"(anonymous_11)","decl":{"start":{"line":156,"column":4},"end":{"line":156,"column":5}},"loc":{"start":{"line":157,"column":4},"end":{"line":162,"column":5}},"line":157},"12":{"name":"(anonymous_12)","decl":{"start":{"line":163,"column":4},"end":{"line":163,"column":5}},"loc":{"start":{"line":164,"column":4},"end":{"line":169,"column":5}},"line":164},"13":{"name":"(anonymous_13)","decl":{"start":{"line":202,"column":20},"end":{"line":202,"column":21}},"loc":{"start":{"line":202,"column":31},"end":{"line":202,"column":59}},"line":202},"14":{"name":"(anonymous_14)","decl":{"start":{"line":204,"column":6},"end":{"line":204,"column":7}},"loc":{"start":{"line":205,"column":6},"end":{"line":210,"column":7}},"line":205},"15":{"name":"(anonymous_15)","decl":{"start":{"line":211,"column":6},"end":{"line":211,"column":7}},"loc":{"start":{"line":212,"column":6},"end":{"line":217,"column":7}},"line":212}},"branchMap":{"0":{"loc":{"start":{"line":13,"column":4},"end":{"line":16,"column":5}},"type":"binary-expr","locations":[{"start":{"line":13,"column":4},"end":{"line":13,"column":32}},{"start":{"line":14,"column":4},"end":{"line":16,"column":5}}],"line":13},"1":{"loc":{"start":{"line":18,"column":4},"end":{"line":21,"column":5}},"type":"binary-expr","locations":[{"start":{"line":18,"column":4},"end":{"line":18,"column":31}},{"start":{"line":19,"column":4},"end":{"line":21,"column":5}}],"line":18},"2":{"loc":{"start":{"line":32,"column":4},"end":{"line":44,"column":5}},"type":"binary-expr","locations":[{"start":{"line":32,"column":4},"end":{"line":32,"column":32}},{"start":{"line":33,"column":4},"end":{"line":44,"column":5}}],"line":32},"3":{"loc":{"start":{"line":46,"column":4},"end":{"line":59,"column":5}},"type":"binary-expr","locations":[{"start":{"line":46,"column":4},"end":{"line":46,"column":31}},{"start":{"line":47,"column":4},"end":{"line":59,"column":5}}],"line":46},"4":{"loc":{"start":{"line":61,"column":4},"end":{"line":64,"column":5}},"type":"binary-expr","locations":[{"start":{"line":61,"column":4},"end":{"line":61,"column":15}},{"start":{"line":62,"column":4},"end":{"line":64,"column":5}}],"line":61},"5":{"loc":{"start":{"line":66,"column":4},"end":{"line":77,"column":5}},"type":"binary-expr","locations":[{"start":{"line":66,"column":4},"end":{"line":66,"column":10}},{"start":{"line":67,"column":4},"end":{"line":77,"column":5}}],"line":66},"6":{"loc":{"start":{"line":68,"column":15},"end":{"line":68,"column":73}},"type":"cond-expr","locations":[{"start":{"line":68,"column":40},"end":{"line":68,"column":49}},{"start":{"line":68,"column":52},"end":{"line":68,"column":73}}],"line":68},"7":{"loc":{"start":{"line":69,"column":22},"end":{"line":71,"column":33}},"type":"cond-expr","locations":[{"start":{"line":70,"column":10},"end":{"line":70,"column":32}},{"start":{"line":71,"column":10},"end":{"line":71,"column":33}}],"line":69},"8":{"loc":{"start":{"line":73,"column":16},"end":{"line":75,"column":33}},"type":"cond-expr","locations":[{"start":{"line":74,"column":12},"end":{"line":74,"column":34}},{"start":{"line":75,"column":12},"end":{"line":75,"column":33}}],"line":73},"9":{"loc":{"start":{"line":103,"column":4},"end":{"line":106,"column":5}},"type":"binary-expr","locations":[{"start":{"line":103,"column":4},"end":{"line":103,"column":14}},{"start":{"line":104,"column":4},"end":{"line":106,"column":5}}],"line":103},"10":{"loc":{"start":{"line":117,"column":4},"end":{"line":120,"column":5}},"type":"binary-expr","locations":[{"start":{"line":117,"column":4},"end":{"line":117,"column":32}},{"start":{"line":118,"column":4},"end":{"line":120,"column":5}}],"line":117},"11":{"loc":{"start":{"line":122,"column":4},"end":{"line":125,"column":5}},"type":"binary-expr","locations":[{"start":{"line":122,"column":4},"end":{"line":122,"column":31}},{"start":{"line":123,"column":4},"end":{"line":125,"column":5}}],"line":122},"12":{"loc":{"start":{"line":157,"column":4},"end":{"line":162,"column":5}},"type":"binary-expr","locations":[{"start":{"line":157,"column":4},"end":{"line":157,"column":32}},{"start":{"line":158,"column":4},"end":{"line":162,"column":5}}],"line":157},"13":{"loc":{"start":{"line":164,"column":4},"end":{"line":169,"column":5}},"type":"binary-expr","locations":[{"start":{"line":164,"column":4},"end":{"line":164,"column":31}},{"start":{"line":165,"column":4},"end":{"line":169,"column":5}}],"line":164},"14":{"loc":{"start":{"line":205,"column":6},"end":{"line":210,"column":7}},"type":"binary-expr","locations":[{"start":{"line":205,"column":6},"end":{"line":205,"column":34}},{"start":{"line":206,"column":6},"end":{"line":210,"column":7}}],"line":205},"15":{"loc":{"start":{"line":212,"column":6},"end":{"line":217,"column":7}},"type":"binary-expr","locations":[{"start":{"line":212,"column":6},"end":{"line":212,"column":33}},{"start":{"line":213,"column":6},"end":{"line":217,"column":7}}],"line":212}},"s":{"0":1,"1":1,"2":1,"3":1,"4":1,"5":1,"6":1,"7":1,"8":1,"9":1,"10":0,"11":0,"12":1,"13":0,"14":0,"15":1,"16":1,"17":0,"18":0,"19":0,"20":1,"21":0,"22":0,"23":0},"f":{"0":1,"1":1,"2":1,"3":1,"4":1,"5":1,"6":0,"7":0,"8":0,"9":0,"10":0,"11":0,"12":0,"13":0,"14":0,"15":0},"b":{"0":[1,0],"1":[1,1],"2":[1,0],"3":[1,1],"4":[1,0],"5":[1,0],"6":[0,0],"7":[0,0],"8":[0,0],"9":[0,0],"10":[0,0],"11":[0,0],"12":[0,0],"13":[0,0],"14":[0,0],"15":[0,0]},"_coverageSchema":"1a1c01bbd47fc00a2c39e90264f33305004495a9","hash":"1f53919d14d7459bfec016145a4753fff9409c98"}
,"/home/wsdt/Schreibtisch/GitRepositories/enya/boba/packages/boba/gateway/src/components/global/index.ts": {"path":"/home/wsdt/Schreibtisch/GitRepositories/enya/boba/packages/boba/gateway/src/components/global/index.ts","statementMap":{},"fnMap":{},"branchMap":{},"s":{},"f":{},"b":{},"_coverageSchema":"1a1c01bbd47fc00a2c39e90264f33305004495a9","hash":"14add815887c0f86b00b36ec847c103df0a07764"}
,"/home/wsdt/Schreibtisch/GitRepositories/enya/boba/packages/boba/gateway/src/components/global/model.ts": {"path":"/home/wsdt/Schreibtisch/GitRepositories/enya/boba/packages/boba/gateway/src/components/global/model.ts","statementMap":{},"fnMap":{},"branchMap":{},"s":{},"f":{},"b":{}}
,"/home/wsdt/Schreibtisch/GitRepositories/enya/boba/packages/boba/gateway/src/components/global/IconLabel/index.tsx": {"path":"/home/wsdt/Schreibtisch/GitRepositories/enya/boba/packages/boba/gateway/src/components/global/IconLabel/index.tsx","statementMap":{"0":{"start":{"line":10,"column":13},"end":{"line":15,"column":1}},"1":{"start":{"line":17,"column":27},"end":{"line":27,"column":1}},"2":{"start":{"line":29,"column":25},"end":{"line":49,"column":1}},"3":{"start":{"line":30,"column":27},"end":{"line":30,"column":38}},"4":{"start":{"line":31,"column":15},"end":{"line":31,"column":35}},"5":{"start":{"line":33,"column":2},"end":{"line":48,"column":3}}},"fnMap":{"0":{"name":"(anonymous_0)","decl":{"start":{"line":29,"column":25},"end":{"line":29,"column":26}},"loc":{"start":{"line":29,"column":41},"end":{"line":49,"column":1}},"line":29}},"branchMap":{},"s":{"0":3,"1":3,"2":3,"3":0,"4":0,"5":0},"f":{"0":0},"b":{},"_coverageSchema":"1a1c01bbd47fc00a2c39e90264f33305004495a9","hash":"76accf9a978e4a38efdfd15c937f277a04f6b996"}
,"/home/wsdt/Schreibtisch/GitRepositories/enya/boba/packages/boba/gateway/src/components/global/InputMax/index.tsx": {"path":"/home/wsdt/Schreibtisch/GitRepositories/enya/boba/packages/boba/gateway/src/components/global/InputMax/index.tsx","statementMap":{"0":{"start":{"line":5,"column":49},"end":{"line":45,"column":1}},"1":{"start":{"line":10,"column":28},"end":{"line":10,"column":73}},"2":{"start":{"line":12,"column":28},"end":{"line":24,"column":3}},"3":{"start":{"line":13,"column":21},"end":{"line":13,"column":35}},"4":{"start":{"line":14,"column":4},"end":{"line":17,"column":5}},"5":{"start":{"line":15,"column":6},"end":{"line":15,"column":18}},"6":{"start":{"line":16,"column":6},"end":{"line":16,"column":12}},"7":{"start":{"line":18,"column":27},"end":{"line":18,"column":47}},"8":{"start":{"line":19,"column":4},"end":{"line":21,"column":5}},"9":{"start":{"line":20,"column":6},"end":{"line":20,"column":12}},"10":{"start":{"line":22,"column":4},"end":{"line":22,"column":28}},"11":{"start":{"line":23,"column":4},"end":{"line":23,"column":33}},"12":{"start":{"line":26,"column":25},"end":{"line":29,"column":3}},"13":{"start":{"line":27,"column":4},"end":{"line":27,"column":17}},"14":{"start":{"line":28,"column":4},"end":{"line":28,"column":22}},"15":{"start":{"line":31,"column":2},"end":{"line":44,"column":3}}},"fnMap":{"0":{"name":"(anonymous_0)","decl":{"start":{"line":5,"column":49},"end":{"line":5,"column":50}},"loc":{"start":{"line":9,"column":6},"end":{"line":45,"column":1}},"line":9},"1":{"name":"(anonymous_1)","decl":{"start":{"line":12,"column":28},"end":{"line":12,"column":29}},"loc":{"start":{"line":12,"column":72},"end":{"line":24,"column":3}},"line":12},"2":{"name":"(anonymous_2)","decl":{"start":{"line":26,"column":25},"end":{"line":26,"column":26}},"loc":{"start":{"line":26,"column":31},"end":{"line":29,"column":3}},"line":26}},"branchMap":{"0":{"loc":{"start":{"line":10,"column":54},"end":{"line":10,"column":72}},"type":"binary-expr","locations":[{"start":{"line":10,"column":54},"end":{"line":10,"column":66}},{"start":{"line":10,"column":70},"end":{"line":10,"column":72}}],"line":10},"1":{"loc":{"start":{"line":14,"column":4},"end":{"line":17,"column":5}},"type":"if","locations":[{"start":{"line":14,"column":4},"end":{"line":17,"column":5}},{"start":{},"end":{}}],"line":14},"2":{"loc":{"start":{"line":19,"column":4},"end":{"line":21,"column":5}},"type":"if","locations":[{"start":{"line":19,"column":4},"end":{"line":21,"column":5}},{"start":{},"end":{}}],"line":19},"3":{"loc":{"start":{"line":19,"column":8},"end":{"line":19,"column":75}},"type":"binary-expr","locations":[{"start":{"line":19,"column":8},"end":{"line":19,"column":29}},{"start":{"line":19,"column":33},"end":{"line":19,"column":51}},{"start":{"line":19,"column":55},"end":{"line":19,"column":75}}],"line":19}},"s":{"0":1,"1":2,"2":2,"3":0,"4":0,"5":0,"6":0,"7":0,"8":0,"9":0,"10":0,"11":0,"12":2,"13":0,"14":0,"15":2},"f":{"0":2,"1":0,"2":0},"b":{"0":[2,1],"1":[0,0],"2":[0,0],"3":[0,0,0]},"_coverageSchema":"1a1c01bbd47fc00a2c39e90264f33305004495a9","hash":"fa0b69f803434637bb406a1d513b21095a56ce3f"}
,"/home/wsdt/Schreibtisch/GitRepositories/enya/boba/packages/boba/gateway/src/components/global/InputMax/styles.ts": {"path":"/home/wsdt/Schreibtisch/GitRepositories/enya/boba/packages/boba/gateway/src/components/global/InputMax/styles.ts","statementMap":{"0":{"start":{"line":3,"column":30},"end":{"line":8,"column":1}},"1":{"start":{"line":10,"column":25},"end":{"line":33,"column":1}},"2":{"start":{"line":20,"column":4},"end":{"line":25,"column":5}},"3":{"start":{"line":27,"column":4},"end":{"line":32,"column":5}},"4":{"start":{"line":35,"column":21},"end":{"line":70,"column":1}},"5":{"start":{"line":45,"column":26},"end":{"line":45,"column":48}},"6":{"start":{"line":48,"column":4},"end":{"line":59,"column":5}},"7":{"start":{"line":61,"column":4},"end":{"line":69,"column":5}}},"fnMap":{"0":{"name":"(anonymous_0)","decl":{"start":{"line":19,"column":4},"end":{"line":19,"column":5}},"loc":{"start":{"line":20,"column":4},"end":{"line":25,"column":5}},"line":20},"1":{"name":"(anonymous_1)","decl":{"start":{"line":26,"column":4},"end":{"line":26,"column":5}},"loc":{"start":{"line":27,"column":4},"end":{"line":32,"column":5}},"line":27},"2":{"name":"(anonymous_2)","decl":{"start":{"line":45,"column":15},"end":{"line":45,"column":16}},"loc":{"start":{"line":45,"column":26},"end":{"line":45,"column":48}},"line":45},"3":{"name":"(anonymous_3)","decl":{"start":{"line":47,"column":4},"end":{"line":47,"column":5}},"loc":{"start":{"line":48,"column":4},"end":{"line":59,"column":5}},"line":48},"4":{"name":"(anonymous_4)","decl":{"start":{"line":60,"column":4},"end":{"line":60,"column":5}},"loc":{"start":{"line":61,"column":4},"end":{"line":69,"column":5}},"line":61}},"branchMap":{"0":{"loc":{"start":{"line":20,"column":4},"end":{"line":25,"column":5}},"type":"binary-expr","locations":[{"start":{"line":20,"column":4},"end":{"line":20,"column":32}},{"start":{"line":21,"column":4},"end":{"line":25,"column":5}}],"line":20},"1":{"loc":{"start":{"line":27,"column":4},"end":{"line":32,"column":5}},"type":"binary-expr","locations":[{"start":{"line":27,"column":4},"end":{"line":27,"column":31}},{"start":{"line":28,"column":4},"end":{"line":32,"column":5}}],"line":27},"2":{"loc":{"start":{"line":48,"column":4},"end":{"line":59,"column":5}},"type":"binary-expr","locations":[{"start":{"line":48,"column":4},"end":{"line":48,"column":32}},{"start":{"line":49,"column":4},"end":{"line":59,"column":5}}],"line":48},"3":{"loc":{"start":{"line":61,"column":4},"end":{"line":69,"column":5}},"type":"binary-expr","locations":[{"start":{"line":61,"column":4},"end":{"line":61,"column":31}},{"start":{"line":62,"column":4},"end":{"line":69,"column":5}}],"line":61}},"s":{"0":1,"1":1,"2":4,"3":4,"4":1,"5":4,"6":4,"7":4},"f":{"0":4,"1":4,"2":4,"3":4,"4":4},"b":{"0":[4,2],"1":[4,2],"2":[4,2],"3":[4,2]},"_coverageSchema":"1a1c01bbd47fc00a2c39e90264f33305004495a9","hash":"ef19c3c2880645724bb2411cd4032444f2438aca"}
,"/home/wsdt/Schreibtisch/GitRepositories/enya/boba/packages/boba/gateway/src/components/global/addToMetamask/index.tsx": {"path":"/home/wsdt/Schreibtisch/GitRepositories/enya/boba/packages/boba/gateway/src/components/global/addToMetamask/index.tsx","statementMap":{"0":{"start":{"line":19,"column":31},"end":{"line":22,"column":1}},"1":{"start":{"line":24,"column":29},"end":{"line":48,"column":1}},"2":{"start":{"line":28,"column":21},"end":{"line":28,"column":32}},"3":{"start":{"line":29,"column":18},"end":{"line":29,"column":38}},"4":{"start":{"line":30,"column":30},"end":{"line":33,"column":3}},"5":{"start":{"line":31,"column":4},"end":{"line":31,"column":23}},"6":{"start":{"line":32,"column":4},"end":{"line":32,"column":74}},"7":{"start":{"line":35,"column":2},"end":{"line":47,"column":3}},"8":{"start":{"line":37,"column":22},"end":{"line":37,"column":44}}},"fnMap":{"0":{"name":"(anonymous_0)","decl":{"start":{"line":24,"column":29},"end":{"line":24,"column":30}},"loc":{"start":{"line":27,"column":38},"end":{"line":48,"column":1}},"line":27},"1":{"name":"(anonymous_1)","decl":{"start":{"line":30,"column":30},"end":{"line":30,"column":31}},"loc":{"start":{"line":30,"column":68},"end":{"line":33,"column":3}},"line":30},"2":{"name":"(anonymous_2)","decl":{"start":{"line":37,"column":15},"end":{"line":37,"column":16}},"loc":{"start":{"line":37,"column":22},"end":{"line":37,"column":44}},"line":37}},"branchMap":{"0":{"loc":{"start":{"line":28,"column":21},"end":{"line":28,"column":32}},"type":"binary-expr","locations":[{"start":{"line":28,"column":21},"end":{"line":28,"column":26}},{"start":{"line":28,"column":30},"end":{"line":28,"column":32}}],"line":28}},"s":{"0":3,"1":3,"2":0,"3":0,"4":0,"5":0,"6":0,"7":0,"8":0},"f":{"0":0,"1":0,"2":0},"b":{"0":[0,0]},"_coverageSchema":"1a1c01bbd47fc00a2c39e90264f33305004495a9","hash":"6fbf72f6ab05ed55984a3280c4f391534351ad0a"}
,"/home/wsdt/Schreibtisch/GitRepositories/enya/boba/packages/boba/gateway/src/components/global/background/index.tsx": {"path":"/home/wsdt/Schreibtisch/GitRepositories/enya/boba/packages/boba/gateway/src/components/global/background/index.tsx","statementMap":{"0":{"start":{"line":11,"column":26},"end":{"line":27,"column":1}},"1":{"start":{"line":12,"column":19},"end":{"line":12,"column":32}},"2":{"start":{"line":13,"column":22},"end":{"line":13,"column":39}},"3":{"start":{"line":15,"column":4},"end":{"line":17,"column":33}},"4":{"start":{"line":19,"column":2},"end":{"line":26,"column":3}}},"fnMap":{"0":{"name":"(anonymous_0)","decl":{"start":{"line":11,"column":26},"end":{"line":11,"column":27}},"loc":{"start":{"line":11,"column":32},"end":{"line":27,"column":1}},"line":11}},"branchMap":{"0":{"loc":{"start":{"line":15,"column":4},"end":{"line":17,"column":33}},"type":"cond-expr","locations":[{"start":{"line":16,"column":8},"end":{"line":16,"column":30}},{"start":{"line":17,"column":8},"end":{"line":17,"column":33}}],"line":15}},"s":{"0":0,"1":0,"2":0,"3":0,"4":0},"f":{"0":0},"b":{"0":[0,0]}}
,"/home/wsdt/Schreibtisch/GitRepositories/enya/boba/packages/boba/gateway/src/components/global/background/styles.ts": {"path":"/home/wsdt/Schreibtisch/GitRepositories/enya/boba/packages/boba/gateway/src/components/global/background/styles.ts","statementMap":{"0":{"start":{"line":3,"column":19},"end":{"line":3,"column":26}},"1":{"start":{"line":5,"column":19},"end":{"line":11,"column":1}},"2":{"start":{"line":6,"column":2},"end":{"line":10,"column":3}},"3":{"start":{"line":7,"column":4},"end":{"line":7,"column":33}},"4":{"start":{"line":9,"column":4},"end":{"line":9,"column":39}},"5":{"start":{"line":13,"column":22},"end":{"line":19,"column":1}},"6":{"start":{"line":14,"column":2},"end":{"line":18,"column":3}},"7":{"start":{"line":15,"column":4},"end":{"line":15,"column":136}},"8":{"start":{"line":17,"column":4},"end":{"line":17,"column":157}},"9":{"start":{"line":21,"column":35},"end":{"line":28,"column":1}},"10":{"start":{"line":30,"column":30},"end":{"line":37,"column":1}},"11":{"start":{"line":36,"column":4},"end":{"line":36,"column":54}},"12":{"start":{"line":39,"column":24},"end":{"line":58,"column":1}},"13":{"start":{"line":50,"column":33},"end":{"line":50,"column":64}},"14":{"start":{"line":54,"column":4},"end":{"line":57,"column":3}},"15":{"start":{"line":60,"column":22},"end":{"line":67,"column":1}},"16":{"start":{"line":69,"column":25},"end":{"line":87,"column":1}},"17":{"start":{"line":74,"column":19},"end":{"line":74,"column":47}},"18":{"start":{"line":79,"column":19},"end":{"line":79,"column":47}}},"fnMap":{"0":{"name":"(anonymous_0)","decl":{"start":{"line":5,"column":19},"end":{"line":5,"column":20}},"loc":{"start":{"line":5,"column":38},"end":{"line":11,"column":1}},"line":5},"1":{"name":"(anonymous_1)","decl":{"start":{"line":13,"column":22},"end":{"line":13,"column":23}},"loc":{"start":{"line":13,"column":41},"end":{"line":19,"column":1}},"line":13},"2":{"name":"(anonymous_2)","decl":{"start":{"line":35,"column":22},"end":{"line":35,"column":23}},"loc":{"start":{"line":36,"column":4},"end":{"line":36,"column":54}},"line":36},"3":{"name":"(anonymous_3)","decl":{"start":{"line":50,"column":22},"end":{"line":50,"column":23}},"loc":{"start":{"line":50,"column":33},"end":{"line":50,"column":64}},"line":50},"4":{"name":"(anonymous_4)","decl":{"start":{"line":53,"column":4},"end":{"line":53,"column":5}},"loc":{"start":{"line":54,"column":4},"end":{"line":57,"column":3}},"line":54},"5":{"name":"(anonymous_5)","decl":{"start":{"line":74,"column":8},"end":{"line":74,"column":9}},"loc":{"start":{"line":74,"column":19},"end":{"line":74,"column":47}},"line":74},"6":{"name":"(anonymous_6)","decl":{"start":{"line":79,"column":8},"end":{"line":79,"column":9}},"loc":{"start":{"line":79,"column":19},"end":{"line":79,"column":47}},"line":79}},"branchMap":{"0":{"loc":{"start":{"line":6,"column":2},"end":{"line":10,"column":3}},"type":"if","locations":[{"start":{"line":6,"column":2},"end":{"line":10,"column":3}},{"start":{"line":8,"column":9},"end":{"line":10,"column":3}}],"line":6},"1":{"loc":{"start":{"line":14,"column":2},"end":{"line":18,"column":3}},"type":"if","locations":[{"start":{"line":14,"column":2},"end":{"line":18,"column":3}},{"start":{"line":16,"column":9},"end":{"line":18,"column":3}}],"line":14},"2":{"loc":{"start":{"line":36,"column":4},"end":{"line":36,"column":54}},"type":"cond-expr","locations":[{"start":{"line":36,"column":29},"end":{"line":36,"column":38}},{"start":{"line":36,"column":41},"end":{"line":36,"column":54}}],"line":36},"3":{"loc":{"start":{"line":54,"column":4},"end":{"line":57,"column":3}},"type":"binary-expr","locations":[{"start":{"line":54,"column":4},"end":{"line":54,"column":22}},{"start":{"line":55,"column":4},"end":{"line":57,"column":3}}],"line":54}},"s":{"0":0,"1":0,"2":0,"3":0,"4":0,"5":0,"6":0,"7":0,"8":0,"9":0,"10":0,"11":0,"12":0,"13":0,"14":0,"15":0,"16":0,"17":0,"18":0},"f":{"0":0,"1":0,"2":0,"3":0,"4":0,"5":0,"6":0},"b":{"0":[0,0],"1":[0,0],"2":[0,0],"3":[0,0]}}
,"/home/wsdt/Schreibtisch/GitRepositories/enya/boba/packages/boba/gateway/src/components/global/button/index.tsx": {"path":"/home/wsdt/Schreibtisch/GitRepositories/enya/boba/packages/boba/gateway/src/components/global/button/index.tsx","statementMap":{"0":{"start":{"line":5,"column":39},"end":{"line":34,"column":1}},"1":{"start":{"line":17,"column":2},"end":{"line":33,"column":3}}},"fnMap":{"0":{"name":"(anonymous_0)","decl":{"start":{"line":5,"column":39},"end":{"line":5,"column":40}},"loc":{"start":{"line":16,"column":6},"end":{"line":34,"column":1}},"line":16},"1":{"name":"(anonymous_1)","decl":{"start":{"line":27,"column":36},"end":{"line":27,"column":37}},"loc":{"start":{"line":27,"column":42},"end":{"line":27,"column":44}},"line":27}},"branchMap":{"0":{"loc":{"start":{"line":6,"column":2},"end":{"line":6,"column":17}},"type":"default-arg","locations":[{"start":{"line":6,"column":12},"end":{"line":6,"column":17}}],"line":6},"1":{"loc":{"start":{"line":7,"column":2},"end":{"line":7,"column":17}},"type":"default-arg","locations":[{"start":{"line":7,"column":12},"end":{"line":7,"column":17}}],"line":7},"2":{"loc":{"start":{"line":8,"column":2},"end":{"line":8,"column":15}},"type":"default-arg","locations":[{"start":{"line":8,"column":10},"end":{"line":8,"column":15}}],"line":8},"3":{"loc":{"start":{"line":9,"column":2},"end":{"line":9,"column":17}},"type":"default-arg","locations":[{"start":{"line":9,"column":12},"end":{"line":9,"column":17}}],"line":9},"4":{"loc":{"start":{"line":10,"column":2},"end":{"line":10,"column":21}},"type":"default-arg","locations":[{"start":{"line":10,"column":16},"end":{"line":10,"column":21}}],"line":10},"5":{"loc":{"start":{"line":11,"column":2},"end":{"line":11,"column":14}},"type":"default-arg","locations":[{"start":{"line":11,"column":9},"end":{"line":11,"column":14}}],"line":11},"6":{"loc":{"start":{"line":27,"column":15},"end":{"line":27,"column":44}},"type":"cond-expr","locations":[{"start":{"line":27,"column":26},"end":{"line":27,"column":33}},{"start":{"line":27,"column":36},"end":{"line":27,"column":44}}],"line":27},"7":{"loc":{"start":{"line":31,"column":7},"end":{"line":31,"column":32}},"type":"binary-expr","locations":[{"start":{"line":31,"column":7},"end":{"line":31,"column":14}},{"start":{"line":31,"column":18},"end":{"line":31,"column":32}}],"line":31}},"s":{"0":5,"1":9},"f":{"0":9,"1":0},"b":{"0":[8],"1":[8],"2":[4],"3":[8],"4":[9],"5":[9],"6":[8,1],"7":[9,1]},"_coverageSchema":"1a1c01bbd47fc00a2c39e90264f33305004495a9","hash":"4e5f1b5505a0b1584cd14a95ecd5a6ad82787c03"}
,"/home/wsdt/Schreibtisch/GitRepositories/enya/boba/packages/boba/gateway/src/components/global/button/styles.ts": {"path":"/home/wsdt/Schreibtisch/GitRepositories/enya/boba/packages/boba/gateway/src/components/global/button/styles.ts","statementMap":{"0":{"start":{"line":3,"column":31},"end":{"line":102,"column":1}},"1":{"start":{"line":5,"column":4},"end":{"line":7,"column":5}},"2":{"start":{"line":19,"column":27},"end":{"line":19,"column":56}},"3":{"start":{"line":23,"column":26},"end":{"line":23,"column":51}},"4":{"start":{"line":29,"column":4},"end":{"line":35,"column":3}},"5":{"start":{"line":38,"column":4},"end":{"line":42,"column":3}},"6":{"start":{"line":45,"column":4},"end":{"line":49,"column":3}},"7":{"start":{"line":52,"column":4},"end":{"line":57,"column":3}},"8":{"start":{"line":59,"column":4},"end":{"line":64,"column":5}},"9":{"start":{"line":66,"column":4},"end":{"line":76,"column":5}},"10":{"start":{"line":79,"column":4},"end":{"line":101,"column":5}},"11":{"start":{"line":104,"column":19},"end":{"line":106,"column":1}},"12":{"start":{"line":108,"column":26},"end":{"line":119,"column":1}}},"fnMap":{"0":{"name":"(anonymous_0)","decl":{"start":{"line":4,"column":21},"end":{"line":4,"column":22}},"loc":{"start":{"line":5,"column":4},"end":{"line":7,"column":5}},"line":5},"1":{"name":"(anonymous_1)","decl":{"start":{"line":19,"column":16},"end":{"line":19,"column":17}},"loc":{"start":{"line":19,"column":27},"end":{"line":19,"column":56}},"line":19},"2":{"name":"(anonymous_2)","decl":{"start":{"line":23,"column":15},"end":{"line":23,"column":16}},"loc":{"start":{"line":23,"column":26},"end":{"line":23,"column":51}},"line":23},"3":{"name":"(anonymous_3)","decl":{"start":{"line":28,"column":4},"end":{"line":28,"column":5}},"loc":{"start":{"line":29,"column":4},"end":{"line":35,"column":3}},"line":29},"4":{"name":"(anonymous_4)","decl":{"start":{"line":37,"column":4},"end":{"line":37,"column":5}},"loc":{"start":{"line":38,"column":4},"end":{"line":42,"column":3}},"line":38},"5":{"name":"(anonymous_5)","decl":{"start":{"line":44,"column":4},"end":{"line":44,"column":5}},"loc":{"start":{"line":45,"column":4},"end":{"line":49,"column":3}},"line":45},"6":{"name":"(anonymous_6)","decl":{"start":{"line":51,"column":4},"end":{"line":51,"column":5}},"loc":{"start":{"line":52,"column":4},"end":{"line":57,"column":3}},"line":52},"7":{"name":"(anonymous_7)","decl":{"start":{"line":58,"column":6},"end":{"line":58,"column":7}},"loc":{"start":{"line":59,"column":4},"end":{"line":64,"column":5}},"line":59},"8":{"name":"(anonymous_8)","decl":{"start":{"line":65,"column":6},"end":{"line":65,"column":7}},"loc":{"start":{"line":66,"column":4},"end":{"line":76,"column":5}},"line":66},"9":{"name":"(anonymous_9)","decl":{"start":{"line":78,"column":6},"end":{"line":78,"column":7}},"loc":{"start":{"line":79,"column":4},"end":{"line":101,"column":5}},"line":79}},"branchMap":{"0":{"loc":{"start":{"line":29,"column":4},"end":{"line":35,"column":3}},"type":"binary-expr","locations":[{"start":{"line":29,"column":4},"end":{"line":29,"column":14}},{"start":{"line":30,"column":4},"end":{"line":35,"column":3}}],"line":29},"1":{"loc":{"start":{"line":38,"column":4},"end":{"line":42,"column":3}},"type":"binary-expr","locations":[{"start":{"line":38,"column":4},"end":{"line":38,"column":17}},{"start":{"line":39,"column":4},"end":{"line":42,"column":3}}],"line":38},"2":{"loc":{"start":{"line":45,"column":4},"end":{"line":49,"column":3}},"type":"binary-expr","locations":[{"start":{"line":45,"column":4},"end":{"line":45,"column":17}},{"start":{"line":46,"column":4},"end":{"line":49,"column":3}}],"line":45},"3":{"loc":{"start":{"line":52,"column":4},"end":{"line":57,"column":3}},"type":"binary-expr","locations":[{"start":{"line":52,"column":4},"end":{"line":52,"column":18}},{"start":{"line":53,"column":4},"end":{"line":57,"column":3}}],"line":52},"4":{"loc":{"start":{"line":59,"column":4},"end":{"line":64,"column":5}},"type":"binary-expr","locations":[{"start":{"line":59,"column":4},"end":{"line":59,"column":15}},{"start":{"line":60,"column":4},"end":{"line":64,"column":5}}],"line":59},"5":{"loc":{"start":{"line":66,"column":4},"end":{"line":76,"column":5}},"type":"binary-expr","locations":[{"start":{"line":66,"column":4},"end":{"line":66,"column":17}},{"start":{"line":67,"column":4},"end":{"line":76,"column":5}}],"line":66},"6":{"loc":{"start":{"line":79,"column":4},"end":{"line":101,"column":5}},"type":"binary-expr","locations":[{"start":{"line":79,"column":4},"end":{"line":79,"column":21}},{"start":{"line":80,"column":4},"end":{"line":101,"column":5}}],"line":79}},"s":{"0":5,"1":192,"2":16,"3":16,"4":16,"5":16,"6":16,"7":16,"8":16,"9":16,"10":16,"11":5,"12":5},"f":{"0":192,"1":16,"2":16,"3":16,"4":16,"5":16,"6":16,"7":16,"8":16,"9":16},"b":{"0":[16,0],"1":[16,2],"2":[16,2],"3":[16,14],"4":[16,8],"5":[16,2],"6":[16,0]},"_coverageSchema":"1a1c01bbd47fc00a2c39e90264f33305004495a9","hash":"4c72f6089f2a18087b14076bdc437af6da6748ea"}
,"/home/wsdt/Schreibtisch/GitRepositories/enya/boba/packages/boba/gateway/src/components/global/checkbox/index.tsx": {"path":"/home/wsdt/Schreibtisch/GitRepositories/enya/boba/packages/boba/gateway/src/components/global/checkbox/index.tsx","statementMap":{"0":{"start":{"line":9,"column":67},"end":{"line":41,"column":1}},"1":{"start":{"line":14,"column":36},"end":{"line":14,"column":53}},"2":{"start":{"line":16,"column":23},"end":{"line":20,"column":3}},"3":{"start":{"line":17,"column":28},"end":{"line":17,"column":38}},"4":{"start":{"line":18,"column":4},"end":{"line":18,"column":33}},"5":{"start":{"line":19,"column":4},"end":{"line":19,"column":29}},"6":{"start":{"line":22,"column":2},"end":{"line":24,"column":8}},"7":{"start":{"line":23,"column":4},"end":{"line":23,"column":25}},"8":{"start":{"line":26,"column":2},"end":{"line":40,"column":3}}},"fnMap":{"0":{"name":"(anonymous_0)","decl":{"start":{"line":9,"column":67},"end":{"line":9,"column":68}},"loc":{"start":{"line":13,"column":6},"end":{"line":41,"column":1}},"line":13},"1":{"name":"(anonymous_1)","decl":{"start":{"line":16,"column":23},"end":{"line":16,"column":24}},"loc":{"start":{"line":16,"column":29},"end":{"line":20,"column":3}},"line":16},"2":{"name":"(anonymous_2)","decl":{"start":{"line":22,"column":12},"end":{"line":22,"column":13}},"loc":{"start":{"line":22,"column":18},"end":{"line":24,"column":3}},"line":22}},"branchMap":{"0":{"loc":{"start":{"line":11,"column":2},"end":{"line":11,"column":17}},"type":"default-arg","locations":[{"start":{"line":11,"column":12},"end":{"line":11,"column":17}}],"line":11},"1":{"loc":{"start":{"line":37,"column":9},"end":{"line":37,"column":66}},"type":"binary-expr","locations":[{"start":{"line":37,"column":9},"end":{"line":37,"column":14}},{"start":{"line":37,"column":18},"end":{"line":37,"column":66}}],"line":37}},"s":{"0":0,"1":0,"2":0,"3":0,"4":0,"5":0,"6":0,"7":0,"8":0},"f":{"0":0,"1":0,"2":0},"b":{"0":[0],"1":[0,0]}}
,"/home/wsdt/Schreibtisch/GitRepositories/enya/boba/packages/boba/gateway/src/components/global/checkbox/styles.ts": {"path":"/home/wsdt/Schreibtisch/GitRepositories/enya/boba/packages/boba/gateway/src/components/global/checkbox/styles.ts","statementMap":{"0":{"start":{"line":4,"column":21},"end":{"line":8,"column":1}},"1":{"start":{"line":10,"column":30},"end":{"line":37,"column":1}},"2":{"start":{"line":28,"column":23},"end":{"line":28,"column":51}},"3":{"start":{"line":31,"column":4},"end":{"line":36,"column":3}},"4":{"start":{"line":39,"column":24},"end":{"line":75,"column":1}},"5":{"start":{"line":48,"column":4},"end":{"line":54,"column":5}},"6":{"start":{"line":56,"column":4},"end":{"line":62,"column":5}},"7":{"start":{"line":67,"column":4},"end":{"line":74,"column":3}}},"fnMap":{"0":{"name":"(anonymous_0)","decl":{"start":{"line":28,"column":12},"end":{"line":28,"column":13}},"loc":{"start":{"line":28,"column":23},"end":{"line":28,"column":51}},"line":28},"1":{"name":"(anonymous_1)","decl":{"start":{"line":30,"column":4},"end":{"line":30,"column":5}},"loc":{"start":{"line":31,"column":4},"end":{"line":36,"column":3}},"line":31},"2":{"name":"(anonymous_2)","decl":{"start":{"line":47,"column":4},"end":{"line":47,"column":5}},"loc":{"start":{"line":48,"column":4},"end":{"line":54,"column":5}},"line":48},"3":{"name":"(anonymous_3)","decl":{"start":{"line":55,"column":4},"end":{"line":55,"column":5}},"loc":{"start":{"line":56,"column":4},"end":{"line":62,"column":5}},"line":56},"4":{"name":"(anonymous_4)","decl":{"start":{"line":66,"column":4},"end":{"line":66,"column":5}},"loc":{"start":{"line":67,"column":4},"end":{"line":74,"column":3}},"line":67}},"branchMap":{"0":{"loc":{"start":{"line":31,"column":4},"end":{"line":36,"column":3}},"type":"binary-expr","locations":[{"start":{"line":31,"column":4},"end":{"line":31,"column":17}},{"start":{"line":32,"column":4},"end":{"line":36,"column":3}}],"line":31},"1":{"loc":{"start":{"line":48,"column":4},"end":{"line":54,"column":5}},"type":"binary-expr","locations":[{"start":{"line":48,"column":4},"end":{"line":48,"column":32}},{"start":{"line":49,"column":4},"end":{"line":54,"column":5}}],"line":48},"2":{"loc":{"start":{"line":56,"column":4},"end":{"line":62,"column":5}},"type":"binary-expr","locations":[{"start":{"line":56,"column":4},"end":{"line":56,"column":31}},{"start":{"line":57,"column":4},"end":{"line":62,"column":5}}],"line":56},"3":{"loc":{"start":{"line":67,"column":4},"end":{"line":74,"column":3}},"type":"binary-expr","locations":[{"start":{"line":67,"column":4},"end":{"line":67,"column":17}},{"start":{"line":68,"column":4},"end":{"line":74,"column":3}}],"line":67}},"s":{"0":0,"1":0,"2":0,"3":0,"4":0,"5":0,"6":0,"7":0},"f":{"0":0,"1":0,"2":0,"3":0,"4":0},"b":{"0":[0,0],"1":[0,0],"2":[0,0],"3":[0,0]}}
[...]
,"/home/wsdt/Schreibtisch/GitRepositories/enya/boba/packages/boba/gateway/src/util/common.ts": {"path":"/home/wsdt/Schreibtisch/GitRepositories/enya/boba/packages/boba/gateway/src/util/common.ts","statementMap":{"0":{"start":{"line":23,"column":35},"end":{"line":33,"column":1}},"1":{"start":{"line":24,"column":2},"end":{"line":26,"column":3}},"2":{"start":{"line":25,"column":4},"end":{"line":25,"column":13}},"3":{"start":{"line":28,"column":2},"end":{"line":30,"column":3}},"4":{"start":{"line":29,"column":4},"end":{"line":29,"column":12}},"5":{"start":{"line":32,"column":2},"end":{"line":32,"column":10}},"6":{"start":{"line":35,"column":29},"end":{"line":46,"column":1}},"7":{"start":{"line":37,"column":16},"end":{"line":39,"column":21}},"8":{"start":{"line":38,"column":24},"end":{"line":38,"column":70}},"9":{"start":{"line":41,"column":15},"end":{"line":43,"column":21}},"10":{"start":{"line":42,"column":24},"end":{"line":42,"column":71}},"11":{"start":{"line":45,"column":2},"end":{"line":45,"column":28}},"12":{"start":{"line":48,"column":33},"end":{"line":71,"column":1}},"13":{"start":{"line":49,"column":2},"end":{"line":51,"column":3}},"14":{"start":{"line":50,"column":4},"end":{"line":50,"column":15}},"15":{"start":{"line":54,"column":4},"end":{"line":68,"column":9}},"16":{"start":{"line":70,"column":2},"end":{"line":70,"column":15}}},"fnMap":{"0":{"name":"(anonymous_0)","decl":{"start":{"line":23,"column":35},"end":{"line":23,"column":36}},"loc":{"start":{"line":23,"column":45},"end":{"line":33,"column":1}},"line":23},"1":{"name":"(anonymous_1)","decl":{"start":{"line":35,"column":29},"end":{"line":35,"column":30}},"loc":{"start":{"line":35,"column":46},"end":{"line":46,"column":1}},"line":35},"2":{"name":"(anonymous_2)","decl":{"start":{"line":38,"column":12},"end":{"line":38,"column":13}},"loc":{"start":{"line":38,"column":24},"end":{"line":38,"column":70}},"line":38},"3":{"name":"(anonymous_3)","decl":{"start":{"line":42,"column":12},"end":{"line":42,"column":13}},"loc":{"start":{"line":42,"column":24},"end":{"line":42,"column":71}},"line":42},"4":{"name":"(anonymous_4)","decl":{"start":{"line":48,"column":33},"end":{"line":48,"column":34}},"loc":{"start":{"line":48,"column":49},"end":{"line":71,"column":1}},"line":48}},"branchMap":{"0":{"loc":{"start":{"line":24,"column":2},"end":{"line":26,"column":3}},"type":"if","locations":[{"start":{"line":24,"column":2},"end":{"line":26,"column":3}},{"start":{},"end":{}}],"line":24},"1":{"loc":{"start":{"line":28,"column":2},"end":{"line":30,"column":3}},"type":"if","locations":[{"start":{"line":28,"column":2},"end":{"line":30,"column":3}},{"start":{},"end":{}}],"line":28},"2":{"loc":{"start":{"line":49,"column":2},"end":{"line":51,"column":3}},"type":"if","locations":[{"start":{"line":49,"column":2},"end":{"line":51,"column":3}},{"start":{},"end":{}}],"line":49},"3":{"loc":{"start":{"line":54,"column":4},"end":{"line":68,"column":9}},"type":"cond-expr","locations":[{"start":{"line":55,"column":8},"end":{"line":61,"column":9}},{"start":{"line":62,"column":8},"end":{"line":68,"column":9}}],"line":54}},"s":{"0":5,"1":0,"2":0,"3":0,"4":0,"5":0,"6":5,"7":0,"8":0,"9":0,"10":0,"11":0,"12":5,"13":0,"14":0,"15":0,"16":0},"f":{"0":0,"1":0,"2":0,"3":0,"4":0},"b":{"0":[0,0],"1":[0,0],"2":[0,0],"3":[0,0]},"_coverageSchema":"1a1c01bbd47fc00a2c39e90264f33305004495a9","hash":"056f1f7cc7c72f2b8a8d5ef510d8772340589108"}
,"/home/wsdt/Schreibtisch/GitRepositories/enya/boba/packages/boba/gateway/src/util/constant.ts": {"path":"/home/wsdt/Schreibtisch/GitRepositories/enya/boba/packages/boba/gateway/src/util/constant.ts","statementMap":{"0":{"start":{"line":7,"column":0},"end":{"line":7,"column":26}},"1":{"start":{"line":12,"column":2},"end":{"line":12,"column":46}},"2":{"start":{"line":14,"column":2},"end":{"line":14,"column":50}},"3":{"start":{"line":16,"column":2},"end":{"line":16,"column":50}},"4":{"start":{"line":17,"column":32},"end":{"line":17,"column":66}},"5":{"start":{"line":18,"column":26},"end":{"line":18,"column":49}},"6":{"start":{"line":18,"column":32},"end":{"line":18,"column":49}},"7":{"start":{"line":19,"column":35},"end":{"line":19,"column":75}},"8":{"start":{"line":20,"column":34},"end":{"line":20,"column":65}},"9":{"start":{"line":22,"column":2},"end":{"line":22,"column":44}},"10":{"start":{"line":23,"column":39},"end":{"line":23,"column":75}},"11":{"start":{"line":24,"column":36},"end":{"line":24,"column":69}},"12":{"start":{"line":25,"column":41},"end":{"line":25,"column":79}},"13":{"start":{"line":27,"column":39},"end":{"line":27,"column":75}},"14":{"start":{"line":30,"column":2},"end":{"line":30,"column":45}},"15":{"start":{"line":39,"column":39},"end":{"line":44,"column":1}},"16":{"start":{"line":51,"column":50},"end":{"line":64,"column":1}},"17":{"start":{"line":83,"column":43},"end":{"line":94,"column":1}},"18":{"start":{"line":96,"column":32},"end":{"line":96,"column":33}},"19":{"start":{"line":109,"column":52},"end":{"line":113,"column":1}},"20":{"start":{"line":119,"column":47},"end":{"line":119,"column":52}},"21":{"start":{"line":133,"column":51},"end":{"line":142,"column":1}},"22":{"start":{"line":145,"column":2},"end":{"line":145,"column":93}},"23":{"start":{"line":147,"column":45},"end":{"line":147,"column":50}},"24":{"start":{"line":149,"column":33},"end":{"line":149,"column":59}}},"fnMap":{"0":{"name":"(anonymous_0)","decl":{"start":{"line":18,"column":26},"end":{"line":18,"column":27}},"loc":{"start":{"line":18,"column":32},"end":{"line":18,"column":49}},"line":18}},"branchMap":{"0":{"loc":{"start":{"line":12,"column":2},"end":{"line":12,"column":46}},"type":"binary-expr","locations":[{"start":{"line":12,"column":2},"end":{"line":12,"column":37}},{"start":{"line":12,"column":41},"end":{"line":12,"column":46}}],"line":12},"1":{"loc":{"start":{"line":14,"column":2},"end":{"line":14,"column":50}},"type":"binary-expr","locations":[{"start":{"line":14,"column":2},"end":{"line":14,"column":41}},{"start":{"line":14,"column":45},"end":{"line":14,"column":50}}],"line":14},"2":{"loc":{"start":{"line":16,"column":2},"end":{"line":16,"column":50}},"type":"binary-expr","locations":[{"start":{"line":16,"column":2},"end":{"line":16,"column":42}},{"start":{"line":16,"column":46},"end":{"line":16,"column":50}}],"line":16},"3":{"loc":{"start":{"line":17,"column":32},"end":{"line":17,"column":66}},"type":"binary-expr","locations":[{"start":{"line":17,"column":32},"end":{"line":17,"column":57}},{"start":{"line":17,"column":61},"end":{"line":17,"column":66}}],"line":17},"4":{"loc":{"start":{"line":19,"column":35},"end":{"line":19,"column":75}},"type":"binary-expr","locations":[{"start":{"line":19,"column":35},"end":{"line":19,"column":67}},{"start":{"line":19,"column":71},"end":{"line":19,"column":75}}],"line":19}},"s":{"0":8,"1":8,"2":8,"3":8,"4":8,"5":8,"6":0,"7":8,"8":8,"9":8,"10":8,"11":8,"12":8,"13":8,"14":8,"15":8,"16":8,"17":8,"18":8,"19":8,"20":8,"21":8,"22":8,"23":8,"24":8},"f":{"0":0},"b":{"0":[8,0],"1":[8,8],"2":[8,8],"3":[8,0],"4":[8,8]},"_coverageSchema":"1a1c01bbd47fc00a2c39e90264f33305004495a9","hash":"54f825b6c78abf4726e817e3557e143402355b1b"}
,"/home/wsdt/Schreibtisch/GitRepositories/enya/boba/packages/boba/gateway/src/util/dates.ts": {"path":"/home/wsdt/Schreibtisch/GitRepositories/enya/boba/packages/boba/gateway/src/util/dates.ts","statementMap":{"0":{"start":{"line":8,"column":0},"end":{"line":8,"column":29}},"1":{"start":{"line":9,"column":0},"end":{"line":9,"column":28}},"2":{"start":{"line":10,"column":0},"end":{"line":10,"column":27}},"3":{"start":{"line":11,"column":0},"end":{"line":11,"column":23}},"4":{"start":{"line":15,"column":19},"end":{"line":17,"column":1}},"5":{"start":{"line":16,"column":2},"end":{"line":16,"column":16}},"6":{"start":{"line":20,"column":42},"end":{"line":25,"column":1}},"7":{"start":{"line":24,"column":2},"end":{"line":24,"column":40}},"8":{"start":{"line":31,"column":44},"end":{"line":33,"column":1}},"9":{"start":{"line":32,"column":2},"end":{"line":32,"column":58}},"10":{"start":{"line":36,"column":62},"end":{"line":41,"column":1}},"11":{"start":{"line":40,"column":2},"end":{"line":40,"column":47}},"12":{"start":{"line":43,"column":63},"end":{"line":48,"column":1}},"13":{"start":{"line":47,"column":2},"end":{"line":47,"column":48}},"14":{"start":{"line":51,"column":44},"end":{"line":53,"column":1}},"15":{"start":{"line":52,"column":2},"end":{"line":52,"column":42}},"16":{"start":{"line":60,"column":36},"end":{"line":64,"column":1}},"17":{"start":{"line":61,"column":2},"end":{"line":63,"column":35}},"18":{"start":{"line":71,"column":40},"end":{"line":75,"column":1}},"19":{"start":{"line":72,"column":2},"end":{"line":74,"column":39}},"20":{"start":{"line":78,"column":36},"end":{"line":82,"column":1}},"21":{"start":{"line":79,"column":2},"end":{"line":81,"column":31}},"22":{"start":{"line":85,"column":50},"end":{"line":87,"column":1}},"23":{"start":{"line":86,"column":2},"end":{"line":86,"column":43}},"24":{"start":{"line":89,"column":49},"end":{"line":91,"column":1}},"25":{"start":{"line":90,"column":2},"end":{"line":90,"column":42}},"26":{"start":{"line":94,"column":46},"end":{"line":96,"column":1}},"27":{"start":{"line":95,"column":2},"end":{"line":95,"column":36}},"28":{"start":{"line":98,"column":36},"end":{"line":103,"column":1}},"29":{"start":{"line":99,"column":16},"end":{"line":99,"column":33}},"30":{"start":{"line":100,"column":16},"end":{"line":100,"column":33}},"31":{"start":{"line":102,"column":2},"end":{"line":102,"column":37}}},"fnMap":{"0":{"name":"(anonymous_0)","decl":{"start":{"line":15,"column":19},"end":{"line":15,"column":20}},"loc":{"start":{"line":15,"column":25},"end":{"line":17,"column":1}},"line":15},"1":{"name":"(anonymous_1)","decl":{"start":{"line":20,"column":42},"end":{"line":20,"column":43}},"loc":{"start":{"line":23,"column":5},"end":{"line":25,"column":1}},"line":23},"2":{"name":"(anonymous_2)","decl":{"start":{"line":31,"column":44},"end":{"line":31,"column":45}},"loc":{"start":{"line":31,"column":62},"end":{"line":33,"column":1}},"line":31},"3":{"name":"(anonymous_3)","decl":{"start":{"line":36,"column":62},"end":{"line":36,"column":63}},"loc":{"start":{"line":39,"column":5},"end":{"line":41,"column":1}},"line":39},"4":{"name":"(anonymous_4)","decl":{"start":{"line":43,"column":63},"end":{"line":43,"column":64}},"loc":{"start":{"line":46,"column":5},"end":{"line":48,"column":1}},"line":46},"5":{"name":"(anonymous_5)","decl":{"start":{"line":51,"column":44},"end":{"line":51,"column":45}},"loc":{"start":{"line":51,"column":54},"end":{"line":53,"column":1}},"line":51},"6":{"name":"(anonymous_6)","decl":{"start":{"line":60,"column":36},"end":{"line":60,"column":37}},"loc":{"start":{"line":60,"column":60},"end":{"line":64,"column":1}},"line":60},"7":{"name":"(anonymous_7)","decl":{"start":{"line":71,"column":40},"end":{"line":71,"column":41}},"loc":{"start":{"line":71,"column":66},"end":{"line":75,"column":1}},"line":71},"8":{"name":"(anonymous_8)","decl":{"start":{"line":78,"column":36},"end":{"line":78,"column":37}},"loc":{"start":{"line":78,"column":54},"end":{"line":82,"column":1}},"line":78},"9":{"name":"(anonymous_9)","decl":{"start":{"line":85,"column":50},"end":{"line":85,"column":51}},"loc":{"start":{"line":85,"column":60},"end":{"line":87,"column":1}},"line":85},"10":{"name":"(anonymous_10)","decl":{"start":{"line":89,"column":49},"end":{"line":89,"column":50}},"loc":{"start":{"line":89,"column":59},"end":{"line":91,"column":1}},"line":89},"11":{"name":"(anonymous_11)","decl":{"start":{"line":94,"column":46},"end":{"line":94,"column":47}},"loc":{"start":{"line":94,"column":56},"end":{"line":96,"column":1}},"line":94},"12":{"name":"(anonymous_12)","decl":{"start":{"line":98,"column":36},"end":{"line":98,"column":37}},"loc":{"start":{"line":98,"column":70},"end":{"line":103,"column":1}},"line":98}},"branchMap":{"0":{"loc":{"start":{"line":22,"column":2},"end":{"line":22,"column":31}},"type":"default-arg","locations":[{"start":{"line":22,"column":11},"end":{"line":22,"column":31}}],"line":22},"1":{"loc":{"start":{"line":32,"column":9},"end":{"line":32,"column":58}},"type":"cond-expr","locations":[{"start":{"line":32,"column":18},"end":{"line":32,"column":44}},{"start":{"line":32,"column":47},"end":{"line":32,"column":58}}],"line":32},"2":{"loc":{"start":{"line":61,"column":9},"end":{"line":63,"column":35}},"type":"cond-expr","locations":[{"start":{"line":62,"column":6},"end":{"line":62,"column":50}},{"start":{"line":63,"column":6},"end":{"line":63,"column":35}}],"line":61},"3":{"loc":{"start":{"line":72,"column":9},"end":{"line":74,"column":39}},"type":"cond-expr","locations":[{"start":{"line":73,"column":6},"end":{"line":73,"column":54}},{"start":{"line":74,"column":6},"end":{"line":74,"column":39}}],"line":72},"4":{"loc":{"start":{"line":79,"column":9},"end":{"line":81,"column":31}},"type":"cond-expr","locations":[{"start":{"line":80,"column":6},"end":{"line":80,"column":46}},{"start":{"line":81,"column":6},"end":{"line":81,"column":31}}],"line":79}},"s":{"0":8,"1":8,"2":8,"3":8,"4":8,"5":16,"6":8,"7":5,"8":8,"9":0,"10":8,"11":0,"12":8,"13":0,"14":8,"15":0,"16":8,"17":0,"18":8,"19":16,"20":8,"21":8,"22":8,"23":0,"24":8,"25":0,"26":8,"27":0,"28":8,"29":0,"30":0,"31":0},"f":{"0":16,"1":5,"2":0,"3":0,"4":0,"5":0,"6":0,"7":16,"8":8,"9":0,"10":0,"11":0,"12":0},"b":{"0":[1],"1":[0,0],"2":[0,0],"3":[16,0],"4":[8,0]},"_coverageSchema":"1a1c01bbd47fc00a2c39e90264f33305004495a9","hash":"93e940cf58c2625176793afc5c52a0a638e5f0a4"}
,"/home/wsdt/Schreibtisch/GitRepositories/enya/boba/packages/boba/gateway/src/util/objectManipulation.ts": {"path":"/home/wsdt/Schreibtisch/GitRepositories/enya/boba/packages/boba/gateway/src/util/objectManipulation.ts","statementMap":{"0":{"start":{"line":1,"column":36},"end":{"line":3,"column":1}},"1":{"start":{"line":2,"column":2},"end":{"line":2,"column":48}},"2":{"start":{"line":2,"column":40},"end":{"line":2,"column":47}}},"fnMap":{"0":{"name":"(anonymous_0)","decl":{"start":{"line":1,"column":36},"end":{"line":1,"column":37}},"loc":{"start":{"line":1,"column":59},"end":{"line":3,"column":1}},"line":1},"1":{"name":"(anonymous_1)","decl":{"start":{"line":2,"column":22},"end":{"line":2,"column":23}},"loc":{"start":{"line":2,"column":40},"end":{"line":2,"column":47}},"line":2}},"branchMap":{},"s":{"0":1,"1":0,"2":0},"f":{"0":0,"1":0},"b":{},"_coverageSchema":"1a1c01bbd47fc00a2c39e90264f33305004495a9","hash":"f3037ad33b6446a5d51b338ca331dc24b0686443"}
,"/home/wsdt/Schreibtisch/GitRepositories/enya/boba/packages/boba/gateway/src/util/network/network.util.ts": {"path":"/home/wsdt/Schreibtisch/GitRepositories/enya/boba/packages/boba/gateway/src/util/network/network.util.ts","statementMap":{"0":{"start":{"line":16,"column":24},"end":{"line":20,"column":1}},"1":{"start":{"line":22,"column":24},"end":{"line":26,"column":1}},"2":{"start":{"line":28,"column":28},"end":{"line":31,"column":1}},"3":{"start":{"line":33,"column":23},"end":{"line":37,"column":1}},"4":{"start":{"line":39,"column":29},"end":{"line":113,"column":1}},"5":{"start":{"line":124,"column":73},"end":{"line":195,"column":1}},"6":{"start":{"line":197,"column":33},"end":{"line":201,"column":1}},"7":{"start":{"line":203,"column":23},"end":{"line":216,"column":1}},"8":{"start":{"line":205,"column":4},"end":{"line":206,"column":40}},"9":{"start":{"line":207,"column":4},"end":{"line":208,"column":37}},"10":{"start":{"line":209,"column":4},"end":{"line":210,"column":40}},"11":{"start":{"line":211,"column":4},"end":{"line":212,"column":37}},"12":{"start":{"line":213,"column":4},"end":{"line":213,"column":25}},"13":{"start":{"line":218,"column":32},"end":{"line":220,"column":1}},"14":{"start":{"line":219,"column":2},"end":{"line":219,"column":48}},"15":{"start":{"line":222,"column":34},"end":{"line":229,"column":1}},"16":{"start":{"line":223,"column":18},"end":{"line":223,"column":40}},"17":{"start":{"line":224,"column":2},"end":{"line":228,"column":4}},"18":{"start":{"line":231,"column":25},"end":{"line":238,"column":1}},"19":{"start":{"line":232,"column":15},"end":{"line":232,"column":69}},"20":{"start":{"line":233,"column":18},"end":{"line":233,"column":22}},"21":{"start":{"line":234,"column":2},"end":{"line":236,"column":3}},"22":{"start":{"line":235,"column":4},"end":{"line":235,"column":61}},"23":{"start":{"line":237,"column":2},"end":{"line":237,"column":18}},"24":{"start":{"line":240,"column":35},"end":{"line":242,"column":1}},"25":{"start":{"line":241,"column":2},"end":{"line":241,"column":73}},"26":{"start":{"line":244,"column":26},"end":{"line":253,"column":1}},"27":{"start":{"line":245,"column":19},"end":{"line":245,"column":56}},"28":{"start":{"line":246,"column":2},"end":{"line":252,"column":3}},"29":{"start":{"line":247,"column":4},"end":{"line":247,"column":35}},"30":{"start":{"line":248,"column":4},"end":{"line":248,"column":15}},"31":{"start":{"line":250,"column":4},"end":{"line":250,"column":51}},"32":{"start":{"line":251,"column":4},"end":{"line":251,"column":16}}},"fnMap":{"0":{"name":"(anonymous_0)","decl":{"start":{"line":204,"column":2},"end":{"line":204,"column":3}},"loc":{"start":{"line":204,"column":37},"end":{"line":214,"column":3}},"line":204},"1":{"name":"(anonymous_1)","decl":{"start":{"line":218,"column":32},"end":{"line":218,"column":33}},"loc":{"start":{"line":218,"column":62},"end":{"line":220,"column":1}},"line":218},"2":{"name":"(anonymous_2)","decl":{"start":{"line":222,"column":34},"end":{"line":222,"column":35}},"loc":{"start":{"line":222,"column":55},"end":{"line":229,"column":1}},"line":222},"3":{"name":"(anonymous_3)","decl":{"start":{"line":231,"column":25},"end":{"line":231,"column":26}},"loc":{"start":{"line":231,"column":70},"end":{"line":238,"column":1}},"line":231},"4":{"name":"(anonymous_4)","decl":{"start":{"line":240,"column":35},"end":{"line":240,"column":36}},"loc":{"start":{"line":240,"column":72},"end":{"line":242,"column":1}},"line":240},"5":{"name":"(anonymous_5)","decl":{"start":{"line":244,"column":26},"end":{"line":244,"column":27}},"loc":{"start":{"line":244,"column":44},"end":{"line":253,"column":1}},"line":244}},"branchMap":{"0":{"loc":{"start":{"line":234,"column":2},"end":{"line":236,"column":3}},"type":"if","locations":[{"start":{"line":234,"column":2},"end":{"line":236,"column":3}},{"start":{},"end":{}}],"line":234}},"s":{"0":7,"1":7,"2":7,"3":7,"4":7,"5":7,"6":7,"7":7,"8":21,"9":21,"10":21,"11":21,"12":21,"13":7,"14":0,"15":7,"16":0,"17":0,"18":7,"19":0,"20":0,"21":0,"22":0,"23":0,"24":7,"25":0,"26":7,"27":0,"28":0,"29":0,"30":0,"31":0,"32":0},"f":{"0":21,"1":0,"2":0,"3":0,"4":0,"5":0},"b":{"0":[0,0]},"_coverageSchema":"1a1c01bbd47fc00a2c39e90264f33305004495a9","hash":"0064272a368dc0dd60ae5e90c614d67d27ac24f1"}
}
