TN:
SF:src/components/index.ts
FNF:0
FNH:0
LF:0
LH:0
BRF:0
BRH:0
end_of_record
TN:
SF:src/components/NetworkSelector/index.tsx
FN:8,(anonymous_0)
FN:11,(anonymous_1)
FN:12,(anonymous_2)
FNF:3
FNH:0
FNDA:0,(anonymous_0)
FNDA:0,(anonymous_1)
FNDA:0,(anonymous_2)
DA:8,1
DA:9,0
DA:11,0
DA:12,0
DA:14,0
LF:5
LH:1
BRDA:17,0,0,0
BRDA:17,0,1,0
BRF:2
BRH:0
end_of_record
TN:
SF:src/components/NetworkSelector/styles.ts
FN:16,(anonymous_0)
FN:21,(anonymous_1)
FN:42,(anonymous_2)
FN:49,(anonymous_3)
FNF:4
FNH:0
FNDA:0,(anonymous_0)
FNDA:0,(anonymous_1)
FNDA:0,(anonymous_2)
FNDA:0,(anonymous_3)
DA:6,1
DA:17,0
DA:22,0
DA:35,1
DA:43,0
DA:50,0
DA:58,1
LF:7
LH:3
BRDA:17,0,0,0
BRDA:17,0,1,0
BRDA:22,1,0,0
BRDA:22,1,1,0
BRDA:43,2,0,0
BRDA:43,2,1,0
BRDA:50,3,0,0
BRDA:50,3,1,0
BRF:8
BRH:0
end_of_record
TN:
SF:src/components/PulseBadge/index.tsx
FN:6,(anonymous_0)
FN:14,(anonymous_1)
FN:47,(anonymous_2)
FNF:3
FNH:0
FNDA:0,(anonymous_0)
FNDA:0,(anonymous_1)
FNDA:0,(anonymous_2)
DA:6,0
DA:14,0
DA:36,0
DA:47,0
DA:51,0
LF:5
LH:0
BRDA:49,0,0,0
BRF:1
BRH:0
end_of_record
TN:
SF:src/components/alert/Alert.tsx
FN:33,(anonymous_0)
FN:84,(anonymous_1)
FN:89,(anonymous_2)
FN:90,(anonymous_3)
FNF:4
FNH:0
FNDA:0,(anonymous_0)
FNDA:0,(anonymous_1)
FNDA:0,(anonymous_2)
FNDA:0,(anonymous_3)
DA:33,0
DA:40,0
DA:41,0
DA:42,0
DA:44,0
DA:47,0
DA:84,0
DA:85,0
DA:86,0
DA:87,0
DA:89,0
DA:90,0
DA:92,0
LF:13
LH:0
BRDA:37,0,0,0
BRDA:38,1,0,0
BRDA:41,2,0,0
BRDA:41,2,1,0
BRDA:50,3,0,0
BRDA:50,3,1,0
BRF:6
BRH:0
end_of_record
TN:
SF:src/components/availableBridges/bobaBridges.ts
FN:42,(anonymous_0)
FN:43,(anonymous_1)
FNF:2
FNH:2
FNDA:7,(anonymous_0)
FNDA:42,(anonymous_1)
DA:3,1
DA:42,1
DA:43,42
LF:3
LH:3
BRF:0
BRH:0
end_of_record
TN:
SF:src/components/availableBridges/index.tsx
FN:11,(anonymous_0)
FN:34,(anonymous_1)
FN:44,(anonymous_2)
FN:55,(anonymous_3)
FN:94,(anonymous_4)
FNF:5
FNH:5
FNDA:7,(anonymous_0)
FNDA:18,(anonymous_1)
FNDA:17,(anonymous_2)
FNDA:10,(anonymous_3)
FNDA:14,(anonymous_4)
DA:11,7
DA:24,1
DA:29,1
DA:34,18
DA:44,1
DA:48,17
DA:49,17
DA:50,17
DA:52,17
DA:53,17
DA:55,17
DA:56,10
DA:57,7
DA:58,7
DA:60,7
DA:61,4
DA:65,4
DA:66,4
DA:71,17
DA:77,10
DA:80,7
DA:95,14
LF:22
LH:22
BRDA:45,0,0,0
BRDA:46,1,0,0
BRDA:56,2,0,7
BRDA:56,2,1,3
BRDA:60,3,0,4
BRDA:60,3,1,3
BRDA:60,4,0,7
BRDA:60,4,1,5
BRDA:71,5,0,10
BRDA:71,5,1,7
BRDA:72,6,0,17
BRDA:72,6,1,14
BRDA:72,6,2,14
BRDA:72,6,3,14
BRDA:72,6,4,10
BRDA:83,7,0,7
BRDA:83,7,1,7
BRDA:83,7,2,4
BRF:18
BRH:16
end_of_record
TN:
SF:src/components/bridge/ChainLabel/index.tsx
FN:14,(anonymous_0)
FN:23,(anonymous_1)
FN:30,(anonymous_2)
FN:39,(anonymous_3)
FNF:4
FNH:0
FNDA:0,(anonymous_0)
FNDA:0,(anonymous_1)
FNDA:0,(anonymous_2)
FNDA:0,(anonymous_3)
DA:14,1
DA:15,0
DA:17,0
DA:18,0
DA:19,0
DA:21,0
DA:23,0
DA:24,0
DA:27,0
DA:28,0
DA:30,0
DA:31,0
DA:39,0
DA:40,0
DA:47,0
DA:52,0
DA:54,0
LF:17
LH:1
BRDA:34,0,0,0
BRDA:34,0,1,0
BRDA:43,1,0,0
BRDA:43,1,1,0
BRDA:48,2,0,0
BRDA:48,2,1,0
BRDA:49,3,0,0
BRDA:49,3,1,0
BRDA:54,4,0,0
BRDA:54,4,1,0
BRF:10
BRH:0
end_of_record
TN:
SF:src/components/bridge/ChainLabel/styles.ts
FNF:0
FNH:0
DA:4,1
LF:1
LH:1
BRF:0
BRH:0
end_of_record
TN:
SF:src/components/bridge/NetworkPickerList/index.tsx
FN:31,(anonymous_0)
FN:31,(anonymous_1)
FN:43,(anonymous_2)
FN:58,(anonymous_3)
FN:68,(anonymous_4)
FNF:5
FNH:0
FNDA:0,(anonymous_0)
FNDA:0,(anonymous_1)
FNDA:0,(anonymous_2)
FNDA:0,(anonymous_3)
FNDA:0,(anonymous_4)
DA:31,1
DA:32,0
DA:33,0
DA:34,0
DA:35,0
DA:36,0
DA:38,0
DA:39,0
DA:41,0
DA:42,0
DA:43,0
DA:44,0
DA:53,0
DA:56,0
DA:60,0
DA:64,0
DA:68,0
LF:17
LH:1
BRDA:31,0,0,0
BRDA:42,1,0,0
BRDA:42,1,1,0
BRDA:60,2,0,0
BRDA:60,2,1,0
BRF:5
BRH:0
end_of_record
TN:
SF:src/components/bridge/NetworkPickerList/styles.ts
FN:24,(anonymous_0)
FN:29,(anonymous_1)
FN:34,(anonymous_2)
FN:45,(anonymous_3)
FN:54,(anonymous_4)
FNF:5
FNH:0
FNDA:0,(anonymous_0)
FNDA:0,(anonymous_1)
FNDA:0,(anonymous_2)
FNDA:0,(anonymous_3)
FNDA:0,(anonymous_4)
DA:4,1
DA:7,1
DA:14,1
DA:25,0
DA:29,0
DA:34,0
DA:37,1
DA:42,1
DA:46,0
DA:50,1
DA:54,0
LF:11
LH:6
BRDA:25,0,0,0
BRDA:25,0,1,0
BRDA:46,1,0,0
BRDA:46,1,1,0
BRF:4
BRH:0
end_of_record
TN:
SF:src/components/copy/Copy.tsx
FN:24,(anonymous_0)
FN:27,(anonymous_1)
FN:32,(anonymous_2)
FN:34,(anonymous_3)
FN:41,(anonymous_4)
FNF:5
FNH:0
FNDA:0,(anonymous_0)
FNDA:0,(anonymous_1)
FNDA:0,(anonymous_2)
FNDA:0,(anonymous_3)
FNDA:0,(anonymous_4)
DA:24,0
DA:25,0
DA:27,0
DA:28,0
DA:29,0
DA:32,0
DA:33,0
DA:34,0
DA:35,0
DA:40,0
DA:41,0
LF:11
LH:0
BRDA:24,0,0,0
BRDA:33,1,0,0
BRDA:33,1,1,0
BRF:3
BRH:0
end_of_record
TN:
SF:src/components/counterButton/CounterButton.tsx
FN:26,(anonymous_0)
FNF:1
FNH:0
FNDA:0,(anonymous_0)
DA:26,0
DA:27,0
DA:29,0
LF:3
LH:0
BRDA:36,0,0,0
BRDA:36,0,1,0
BRF:2
BRH:0
end_of_record
TN:
SF:src/components/dao/LinearProgress/index.tsx
FN:5,(anonymous_0)
FNF:1
FNH:0
FNDA:0,(anonymous_0)
DA:5,0
DA:6,0
DA:7,0
DA:8,0
DA:9,0
DA:11,0
LF:6
LH:0
BRF:0
BRH:0
end_of_record
TN:
SF:src/components/dao/label/index.tsx
FN:4,(anonymous_0)
FNF:1
FNH:0
FNDA:0,(anonymous_0)
DA:4,0
DA:5,0
LF:2
LH:0
BRF:0
BRH:0
end_of_record
TN:
SF:src/components/dao/label/styles.ts
FN:6,(anonymous_0)
FN:8,(anonymous_1)
FN:9,(anonymous_2)
FN:12,(anonymous_3)
FN:19,(anonymous_4)
FN:26,(anonymous_5)
FNF:6
FNH:0
FNDA:0,(anonymous_0)
FNDA:0,(anonymous_1)
FNDA:0,(anonymous_2)
FNDA:0,(anonymous_3)
FNDA:0,(anonymous_4)
FNDA:0,(anonymous_5)
DA:3,0
DA:6,0
DA:8,0
DA:9,0
DA:13,0
DA:20,0
DA:27,0
LF:7
LH:0
BRDA:13,0,0,0
BRDA:13,0,1,0
BRDA:20,1,0,0
BRDA:20,1,1,0
BRDA:27,2,0,0
BRDA:27,2,1,0
BRF:6
BRH:0
end_of_record
TN:
SF:src/components/dao/preloader/index.tsx
FN:11,(anonymous_0)
FN:16,(anonymous_1)
FNF:2
FNH:0
FNDA:0,(anonymous_0)
FNDA:0,(anonymous_1)
DA:11,0
DA:12,0
DA:14,0
DA:17,0
LF:4
LH:0
BRF:0
BRH:0
end_of_record
TN:
SF:src/components/dao/preloader/styles.tsx
FN:24,(anonymous_0)
FN:29,(anonymous_1)
FN:57,(anonymous_2)
FN:65,(anonymous_3)
FNF:4
FNH:0
FNDA:0,(anonymous_0)
FNDA:0,(anonymous_1)
FNDA:0,(anonymous_2)
FNDA:0,(anonymous_3)
DA:3,0
DA:12,0
DA:21,0
DA:25,0
DA:30,0
DA:36,0
DA:39,0
DA:42,0
DA:45,0
DA:49,0
DA:56,0
DA:57,0
DA:65,0
LF:13
LH:0
BRDA:25,0,0,0
BRDA:25,0,1,0
BRDA:30,1,0,0
BRDA:30,1,1,0
BRF:4
BRH:0
end_of_record
TN:
SF:src/components/disconnect/Disconnect.tsx
FN:22,(anonymous_0)
FNF:1
FNH:0
FNDA:0,(anonymous_0)
DA:22,0
DA:23,0
DA:24,0
LF:3
LH:0
BRF:0
BRH:0
end_of_record
TN:
SF:src/components/filter/index.tsx
FN:32,(anonymous_0)
FN:44,(anonymous_1)
FN:48,(anonymous_2)
FN:56,(anonymous_3)
FN:57,(anonymous_4)
FN:67,(anonymous_5)
FN:86,(anonymous_6)
FN:90,(anonymous_7)
FNF:8
FNH:3
FNDA:1,(anonymous_0)
FNDA:0,(anonymous_1)
FNDA:0,(anonymous_2)
FNDA:1,(anonymous_3)
FNDA:0,(anonymous_4)
FNDA:1,(anonymous_5)
FNDA:0,(anonymous_6)
FNDA:0,(anonymous_7)
DA:32,1
DA:41,1
DA:42,1
DA:44,1
DA:45,0
DA:48,1
DA:49,0
DA:50,0
DA:51,0
DA:54,1
DA:56,1
DA:57,1
DA:58,0
DA:62,0
DA:66,1
DA:67,1
DA:69,1
DA:73,1
DA:87,0
DA:91,0
LF:20
LH:12
BRDA:35,0,0,0
BRDA:49,1,0,0
BRDA:49,1,1,0
BRDA:58,2,0,0
BRDA:58,2,1,0
BRDA:59,3,0,0
BRDA:59,3,1,0
BRDA:76,4,0,1
BRDA:76,4,1,1
BRDA:78,5,0,1
BRDA:78,5,1,1
BRDA:79,6,0,1
BRDA:79,6,1,0
BRDA:83,7,0,1
BRDA:83,7,1,0
BRF:15
BRH:6
end_of_record
TN:
SF:src/components/filter/styles.ts
FN:12,(anonymous_0)
FN:17,(anonymous_1)
FN:31,(anonymous_2)
FN:45,(anonymous_3)
FN:60,(anonymous_4)
FN:65,(anonymous_5)
FN:96,(anonymous_6)
FN:102,(anonymous_7)
FN:116,(anonymous_8)
FN:121,(anonymous_9)
FN:155,(anonymous_10)
FN:156,(anonymous_11)
FN:163,(anonymous_12)
FN:202,(anonymous_13)
FN:204,(anonymous_14)
FN:211,(anonymous_15)
FNF:16
FNH:6
FNDA:1,(anonymous_0)
FNDA:1,(anonymous_1)
FNDA:1,(anonymous_2)
FNDA:1,(anonymous_3)
FNDA:1,(anonymous_4)
FNDA:1,(anonymous_5)
FNDA:0,(anonymous_6)
FNDA:0,(anonymous_7)
FNDA:0,(anonymous_8)
FNDA:0,(anonymous_9)
FNDA:0,(anonymous_10)
FNDA:0,(anonymous_11)
FNDA:0,(anonymous_12)
FNDA:0,(anonymous_13)
FNDA:0,(anonymous_14)
FNDA:0,(anonymous_15)
DA:5,1
DA:13,1
DA:18,1
DA:24,1
DA:32,1
DA:46,1
DA:61,1
DA:66,1
DA:80,1
DA:93,1
DA:96,0
DA:103,0
DA:112,1
DA:117,0
DA:122,0
DA:127,1
DA:141,1
DA:155,0
DA:157,0
DA:164,0
DA:171,1
DA:202,0
DA:205,0
DA:212,0
LF:24
LH:14
BRDA:13,0,0,1
BRDA:13,0,1,0
BRDA:18,1,0,1
BRDA:18,1,1,1
BRDA:32,2,0,1
BRDA:32,2,1,0
BRDA:46,3,0,1
BRDA:46,3,1,1
BRDA:61,4,0,1
BRDA:61,4,1,0
BRDA:66,5,0,1
BRDA:66,5,1,0
BRDA:68,6,0,0
BRDA:68,6,1,0
BRDA:69,7,0,0
BRDA:69,7,1,0
BRDA:73,8,0,0
BRDA:73,8,1,0
BRDA:103,9,0,0
BRDA:103,9,1,0
BRDA:117,10,0,0
BRDA:117,10,1,0
BRDA:122,11,0,0
BRDA:122,11,1,0
BRDA:157,12,0,0
BRDA:157,12,1,0
BRDA:164,13,0,0
BRDA:164,13,1,0
BRDA:205,14,0,0
BRDA:205,14,1,0
BRDA:212,15,0,0
BRDA:212,15,1,0
BRF:32
BRH:8
end_of_record
TN:
SF:src/components/global/index.ts
FNF:0
FNH:0
LF:0
LH:0
BRF:0
BRH:0
end_of_record
TN:
SF:src/components/global/model.ts
FNF:0
FNH:0
LF:0
LH:0
BRF:0
BRH:0
end_of_record
TN:
SF:src/components/global/IconLabel/index.tsx
FN:29,(anonymous_0)
FNF:1
FNH:0
FNDA:0,(anonymous_0)
DA:10,3
DA:17,3
DA:29,3
DA:30,0
DA:31,0
DA:33,0
LF:6
LH:3
BRF:0
BRH:0
end_of_record
TN:
SF:src/components/global/InputMax/index.tsx
FN:5,(anonymous_0)
FN:12,(anonymous_1)
FN:26,(anonymous_2)
FNF:3
FNH:1
FNDA:2,(anonymous_0)
FNDA:0,(anonymous_1)
FNDA:0,(anonymous_2)
DA:5,1
DA:10,2
DA:12,2
DA:13,0
DA:14,0
DA:15,0
DA:16,0
DA:18,0
DA:19,0
DA:20,0
DA:22,0
DA:23,0
DA:26,2
DA:27,0
DA:28,0
DA:31,2
LF:16
LH:5
BRDA:10,0,0,2
BRDA:10,0,1,1
BRDA:14,1,0,0
BRDA:14,1,1,0
BRDA:19,2,0,0
BRDA:19,2,1,0
BRDA:19,3,0,0
BRDA:19,3,1,0
BRDA:19,3,2,0
BRF:9
BRH:2
end_of_record
TN:
SF:src/components/global/InputMax/styles.ts
FN:19,(anonymous_0)
FN:26,(anonymous_1)
FN:45,(anonymous_2)
FN:47,(anonymous_3)
FN:60,(anonymous_4)
FNF:5
FNH:5
FNDA:4,(anonymous_0)
FNDA:4,(anonymous_1)
FNDA:4,(anonymous_2)
FNDA:4,(anonymous_3)
FNDA:4,(anonymous_4)
DA:3,1
DA:10,1
DA:20,4
DA:27,4
DA:35,1
DA:45,4
DA:48,4
DA:61,4
LF:8
LH:8
BRDA:20,0,0,4
BRDA:20,0,1,2
BRDA:27,1,0,4
BRDA:27,1,1,2
BRDA:48,2,0,4
BRDA:48,2,1,2
BRDA:61,3,0,4
BRDA:61,3,1,2
BRF:8
BRH:8
end_of_record
TN:
SF:src/components/global/addToMetamask/index.tsx
FN:24,(anonymous_0)
FN:30,(anonymous_1)
FN:37,(anonymous_2)
FNF:3
FNH:0
FNDA:0,(anonymous_0)
FNDA:0,(anonymous_1)
FNDA:0,(anonymous_2)
DA:19,3
DA:24,3
DA:28,0
DA:29,0
DA:30,0
DA:31,0
DA:32,0
DA:35,0
DA:37,0
LF:9
LH:2
BRDA:28,0,0,0
BRDA:28,0,1,0
BRF:2
BRH:0
end_of_record
TN:
SF:src/components/global/background/index.tsx
FN:11,(anonymous_0)
FNF:1
FNH:0
FNDA:0,(anonymous_0)
DA:11,0
DA:12,0
DA:13,0
DA:15,0
DA:19,0
LF:5
LH:0
BRDA:15,0,0,0
BRDA:15,0,1,0
BRF:2
BRH:0
end_of_record
TN:
SF:src/components/global/background/styles.ts
FN:5,(anonymous_0)
FN:13,(anonymous_1)
FN:35,(anonymous_2)
FN:50,(anonymous_3)
FN:53,(anonymous_4)
FN:74,(anonymous_5)
FN:79,(anonymous_6)
FNF:7
FNH:0
FNDA:0,(anonymous_0)
FNDA:0,(anonymous_1)
FNDA:0,(anonymous_2)
FNDA:0,(anonymous_3)
FNDA:0,(anonymous_4)
FNDA:0,(anonymous_5)
FNDA:0,(anonymous_6)
DA:3,0
DA:5,0
DA:6,0
DA:7,0
DA:9,0
DA:13,0
DA:14,0
DA:15,0
DA:17,0
DA:21,0
DA:30,0
DA:36,0
DA:39,0
DA:50,0
DA:54,0
DA:60,0
DA:69,0
DA:74,0
DA:79,0
LF:19
LH:0
BRDA:6,0,0,0
BRDA:6,0,1,0
BRDA:14,1,0,0
BRDA:14,1,1,0
BRDA:36,2,0,0
BRDA:36,2,1,0
BRDA:54,3,0,0
BRDA:54,3,1,0
BRF:8
BRH:0
end_of_record
TN:
SF:src/components/global/button/index.tsx
FN:5,(anonymous_0)
FN:27,(anonymous_1)
FNF:2
FNH:1
FNDA:9,(anonymous_0)
FNDA:0,(anonymous_1)
DA:5,5
DA:17,9
LF:2
LH:2
BRDA:6,0,0,8
BRDA:7,1,0,8
BRDA:8,2,0,4
BRDA:9,3,0,8
BRDA:10,4,0,9
BRDA:11,5,0,9
BRDA:27,6,0,8
BRDA:27,6,1,1
BRDA:31,7,0,9
BRDA:31,7,1,1
BRF:10
BRH:10
end_of_record
TN:
SF:src/components/global/button/styles.ts
FN:4,(anonymous_0)
FN:19,(anonymous_1)
FN:23,(anonymous_2)
FN:28,(anonymous_3)
FN:37,(anonymous_4)
FN:44,(anonymous_5)
FN:51,(anonymous_6)
FN:58,(anonymous_7)
FN:65,(anonymous_8)
FN:78,(anonymous_9)
FNF:10
FNH:10
FNDA:192,(anonymous_0)
FNDA:16,(anonymous_1)
FNDA:16,(anonymous_2)
FNDA:16,(anonymous_3)
FNDA:16,(anonymous_4)
FNDA:16,(anonymous_5)
FNDA:16,(anonymous_6)
FNDA:16,(anonymous_7)
FNDA:16,(anonymous_8)
FNDA:16,(anonymous_9)
DA:3,5
DA:5,192
DA:19,16
DA:23,16
DA:29,16
DA:38,16
DA:45,16
DA:52,16
DA:59,16
DA:66,16
DA:79,16
DA:104,5
DA:108,5
LF:13
LH:13
BRDA:29,0,0,16
BRDA:29,0,1,0
BRDA:38,1,0,16
BRDA:38,1,1,2
BRDA:45,2,0,16
BRDA:45,2,1,2
BRDA:52,3,0,16
BRDA:52,3,1,14
BRDA:59,4,0,16
BRDA:59,4,1,8
BRDA:66,5,0,16
BRDA:66,5,1,2
BRDA:79,6,0,16
BRDA:79,6,1,0
BRF:14
BRH:12
end_of_record
TN:
SF:src/components/global/checkbox/index.tsx
FN:9,(anonymous_0)
FN:16,(anonymous_1)
FN:22,(anonymous_2)
FNF:3
FNH:0
FNDA:0,(anonymous_0)
FNDA:0,(anonymous_1)
FNDA:0,(anonymous_2)
DA:9,0
DA:14,0
DA:16,0
DA:17,0
DA:18,0
DA:19,0
DA:22,0
DA:23,0
DA:26,0
LF:9
LH:0
BRDA:11,0,0,0
BRDA:37,1,0,0
BRDA:37,1,1,0
BRF:3
BRH:0
end_of_record
TN:
SF:src/components/global/checkbox/styles.ts
FN:28,(anonymous_0)
FN:30,(anonymous_1)
FN:47,(anonymous_2)
FN:55,(anonymous_3)
FN:66,(anonymous_4)
FNF:5
FNH:0
FNDA:0,(anonymous_0)
FNDA:0,(anonymous_1)
FNDA:0,(anonymous_2)
FNDA:0,(anonymous_3)
FNDA:0,(anonymous_4)
DA:4,0
DA:10,0
DA:28,0
DA:31,0
DA:39,0
DA:48,0
DA:56,0
DA:67,0
LF:8
LH:0
BRDA:31,0,0,0
BRDA:31,0,1,0
BRDA:48,1,0,0
BRDA:48,1,1,0
BRDA:56,2,0,0
BRDA:56,2,1,0
BRDA:67,3,0,0
BRDA:67,3,1,0
BRF:8
BRH:0
end_of_record
TN:
SF:src/components/global/containers/index.tsx
FN:25,(anonymous_0)
FN:37,(anonymous_1)
FNF:2
FNH:1
FNDA:7,(anonymous_0)
FNDA:0,(anonymous_1)
DA:4,3
DA:12,3
DA:25,3
DA:30,7
DA:37,3
DA:42,0
LF:6
LH:5
BRF:0
BRH:0
end_of_record
TN:
SF:src/components/global/dropdown/index.tsx
FN:43,(anonymous_0)
FN:54,(anonymous_1)
FN:70,(anonymous_2)
FN:81,(anonymous_3)
FN:85,(anonymous_4)
FN:93,(anonymous_5)
FN:94,(anonymous_6)
FN:104,(anonymous_7)
FN:110,(anonymous_8)
FN:149,(anonymous_9)
FN:172,(anonymous_10)
FNF:11
FNH:6
FNDA:2,(anonymous_0)
FNDA:14,(anonymous_1)
FNDA:28,(anonymous_2)
FNDA:0,(anonymous_3)
FNDA:0,(anonymous_4)
FNDA:2,(anonymous_5)
FNDA:0,(anonymous_6)
FNDA:2,(anonymous_7)
FNDA:2,(anonymous_8)
FNDA:0,(anonymous_9)
FNDA:0,(anonymous_10)
DA:43,1
DA:52,2
DA:53,2
DA:54,2
DA:55,14
DA:56,2
DA:58,12
DA:61,2
DA:62,2
DA:63,4
DA:67,4
DA:71,28
DA:75,2
DA:78,2
DA:79,2
DA:81,2
DA:82,0
DA:85,2
DA:86,0
DA:87,0
DA:88,0
DA:91,2
DA:93,2
DA:94,2
DA:95,0
DA:99,0
DA:103,2
DA:104,2
DA:106,2
DA:110,2
DA:111,2
DA:114,2
DA:150,0
DA:151,0
DA:167,0
DA:173,0
DA:174,0
LF:37
LH:26
BRDA:46,0,0,0
BRDA:49,1,0,0
BRDA:52,2,0,2
BRDA:52,2,1,0
BRDA:55,3,0,2
BRDA:55,3,1,12
BRDA:55,4,0,14
BRDA:55,4,1,14
BRDA:86,5,0,0
BRDA:86,5,1,0
BRDA:95,6,0,0
BRDA:95,6,1,0
BRDA:96,7,0,0
BRDA:96,7,1,0
BRDA:127,8,0,2
BRDA:127,8,1,2
BRDA:129,9,0,2
BRDA:129,9,1,2
BRDA:129,9,2,0
BRDA:133,10,0,2
BRDA:133,10,1,2
BRDA:133,10,2,2
BRDA:137,11,0,2
BRDA:137,11,1,0
BRDA:145,12,0,2
BRDA:145,12,1,0
BRDA:147,13,0,0
BRDA:147,13,1,0
BRDA:150,14,0,0
BRDA:150,14,1,0
BRDA:156,15,0,0
BRDA:156,15,1,0
BRDA:158,16,0,0
BRDA:158,16,1,0
BRDA:173,17,0,0
BRDA:173,17,1,0
BRDA:178,18,0,0
BRDA:178,18,1,0
BRDA:180,19,0,0
BRDA:180,19,1,0
BRDA:180,19,2,0
BRDA:184,20,0,0
BRDA:184,20,1,0
BRDA:184,20,2,0
BRF:44
BRH:14
end_of_record
TN:
SF:src/components/global/dropdown/styles.ts
FN:11,(anonymous_0)
FN:16,(anonymous_1)
FN:32,(anonymous_2)
FN:52,(anonymous_3)
FN:70,(anonymous_4)
FN:81,(anonymous_5)
FN:105,(anonymous_6)
FN:117,(anonymous_7)
FN:122,(anonymous_8)
FN:133,(anonymous_9)
FN:138,(anonymous_10)
FN:165,(anonymous_11)
FN:171,(anonymous_12)
FN:209,(anonymous_13)
FN:217,(anonymous_14)
FN:232,(anonymous_15)
FN:237,(anonymous_16)
FNF:17
FNH:10
FNDA:2,(anonymous_0)
FNDA:2,(anonymous_1)
FNDA:2,(anonymous_2)
FNDA:2,(anonymous_3)
FNDA:2,(anonymous_4)
FNDA:2,(anonymous_5)
FNDA:0,(anonymous_6)
FNDA:2,(anonymous_7)
FNDA:2,(anonymous_8)
FNDA:0,(anonymous_9)
FNDA:0,(anonymous_10)
FNDA:0,(anonymous_11)
FNDA:0,(anonymous_12)
FNDA:0,(anonymous_13)
FNDA:0,(anonymous_14)
FNDA:2,(anonymous_15)
FNDA:2,(anonymous_16)
DA:4,1
DA:12,2
DA:17,2
DA:23,1
DA:33,2
DA:53,2
DA:71,2
DA:82,2
DA:94,1
DA:102,1
DA:105,0
DA:112,1
DA:117,2
DA:123,2
DA:129,1
DA:134,0
DA:139,0
DA:144,1
DA:152,1
DA:166,0
DA:172,0
DA:178,1
DA:210,0
DA:218,0
DA:230,1
DA:233,2
DA:238,2
DA:244,1
LF:28
LH:21
BRDA:12,0,0,2
BRDA:12,0,1,0
BRDA:17,1,0,2
BRDA:17,1,1,2
BRDA:33,2,0,2
BRDA:33,2,1,0
BRDA:53,3,0,2
BRDA:53,3,1,2
BRDA:71,4,0,2
BRDA:71,4,1,0
BRDA:71,4,2,0
BRDA:82,5,0,2
BRDA:82,5,1,0
BRDA:82,5,2,0
BRDA:123,6,0,2
BRDA:123,6,1,0
BRDA:134,7,0,0
BRDA:134,7,1,0
BRDA:139,8,0,0
BRDA:139,8,1,0
BRDA:166,9,0,0
BRDA:166,9,1,0
BRDA:172,10,0,0
BRDA:172,10,1,0
BRDA:210,11,0,0
BRDA:210,11,1,0
BRDA:218,12,0,0
BRDA:218,12,1,0
BRDA:233,13,0,2
BRDA:233,13,1,2
BRDA:238,14,0,2
BRDA:238,14,1,0
BRF:32
BRH:12
end_of_record
TN:
SF:src/components/global/heading/index.tsx
FN:13,(anonymous_0)
FNF:1
FNH:1
FNDA:7,(anonymous_0)
DA:13,5
DA:14,7
LF:2
LH:2
BRF:0
BRH:0
end_of_record
TN:
SF:src/components/global/inputWithButton/index.tsx
FN:16,(anonymous_0)
FNF:1
FNH:0
FNDA:0,(anonymous_0)
DA:16,0
DA:27,0
LF:2
LH:0
BRDA:32,0,0,0
BRDA:32,0,1,0
BRDA:38,1,0,0
BRDA:38,1,1,0
BRF:4
BRH:0
end_of_record
TN:
SF:src/components/global/inputWithButton/styles.ts
FN:13,(anonymous_0)
FN:15,(anonymous_1)
FN:25,(anonymous_2)
FN:26,(anonymous_3)
FN:38,(anonymous_4)
FN:46,(anonymous_5)
FNF:6
FNH:0
FNDA:0,(anonymous_0)
FNDA:0,(anonymous_1)
FNDA:0,(anonymous_2)
FNDA:0,(anonymous_3)
FNDA:0,(anonymous_4)
FNDA:0,(anonymous_5)
DA:4,0
DA:14,0
DA:15,0
DA:22,0
DA:25,0
DA:26,0
DA:37,0
DA:38,0
DA:47,0
LF:9
LH:0
BRDA:14,0,0,0
BRDA:14,0,1,0
BRDA:25,1,0,0
BRDA:25,1,1,0
BRDA:38,2,0,0
BRDA:38,2,1,0
BRDA:47,3,0,0
BRDA:47,3,1,0
BRF:8
BRH:0
end_of_record
TN:
SF:src/components/global/label/index.tsx
FN:20,(anonymous_0)
FNF:1
FNH:0
FNDA:0,(anonymous_0)
DA:4,3
DA:20,3
DA:21,0
DA:22,0
LF:4
LH:2
BRDA:21,0,0,0
BRDA:21,0,1,0
BRF:2
BRH:0
end_of_record
TN:
SF:src/components/global/menu/index.tsx
FN:7,(anonymous_0)
FN:10,(anonymous_1)
FN:13,(anonymous_2)
FN:31,(anonymous_3)
FNF:4
FNH:0
FNDA:0,(anonymous_0)
FNDA:0,(anonymous_1)
FNDA:0,(anonymous_2)
FNDA:0,(anonymous_3)
DA:7,1
DA:8,0
DA:9,0
DA:10,0
DA:11,0
DA:13,0
DA:14,0
DA:17,0
DA:32,0
LF:9
LH:1
BRDA:20,0,0,0
BRDA:20,0,1,0
BRF:2
BRH:0
end_of_record
TN:
SF:src/components/global/menu/styles.ts
FN:10,(anonymous_0)
FN:15,(anonymous_1)
FNF:2
FNH:0
FNDA:0,(anonymous_0)
FNDA:0,(anonymous_1)
DA:3,1
DA:11,0
DA:16,0
LF:3
LH:1
BRDA:11,0,0,0
BRDA:11,0,1,0
BRDA:16,1,0,0
BRDA:16,1,1,0
BRF:4
BRH:0
end_of_record
TN:
SF:src/components/global/modalTypography/index.tsx
FN:7,(anonymous_0)
FN:13,(anonymous_1)
FNF:2
FNH:2
FNDA:6,(anonymous_0)
FNDA:6,(anonymous_1)
DA:4,3
DA:8,6
DA:14,6
LF:3
LH:3
BRDA:8,0,0,6
BRDA:8,0,1,0
BRDA:14,1,0,6
BRDA:14,1,1,6
BRF:4
BRH:3
end_of_record
TN:
SF:src/components/global/placeholderConnect/index.tsx
FN:15,(anonymous_0)
FN:25,(anonymous_1)
FN:29,(anonymous_2)
FNF:3
FNH:2
FNDA:2,(anonymous_0)
FNDA:0,(anonymous_1)
FNDA:2,(anonymous_2)
DA:15,1
DA:19,2
DA:20,2
DA:22,2
DA:23,2
DA:25,2
DA:26,0
DA:29,2
DA:30,2
DA:38,2
LF:10
LH:9
BRDA:16,0,0,0
BRDA:17,1,0,1
BRDA:26,2,0,0
BRDA:26,2,1,0
BRDA:40,3,0,2
BRDA:40,3,1,1
BRDA:41,4,0,2
BRDA:41,4,1,0
BRDA:41,4,2,0
BRDA:42,5,0,2
BRDA:42,5,1,2
BRF:11
BRH:6
end_of_record
TN:
SF:src/components/global/placeholderConnect/styles.ts
FNF:0
FNH:0
DA:4,1
DA:15,1
LF:2
LH:2
BRF:0
BRH:0
end_of_record
TN:
SF:src/components/global/searchInput/index.tsx
FN:12,(anonymous_0)
FNF:1
FNH:1
FNDA:1,(anonymous_0)
DA:12,1
DA:13,1
LF:2
LH:2
BRF:0
BRH:0
end_of_record
TN:
SF:src/components/global/searchInput/styles.ts
FN:10,(anonymous_0)
FN:21,(anonymous_1)
FN:61,(anonymous_2)
FN:66,(anonymous_3)
FNF:4
FNH:4
FNDA:1,(anonymous_0)
FNDA:1,(anonymous_1)
FNDA:1,(anonymous_2)
FNDA:1,(anonymous_3)
DA:4,1
DA:11,1
DA:22,1
DA:51,1
DA:62,1
DA:67,1
LF:6
LH:6
BRDA:11,0,0,1
BRDA:11,0,1,0
BRDA:22,1,0,1
BRDA:22,1,1,1
BRDA:62,2,0,1
BRDA:62,2,1,0
BRDA:67,3,0,1
BRDA:67,3,1,1
BRF:8
BRH:6
end_of_record
TN:
SF:src/components/global/svg/index.tsx
FN:5,(anonymous_0)
FN:17,(anonymous_1)
FNF:2
FNH:1
FNDA:23,(anonymous_0)
FNDA:0,(anonymous_1)
DA:5,5
DA:13,23
DA:18,0
DA:19,0
LF:4
LH:2
BRDA:7,0,0,10
BRDA:8,1,0,23
BRF:2
BRH:2
end_of_record
TN:
SF:src/components/global/switch/index.tsx
FN:5,(anonymous_0)
FN:12,(anonymous_1)
FN:16,(anonymous_2)
FN:22,(anonymous_3)
FNF:4
FNH:3
FNDA:4,(anonymous_0)
FNDA:4,(anonymous_1)
FNDA:4,(anonymous_2)
FNDA:0,(anonymous_3)
DA:5,4
DA:10,4
DA:12,4
DA:13,4
DA:16,4
DA:17,4
DA:18,4
DA:22,4
DA:23,0
DA:24,0
DA:28,4
LF:11
LH:9
BRDA:6,0,0,2
BRDA:7,1,0,2
BRDA:17,2,0,4
BRDA:17,2,1,0
BRDA:23,3,0,0
BRDA:23,3,1,0
BRF:6
BRH:3
end_of_record
TN:
SF:src/components/global/switch/styles.ts
FN:12,(anonymous_0)
FN:29,(anonymous_1)
FN:43,(anonymous_2)
FN:44,(anonymous_3)
FN:54,(anonymous_4)
FN:55,(anonymous_5)
FN:60,(anonymous_6)
FN:63,(anonymous_7)
FN:64,(anonymous_8)
FNF:9
FNH:9
FNDA:8,(anonymous_0)
FNDA:8,(anonymous_1)
FNDA:8,(anonymous_2)
FNDA:8,(anonymous_3)
FNDA:8,(anonymous_4)
FNDA:8,(anonymous_5)
FNDA:8,(anonymous_6)
FNDA:8,(anonymous_7)
FNDA:8,(anonymous_8)
DA:3,4
DA:13,8
DA:29,8
DA:35,4
DA:43,8
DA:44,8
DA:54,8
DA:55,8
DA:60,8
DA:63,8
DA:64,8
DA:74,4
LF:12
LH:12
BRDA:13,0,0,4
BRDA:13,0,1,4
BRF:2
BRH:2
end_of_record
TN:
SF:src/components/global/tabHeader/index.tsx
FN:6,(anonymous_0)
FN:9,(anonymous_1)
FN:16,(anonymous_2)
FN:22,(anonymous_3)
FNF:4
FNH:0
FNDA:0,(anonymous_0)
FNDA:0,(anonymous_1)
FNDA:0,(anonymous_2)
FNDA:0,(anonymous_3)
DA:6,0
DA:7,0
DA:9,0
DA:10,0
DA:11,0
DA:14,0
DA:17,0
DA:18,0
DA:22,0
LF:9
LH:0
BRDA:21,0,0,0
BRDA:21,0,1,0
BRF:2
BRH:0
end_of_record
TN:
SF:src/components/global/tabHeader/styles.tsx
FN:18,(anonymous_0)
FN:23,(anonymous_1)
FN:33,(anonymous_2)
FN:36,(anonymous_3)
FN:38,(anonymous_4)
FNF:5
FNH:0
FNDA:0,(anonymous_0)
FNDA:0,(anonymous_1)
FNDA:0,(anonymous_2)
FNDA:0,(anonymous_3)
FNDA:0,(anonymous_4)
DA:4,0
DA:14,0
DA:18,0
DA:24,0
DA:34,0
DA:36,0
DA:38,0
LF:7
LH:0
BRDA:24,0,0,0
BRDA:24,0,1,0
BRDA:34,1,0,0
BRDA:34,1,1,0
BRF:4
BRH:0
end_of_record
TN:
SF:src/components/global/table/index.tsx
FN:20,(anonymous_0)
FN:23,(anonymous_1)
FN:54,(anonymous_2)
FN:61,(anonymous_3)
FN:64,(anonymous_4)
FNF:5
FNH:2
FNDA:1,(anonymous_0)
FNDA:6,(anonymous_1)
FNDA:0,(anonymous_2)
FNDA:0,(anonymous_3)
FNDA:0,(anonymous_4)
DA:20,3
DA:21,1
DA:24,6
DA:54,3
DA:59,0
DA:61,0
DA:62,0
DA:65,0
LF:8
LH:4
BRDA:31,0,0,6
BRDA:31,0,1,0
BRDA:61,1,0,0
BRDA:61,1,1,0
BRDA:61,2,0,0
BRDA:61,2,1,0
BRF:6
BRH:1
end_of_record
TN:
SF:src/components/global/table/styles.ts
FN:10,(anonymous_0)
FN:13,(anonymous_1)
FNF:2
FNH:2
FNDA:1,(anonymous_0)
FNDA:1,(anonymous_1)
DA:5,3
DA:11,1
DA:14,1
DA:47,3
DA:51,3
LF:5
LH:5
BRDA:11,0,0,0
BRDA:11,0,1,1
BRDA:14,1,0,0
BRDA:14,1,1,1
BRF:4
BRH:2
end_of_record
TN:
SF:src/components/global/table/themes.ts
FN:14,(anonymous_0)
FN:20,(anonymous_1)
FN:50,(anonymous_2)
FN:52,(anonymous_3)
FNF:4
FNH:2
FNDA:1,(anonymous_0)
FNDA:1,(anonymous_1)
FNDA:0,(anonymous_2)
FNDA:0,(anonymous_3)
DA:6,1
DA:15,1
DA:21,1
DA:44,1
DA:50,0
DA:53,0
LF:6
LH:4
BRDA:15,0,0,1
BRDA:15,0,1,0
BRDA:21,1,0,1
BRDA:21,1,1,1
BRDA:53,2,0,0
BRDA:53,2,1,0
BRF:6
BRH:3
end_of_record
TN:
SF:src/components/global/tabs/index.tsx
FN:5,(anonymous_0)
FN:11,(anonymous_1)
FN:14,(anonymous_2)
FNF:3
FNH:0
FNDA:0,(anonymous_0)
FNDA:0,(anonymous_1)
FNDA:0,(anonymous_2)
DA:5,0
DA:6,0
DA:8,0
DA:12,0
DA:14,0
LF:5
LH:0
BRDA:15,0,0,0
BRDA:15,0,1,0
BRF:2
BRH:0
end_of_record
TN:
SF:src/components/global/tabs/styles.ts
FN:6,(anonymous_0)
FN:27,(anonymous_1)
FN:29,(anonymous_2)
FNF:3
FNH:0
FNDA:0,(anonymous_0)
FNDA:0,(anonymous_1)
FNDA:0,(anonymous_2)
DA:3,0
DA:6,0
DA:11,0
DA:18,0
DA:27,0
DA:30,0
LF:6
LH:0
BRDA:30,0,0,0
BRDA:30,0,1,0
BRF:2
BRH:0
end_of_record
TN:
SF:src/components/global/text/index.tsx
FNF:0
FNH:0
DA:3,4
DA:10,4
LF:2
LH:2
BRF:0
BRH:0
end_of_record
TN:
SF:src/components/global/typography/index.tsx
FN:14,(anonymous_0)
FNF:1
FNH:1
FNDA:22,(anonymous_0)
DA:14,6
DA:20,22
LF:2
LH:2
BRDA:16,0,0,22
BRF:1
BRH:1
end_of_record
TN:
SF:src/components/layout/index.ts
FNF:0
FNH:0
LF:0
LH:0
BRF:0
BRH:0
end_of_record
TN:
SF:src/components/layout/Footer/index.tsx
FN:8,(anonymous_0)
FNF:1
FNH:0
FNDA:0,(anonymous_0)
DA:8,0
DA:9,0
LF:2
LH:0
BRF:0
BRH:0
end_of_record
TN:
SF:src/components/layout/Footer/FooterLinks/constant.ts
FNF:0
FNH:0
DA:9,0
DA:26,0
LF:2
LH:0
BRF:0
BRH:0
end_of_record
TN:
SF:src/components/layout/Footer/FooterLinks/index.tsx
FN:8,(anonymous_0)
FN:13,(anonymous_1)
FN:22,(anonymous_2)
FN:52,(anonymous_3)
FNF:4
FNH:0
FNDA:0,(anonymous_0)
FNDA:0,(anonymous_1)
FNDA:0,(anonymous_2)
FNDA:0,(anonymous_3)
DA:8,0
DA:9,0
DA:10,0
DA:11,0
DA:13,0
DA:14,0
DA:15,0
DA:19,0
DA:23,0
DA:24,0
DA:30,0
DA:53,0
LF:12
LH:0
BRDA:14,0,0,0
BRDA:14,0,1,0
BRDA:23,1,0,0
BRDA:23,1,1,0
BRDA:36,2,0,0
BRDA:36,2,1,0
BRDA:36,3,0,0
BRDA:36,3,1,0
BRF:8
BRH:0
end_of_record
TN:
SF:src/components/layout/Footer/GasWatcher/index.tsx
FN:12,(anonymous_0)
FNF:1
FNH:0
FNDA:0,(anonymous_0)
DA:12,0
DA:13,0
DA:14,0
DA:16,0
DA:17,0
DA:20,0
LF:6
LH:0
BRDA:16,0,0,0
BRDA:16,0,1,0
BRDA:45,1,0,0
BRDA:45,1,1,0
BRF:4
BRH:0
end_of_record
TN:
SF:src/components/layout/Footer/SocialLinks/index.tsx
FN:15,(anonymous_0)
FNF:1
FNH:0
FNDA:0,(anonymous_0)
DA:15,0
DA:16,0
LF:2
LH:0
BRF:0
BRH:0
end_of_record
TN:
SF:src/components/layout/Footer/SocialLinks/icons/discord.tsx
FN:5,(anonymous_0)
FNF:1
FNH:0
FNDA:0,(anonymous_0)
DA:5,0
DA:6,0
LF:2
LH:0
BRF:0
BRH:0
end_of_record
TN:
SF:src/components/layout/Footer/SocialLinks/icons/docs.tsx
FN:5,(anonymous_0)
FNF:1
FNH:0
FNDA:0,(anonymous_0)
DA:5,0
DA:6,0
LF:2
LH:0
BRF:0
BRH:0
end_of_record
TN:
SF:src/components/layout/Footer/SocialLinks/icons/telegram.tsx
FN:5,(anonymous_0)
FNF:1
FNH:0
FNDA:0,(anonymous_0)
DA:5,0
DA:6,0
LF:2
LH:0
BRF:0
BRH:0
end_of_record
TN:
SF:src/components/layout/Footer/SocialLinks/icons/mainnetFaucet.tsx
FN:5,(anonymous_0)
FNF:1
FNH:0
FNDA:0,(anonymous_0)
DA:5,0
DA:6,0
LF:2
LH:0
BRF:0
BRH:0
end_of_record
TN:
SF:src/components/layout/Header/index.tsx
FN:22,(anonymous_0)
FN:28,(anonymous_1)
FN:36,(anonymous_2)
FN:53,(anonymous_3)
FNF:4
FNH:1
FNDA:2,(anonymous_0)
FNDA:0,(anonymous_1)
FNDA:0,(anonymous_2)
FNDA:0,(anonymous_3)
DA:22,1
DA:23,2
DA:24,2
DA:25,2
DA:26,2
DA:28,2
DA:29,0
DA:32,2
DA:36,0
DA:53,0
LF:10
LH:7
BRDA:38,0,0,0
BRDA:38,0,1,2
BRDA:40,1,0,0
BRDA:40,1,1,0
BRF:4
BRH:1
end_of_record
TN:
SF:src/components/layout/Header/styles.ts
FN:16,(anonymous_0)
FN:21,(anonymous_1)
FN:36,(anonymous_2)
FN:69,(anonymous_3)
FN:71,(anonymous_4)
FNF:5
FNH:5
FNDA:2,(anonymous_0)
FNDA:2,(anonymous_1)
FNDA:2,(anonymous_2)
FNDA:2,(anonymous_3)
FNDA:2,(anonymous_4)
DA:7,1
DA:17,2
DA:22,2
DA:32,1
DA:36,2
DA:46,1
DA:57,1
DA:65,1
DA:70,2
DA:72,2
LF:10
LH:10
BRDA:17,0,0,2
BRDA:17,0,1,0
BRDA:22,1,0,2
BRDA:22,1,1,2
BRDA:70,2,0,0
BRDA:70,2,1,2
BRDA:72,3,0,0
BRDA:72,3,1,2
BRF:8
BRH:5
end_of_record
TN:
SF:src/components/layout/Header/NavDrawer/index.tsx
FN:53,(anonymous_0)
FN:78,(anonymous_1)
FN:91,(anonymous_2)
FN:103,(anonymous_3)
FN:115,(anonymous_4)
FN:131,(anonymous_5)
FN:137,(anonymous_6)
FNF:7
FNH:2
FNDA:2,(anonymous_0)
FNDA:0,(anonymous_1)
FNDA:0,(anonymous_2)
FNDA:0,(anonymous_3)
FNDA:10,(anonymous_4)
FNDA:0,(anonymous_5)
FNDA:0,(anonymous_6)
DA:45,1
DA:53,1
DA:54,2
DA:55,2
DA:56,2
DA:57,2
DA:58,2
DA:60,2
DA:61,2
DA:62,2
DA:64,2
DA:78,0
DA:91,0
DA:104,0
DA:105,0
DA:107,0
DA:116,10
DA:132,0
DA:138,0
LF:19
LH:12
BRDA:82,0,0,0
BRDA:82,0,1,2
BRDA:82,1,0,2
BRDA:82,1,1,0
BRDA:86,2,0,0
BRDA:86,2,1,0
BRDA:92,3,0,0
BRDA:92,3,1,0
BRDA:104,4,0,0
BRDA:104,4,1,0
BRF:10
BRH:2
end_of_record
TN:
SF:src/components/layout/Header/NavDrawer/styles.ts
FN:13,(anonymous_0)
FN:28,(anonymous_1)
FN:46,(anonymous_2)
FN:93,(anonymous_3)
FN:107,(anonymous_4)
FN:118,(anonymous_5)
FN:141,(anonymous_6)
FN:147,(anonymous_7)
FN:159,(anonymous_8)
FNF:9
FNH:0
FNDA:0,(anonymous_0)
FNDA:0,(anonymous_1)
FNDA:0,(anonymous_2)
FNDA:0,(anonymous_3)
FNDA:0,(anonymous_4)
FNDA:0,(anonymous_5)
FNDA:0,(anonymous_6)
FNDA:0,(anonymous_7)
FNDA:0,(anonymous_8)
DA:6,1
DA:11,1
DA:14,0
DA:17,1
DA:24,1
DA:29,0
DA:42,1
DA:46,0
DA:49,1
DA:55,1
DA:62,1
DA:69,1
DA:88,1
DA:94,0
DA:98,1
DA:108,0
DA:119,0
DA:125,1
DA:131,1
DA:142,0
DA:148,0
DA:156,1
DA:159,0
DA:162,1
DA:183,1
DA:193,1
DA:201,1
LF:27
LH:18
BRDA:14,0,0,0
BRDA:14,0,1,0
BRDA:29,1,0,0
BRDA:29,1,1,0
BRDA:94,2,0,0
BRDA:94,2,1,0
BRDA:108,3,0,0
BRDA:108,3,1,0
BRDA:119,4,0,0
BRDA:119,4,1,0
BRDA:142,5,0,0
BRDA:142,5,1,0
BRDA:148,6,0,0
BRDA:148,6,1,0
BRF:14
BRH:0
end_of_record
TN:
SF:src/components/layout/Header/NavDrawer/AccountDrawer/index.tsx
FN:23,(anonymous_0)
FN:24,(anonymous_1)
FN:29,(anonymous_2)
FN:36,(anonymous_3)
FN:45,(anonymous_4)
FN:47,(anonymous_5)
FN:67,(anonymous_6)
FNF:7
FNH:0
FNDA:0,(anonymous_0)
FNDA:0,(anonymous_1)
FNDA:0,(anonymous_2)
FNDA:0,(anonymous_3)
FNDA:0,(anonymous_4)
FNDA:0,(anonymous_5)
FNDA:0,(anonymous_6)
DA:23,1
DA:24,0
DA:25,0
DA:28,0
DA:29,0
DA:36,1
DA:37,0
DA:45,1
DA:46,0
DA:47,0
DA:48,0
DA:49,0
DA:50,0
DA:52,0
DA:67,0
LF:15
LH:3
BRDA:45,0,0,0
BRF:1
BRH:0
end_of_record
TN:
SF:src/components/layout/Header/NavDrawer/AccountDrawer/icons/copy.tsx
FN:3,(anonymous_0)
FNF:1
FNH:0
FNDA:0,(anonymous_0)
DA:3,1
DA:4,0
LF:2
LH:1
BRF:0
BRH:0
end_of_record
TN:
SF:src/components/layout/Header/NavDrawer/AccountDrawer/icons/disconnect.tsx
FN:3,(anonymous_0)
FNF:1
FNH:0
FNDA:0,(anonymous_0)
DA:3,1
DA:4,0
LF:2
LH:1
BRF:0
BRH:0
end_of_record
TN:
SF:src/components/layout/Header/NavDrawer/FeeSwitcherDrawer/index.tsx
FN:22,(anonymous_0)
FN:25,(anonymous_1)
FN:41,(anonymous_2)
FN:50,(anonymous_3)
FN:57,(anonymous_4)
FNF:5
FNH:0
FNDA:0,(anonymous_0)
FNDA:0,(anonymous_1)
FNDA:0,(anonymous_2)
FNDA:0,(anonymous_3)
FNDA:0,(anonymous_4)
DA:22,1
DA:23,0
DA:25,0
DA:26,0
DA:27,0
DA:30,0
DA:41,0
DA:50,0
DA:57,0
LF:9
LH:1
BRDA:22,0,0,0
BRF:1
BRH:0
end_of_record
TN:
SF:src/components/layout/Header/Navigation/constant.ts
FNF:0
FNH:0
DA:4,2
LF:1
LH:1
BRF:0
BRH:0
end_of_record
TN:
SF:src/components/layout/Header/Navigation/index.tsx
FN:29,(anonymous_0)
FN:34,(anonymous_1)
FNF:2
FNH:2
FNDA:5,(anonymous_0)
FNDA:25,(anonymous_1)
DA:29,2
DA:30,5
DA:32,5
DA:35,25
DA:39,0
DA:42,25
LF:6
LH:5
BRDA:35,0,0,0
BRDA:35,0,1,25
BRDA:36,1,0,25
BRDA:36,1,1,0
BRF:4
BRH:2
end_of_record
TN:
SF:src/components/layout/Header/ThemeSwitcher/index.tsx
FN:11,(anonymous_0)
FNF:1
FNH:1
FNDA:6,(anonymous_0)
DA:11,2
DA:12,6
DA:13,6
DA:15,6
LF:4
LH:4
BRDA:17,0,0,2
BRDA:17,0,1,4
BRF:2
BRH:2
end_of_record
TN:
SF:src/components/layout/Header/ThemeSwitcher/styles.ts
FN:8,(anonymous_0)
FNF:1
FNH:1
FNDA:6,(anonymous_0)
DA:4,2
DA:9,6
LF:2
LH:2
BRDA:9,0,0,1
BRDA:9,0,1,5
BRF:2
BRH:2
end_of_record
TN:
SF:src/components/layout/Header/WalletAddress/index.tsx
FN:13,(anonymous_0)
FN:21,(anonymous_1)
FN:30,(anonymous_2)
FN:33,(anonymous_3)
FN:36,(anonymous_4)
FNF:5
FNH:0
FNDA:0,(anonymous_0)
FNDA:0,(anonymous_1)
FNDA:0,(anonymous_2)
FNDA:0,(anonymous_3)
FNDA:0,(anonymous_4)
DA:13,1
DA:14,0
DA:21,1
DA:22,0
DA:30,1
DA:31,0
DA:33,0
DA:34,0
DA:36,0
DA:37,0
DA:40,0
LF:11
LH:3
BRF:0
BRH:0
end_of_record
TN:
SF:src/components/layout/Header/WalletAddress/icons/copy.tsx
FN:3,(anonymous_0)
FNF:1
FNH:0
FNDA:0,(anonymous_0)
DA:3,1
DA:4,0
LF:2
LH:1
BRF:0
BRH:0
end_of_record
TN:
SF:src/components/layout/Header/WalletAddress/icons/disconnect.tsx
FN:3,(anonymous_0)
FNF:1
FNH:0
FNDA:0,(anonymous_0)
DA:3,1
DA:4,0
LF:2
LH:1
BRF:0
BRH:0
end_of_record
TN:
SF:src/components/layout/Header/feeSwitcher/index.tsx
FN:37,(anonymous_0)
FN:43,(anonymous_1)
FN:49,(anonymous_2)
FN:83,(anonymous_3)
FNF:4
FNH:0
FNDA:0,(anonymous_0)
FNDA:0,(anonymous_1)
FNDA:0,(anonymous_2)
FNDA:0,(anonymous_3)
DA:37,1
DA:43,1
DA:49,1
DA:50,0
DA:51,0
DA:52,0
DA:53,0
DA:55,0
DA:57,0
DA:58,0
DA:70,0
DA:84,0
LF:12
LH:3
BRDA:57,0,0,0
BRDA:57,0,1,0
BRDA:57,1,0,0
BRDA:57,1,1,0
BRDA:86,2,0,0
BRDA:86,2,1,0
BRF:6
BRH:0
end_of_record
TN:
SF:src/components/layout/Header/feeSwitcher/styles.ts
FNF:0
FNH:0
DA:6,1
DA:16,1
DA:23,1
DA:25,1
LF:4
LH:4
BRF:0
BRH:0
end_of_record
TN:
SF:src/components/layout/PageTitle/constants.tsx
FNF:0
FNH:0
DA:2,1
LF:1
LH:1
BRF:0
BRH:0
end_of_record
TN:
SF:src/components/layout/PageTitle/index.tsx
FN:8,(anonymous_0)
FN:13,(anonymous_1)
FNF:2
FNH:2
FNDA:1,(anonymous_0)
FNDA:6,(anonymous_1)
DA:8,1
DA:9,1
DA:10,1
DA:13,6
DA:15,1
DA:16,0
DA:19,1
LF:7
LH:6
BRDA:12,0,0,1
BRDA:12,1,0,1
BRDA:13,2,0,1
BRDA:13,2,1,1
BRDA:15,3,0,0
BRDA:15,3,1,1
BRDA:15,4,0,1
BRDA:15,4,1,0
BRDA:21,5,0,1
BRDA:21,5,1,1
BRDA:22,6,0,1
BRDA:22,6,1,0
BRDA:22,6,2,0
BRDA:22,7,0,0
BRDA:22,7,1,0
BRF:15
BRH:9
end_of_record
TN:
SF:src/components/layout/PageTitle/styles.ts
FN:19,(anonymous_0)
FN:24,(anonymous_1)
FN:32,(anonymous_2)
FN:37,(anonymous_3)
FNF:4
FNH:2
FNDA:1,(anonymous_0)
FNDA:1,(anonymous_1)
FNDA:0,(anonymous_2)
FNDA:0,(anonymous_3)
DA:7,1
DA:18,1
DA:20,1
DA:25,1
DA:31,1
DA:33,0
DA:38,0
LF:7
LH:5
BRDA:20,0,0,1
BRDA:20,0,1,0
BRDA:25,1,0,1
BRDA:25,1,1,1
BRDA:33,2,0,0
BRDA:33,2,1,0
BRDA:38,3,0,0
BRDA:38,3,1,0
BRF:8
BRH:3
end_of_record
TN:
SF:src/components/listEarn/styles.ts
FN:5,(anonymous_0)
FN:6,(anonymous_1)
FN:10,(anonymous_2)
FN:23,(anonymous_3)
FN:38,(anonymous_4)
FNF:5
FNH:0
FNDA:0,(anonymous_0)
FNDA:0,(anonymous_1)
FNDA:0,(anonymous_2)
FNDA:0,(anonymous_3)
FNDA:0,(anonymous_4)
DA:3,0
DA:5,0
DA:6,0
DA:10,0
DA:14,0
DA:23,0
DA:39,0
DA:69,0
DA:76,0
LF:9
LH:0
BRDA:39,0,0,0
BRDA:39,0,1,0
BRF:2
BRH:0
end_of_record
TN:
SF:src/components/mainMenu/index.tsx
FNF:0
FNH:0
LF:0
LH:0
BRF:0
BRH:0
end_of_record
TN:
SF:src/components/modal/Modal.tsx
FN:26,(anonymous_0)
FNF:1
FNH:0
FNDA:0,(anonymous_0)
DA:26,0
DA:37,0
DA:38,0
DA:40,0
LF:4
LH:0
BRDA:34,0,0,0
BRDA:35,1,0,0
BRDA:50,2,0,0
BRDA:50,2,1,0
BRF:4
BRH:0
end_of_record
TN:
SF:src/components/modal/styles.ts
FN:18,(anonymous_0)
FN:23,(anonymous_1)
FN:49,(anonymous_2)
FN:50,(anonymous_3)
FN:53,(anonymous_4)
FN:59,(anonymous_5)
FN:65,(anonymous_6)
FNF:7
FNH:0
FNDA:0,(anonymous_0)
FNDA:0,(anonymous_1)
FNDA:0,(anonymous_2)
FNDA:0,(anonymous_3)
FNDA:0,(anonymous_4)
FNDA:0,(anonymous_5)
FNDA:0,(anonymous_6)
DA:5,0
DA:19,0
DA:24,0
DA:30,0
DA:45,0
DA:49,0
DA:50,0
DA:54,0
DA:59,0
DA:66,0
DA:72,0
DA:81,0
DA:88,0
DA:93,0
DA:100,0
DA:108,0
LF:16
LH:0
BRDA:19,0,0,0
BRDA:19,0,1,0
BRDA:24,1,0,0
BRDA:24,1,1,0
BRDA:54,2,0,0
BRDA:54,2,1,0
BRDA:56,3,0,0
BRDA:56,3,1,0
BRDA:59,4,0,0
BRDA:59,4,1,0
BRDA:66,5,0,0
BRDA:66,5,1,0
BRF:12
BRH:0
end_of_record
TN:
SF:src/components/notificationBanner/bannerConfig.ts
FNF:0
FNH:0
DA:23,0
LF:1
LH:0
BRF:0
BRH:0
end_of_record
TN:
SF:src/components/notificationBanner/index.tsx
FN:15,(anonymous_0)
FN:16,(anonymous_1)
FN:22,(anonymous_2)
FN:36,(anonymous_3)
FN:39,(anonymous_4)
FN:69,(anonymous_5)
FN:95,(anonymous_6)
FNF:7
FNH:7
FNDA:4,(anonymous_0)
FNDA:4,(anonymous_1)
FNDA:4,(anonymous_2)
FNDA:4,(anonymous_3)
FNDA:4,(anonymous_4)
FNDA:4,(anonymous_5)
FNDA:1,(anonymous_6)
DA:8,1
DA:15,4
DA:16,4
DA:22,4
DA:30,1
DA:36,4
DA:39,4
DA:52,1
DA:69,1
DA:72,4
DA:74,4
DA:76,4
DA:78,4
DA:79,0
DA:82,4
DA:95,1
LF:16
LH:15
BRDA:78,0,0,0
BRDA:78,0,1,4
BRDA:84,1,0,4
BRDA:84,1,1,0
BRDA:85,2,0,1
BRDA:85,2,1,3
BRDA:89,3,0,4
BRDA:89,3,1,0
BRDA:90,4,0,1
BRDA:90,4,1,3
BRDA:94,5,0,4
BRDA:94,5,1,4
BRDA:96,6,0,3
BRDA:96,6,1,1
BRF:14
BRH:11
end_of_record
TN:
SF:src/components/pager/Pager.tsx
FN:36,(anonymous_0)
FNF:1
FNH:0
FNDA:0,(anonymous_0)
DA:36,0
DA:44,0
DA:45,0
DA:46,0
DA:47,0
DA:50,0
LF:6
LH:0
BRDA:45,0,0,0
BRDA:45,0,1,0
BRDA:46,1,0,0
BRDA:46,1,1,0
BRF:4
BRH:0
end_of_record
TN:
SF:src/components/pager/styles.ts
FNF:0
FNH:0
DA:4,0
DA:12,0
DA:20,0
DA:26,0
LF:4
LH:0
BRF:0
BRH:0
end_of_record
TN:
SF:src/components/select/styles.ts
FN:18,(anonymous_0)
FNF:1
FNH:0
FNDA:0,(anonymous_0)
DA:3,1
DA:11,1
DA:18,0
DA:21,1
DA:23,1
LF:5
LH:4
BRF:0
BRH:0
end_of_record
TN:
SF:src/components/seven/styles.ts
FN:5,(anonymous_0)
FN:8,(anonymous_1)
FN:17,(anonymous_2)
FN:36,(anonymous_3)
FN:41,(anonymous_4)
FN:49,(anonymous_5)
FN:54,(anonymous_6)
FNF:7
FNH:0
FNDA:0,(anonymous_0)
FNDA:0,(anonymous_1)
FNDA:0,(anonymous_2)
FNDA:0,(anonymous_3)
FNDA:0,(anonymous_4)
FNDA:0,(anonymous_5)
FNDA:0,(anonymous_6)
DA:4,0
DA:5,0
DA:9,0
DA:18,0
DA:27,0
DA:35,0
DA:37,0
DA:42,0
DA:48,0
DA:50,0
DA:55,0
LF:11
LH:0
BRDA:9,0,0,0
BRDA:9,0,1,0
BRDA:18,1,0,0
BRDA:18,1,1,0
BRDA:37,2,0,0
BRDA:37,2,1,0
BRDA:42,3,0,0
BRDA:42,3,1,0
BRDA:50,4,0,0
BRDA:50,4,1,0
BRDA:55,5,0,0
BRDA:55,5,1,0
BRF:12
BRH:0
end_of_record
TN:
SF:src/components/stake/transactionList/index.tsx
FN:19,(anonymous_0)
FN:42,(anonymous_1)
FNF:2
FNH:0
FNDA:0,(anonymous_0)
FNDA:0,(anonymous_1)
DA:5,0
DA:19,0
DA:20,0
DA:22,0
DA:23,0
DA:25,0
DA:26,0
DA:28,0
DA:30,0
DA:33,0
DA:34,0
DA:36,0
DA:38,0
DA:39,0
DA:40,0
DA:42,0
DA:43,0
DA:45,0
DA:46,0
DA:48,0
DA:52,0
DA:53,0
DA:54,0
DA:57,0
LF:24
LH:0
BRDA:45,0,0,0
BRDA:45,0,1,0
BRDA:45,1,0,0
BRDA:45,1,1,0
BRDA:53,2,0,0
BRDA:53,2,1,0
BRDA:69,3,0,0
BRDA:69,3,1,0
BRF:8
BRH:0
end_of_record
TN:
SF:src/components/stake/transactionList/styles.ts
FN:5,(anonymous_0)
FN:13,(anonymous_1)
FN:30,(anonymous_2)
FN:31,(anonymous_3)
FNF:4
FNH:0
FNDA:0,(anonymous_0)
FNDA:0,(anonymous_1)
FNDA:0,(anonymous_2)
FNDA:0,(anonymous_3)
DA:3,0
DA:5,0
DA:8,0
DA:13,0
DA:16,0
DA:17,0
DA:25,0
DA:30,0
DA:31,0
DA:53,0
DA:64,0
LF:11
LH:0
BRF:0
BRH:0
end_of_record
TN:
SF:src/containers/Bridging/index.tsx
FN:27,(anonymous_0)
FN:36,(anonymous_1)
FN:37,(anonymous_2)
FN:41,(anonymous_3)
FN:45,(anonymous_4)
FNF:5
FNH:0
FNDA:0,(anonymous_0)
FNDA:0,(anonymous_1)
FNDA:0,(anonymous_2)
FNDA:0,(anonymous_3)
FNDA:0,(anonymous_4)
DA:27,0
DA:28,0
DA:30,0
DA:31,0
DA:32,0
DA:33,0
DA:34,0
DA:36,0
DA:37,0
DA:38,0
DA:41,0
DA:42,0
DA:45,0
DA:46,0
DA:47,0
DA:49,0
DA:52,0
LF:17
LH:0
BRDA:38,0,0,0
BRDA:38,0,1,0
BRDA:38,0,2,0
BRDA:46,1,0,0
BRDA:46,1,1,0
BRDA:63,2,0,0
BRDA:63,2,1,0
BRF:7
BRH:0
end_of_record
TN:
SF:src/containers/Bridging/styles.ts
FN:26,(anonymous_0)
FN:28,(anonymous_1)
FN:66,(anonymous_2)
FN:81,(anonymous_3)
FN:82,(anonymous_4)
FN:85,(anonymous_5)
FNF:6
FNH:0
FNDA:0,(anonymous_0)
FNDA:0,(anonymous_1)
FNDA:0,(anonymous_2)
FNDA:0,(anonymous_3)
FNDA:0,(anonymous_4)
FNDA:0,(anonymous_5)
DA:5,0
DA:18,0
DA:27,0
DA:28,0
DA:37,0
DA:46,0
DA:47,0
DA:48,0
DA:55,0
DA:61,0
DA:67,0
DA:74,0
DA:81,0
DA:82,0
DA:85,0
DA:88,0
DA:94,0
LF:17
LH:0
BRDA:27,0,0,0
BRDA:27,0,1,0
BRDA:67,1,0,0
BRDA:67,1,1,0
BRDA:69,2,0,0
BRDA:69,2,1,0
BRF:6
BRH:0
end_of_record
TN:
SF:src/containers/Bridging/BridgeAlert/index.styles.ts
FN:18,(anonymous_0)
FN:30,(anonymous_1)
FN:39,(anonymous_2)
FN:51,(anonymous_3)
FN:54,(anonymous_4)
FN:57,(anonymous_5)
FNF:6
FNH:0
FNDA:0,(anonymous_0)
FNDA:0,(anonymous_1)
FNDA:0,(anonymous_2)
FNDA:0,(anonymous_3)
FNDA:0,(anonymous_4)
FNDA:0,(anonymous_5)
DA:10,0
DA:19,0
DA:31,0
DA:40,0
DA:50,0
DA:51,0
DA:53,0
DA:54,0
DA:56,0
DA:57,0
DA:60,0
LF:11
LH:0
BRDA:19,0,0,0
BRDA:19,0,1,0
BRDA:22,1,0,0
BRDA:22,1,1,0
BRDA:23,2,0,0
BRDA:23,2,1,0
BRDA:26,3,0,0
BRDA:26,3,1,0
BRDA:31,4,0,0
BRDA:31,4,1,0
BRDA:34,5,0,0
BRDA:34,5,1,0
BRDA:35,6,0,0
BRDA:35,6,1,0
BRDA:36,7,0,0
BRDA:36,7,1,0
BRDA:40,8,0,0
BRDA:40,8,1,0
BRDA:43,9,0,0
BRDA:43,9,1,0
BRDA:44,10,0,0
BRDA:44,10,1,0
BRDA:45,11,0,0
BRDA:45,11,1,0
BRF:24
BRH:0
end_of_record
TN:
SF:src/containers/Bridging/BridgeAlert/index.tsx
FN:13,(anonymous_0)
FN:23,(anonymous_1)
FNF:2
FNH:0
FNDA:0,(anonymous_0)
FNDA:0,(anonymous_1)
DA:13,0
DA:14,0
DA:16,0
DA:17,0
DA:20,0
DA:24,0
LF:6
LH:0
BRDA:16,0,0,0
BRDA:16,0,1,0
BRDA:22,1,0,0
BRDA:22,1,1,0
BRDA:26,2,0,0
BRDA:26,2,1,0
BRDA:27,3,0,0
BRDA:27,3,1,0
BRDA:28,4,0,0
BRDA:28,4,1,0
BRF:10
BRH:0
end_of_record
TN:
SF:src/containers/Bridging/BridgeHeader/index.tsx
FN:12,(anonymous_0)
FN:19,(anonymous_1)
FNF:2
FNH:0
FNDA:0,(anonymous_0)
FNDA:0,(anonymous_1)
DA:12,0
DA:13,0
DA:14,0
DA:17,0
DA:19,0
DA:20,0
DA:23,0
LF:7
LH:0
BRDA:17,0,0,0
BRDA:17,0,1,0
BRF:2
BRH:0
end_of_record
TN:
SF:src/containers/Bridging/BridgeHeader/styles.ts
FN:16,(anonymous_0)
FN:20,(anonymous_1)
FNF:2
FNH:0
FNDA:0,(anonymous_0)
FNDA:0,(anonymous_1)
DA:4,0
DA:10,0
DA:16,0
DA:21,0
DA:25,0
LF:5
LH:0
BRDA:16,0,0,0
BRDA:16,0,1,0
BRDA:21,1,0,0
BRDA:21,1,1,0
BRF:4
BRH:0
end_of_record
TN:
SF:src/containers/Bridging/BridgeInput/index.tsx
FN:32,(anonymous_0)
FN:40,(anonymous_1)
FN:53,(anonymous_2)
FNF:3
FNH:0
FNDA:0,(anonymous_0)
FNDA:0,(anonymous_1)
FNDA:0,(anonymous_2)
DA:32,0
DA:33,0
DA:34,0
DA:35,0
DA:36,0
DA:37,0
DA:38,0
DA:40,0
DA:41,0
DA:44,0
DA:45,0
DA:48,0
DA:53,0
LF:13
LH:0
BRDA:44,0,0,0
BRDA:44,0,1,0
BRDA:54,1,0,0
BRDA:54,1,1,0
BRDA:58,2,0,0
BRDA:58,2,1,0
BRDA:68,3,0,0
BRDA:68,3,1,0
BRDA:76,4,0,0
BRDA:76,4,1,0
BRDA:83,5,0,0
BRDA:83,5,1,0
BRF:12
BRH:0
end_of_record
TN:
SF:src/containers/Bridging/BridgeInput/styles.ts
FN:38,(anonymous_0)
FN:39,(anonymous_1)
FN:63,(anonymous_2)
FN:65,(anonymous_3)
FN:85,(anonymous_4)
FN:91,(anonymous_5)
FN:102,(anonymous_6)
FN:104,(anonymous_7)
FNF:8
FNH:0
FNDA:0,(anonymous_0)
FNDA:0,(anonymous_1)
FNDA:0,(anonymous_2)
FNDA:0,(anonymous_3)
FNDA:0,(anonymous_4)
FNDA:0,(anonymous_5)
FNDA:0,(anonymous_6)
FNDA:0,(anonymous_7)
DA:6,0
DA:12,0
DA:18,0
DA:29,0
DA:38,0
DA:39,0
DA:46,0
DA:51,0
DA:53,0
DA:64,0
DA:66,0
DA:72,0
DA:78,0
DA:81,0
DA:85,0
DA:88,0
DA:91,0
DA:96,0
DA:103,0
DA:105,0
LF:20
LH:0
BRDA:64,0,0,0
BRDA:64,0,1,0
BRDA:66,1,0,0
BRDA:66,1,1,0
BRDA:93,2,0,0
BRDA:93,2,1,0
BRDA:103,3,0,0
BRDA:103,3,1,0
BRDA:105,4,0,0
BRDA:105,4,1,0
BRF:10
BRH:0
end_of_record
TN:
SF:src/containers/Bridging/BridgeInput/BridgeToAddress/index.tsx
FN:16,(anonymous_0)
FN:24,(anonymous_1)
FN:29,(anonymous_2)
FN:40,(anonymous_3)
FNF:4
FNH:0
FNDA:0,(anonymous_0)
FNDA:0,(anonymous_1)
FNDA:0,(anonymous_2)
FNDA:0,(anonymous_3)
DA:16,0
DA:17,0
DA:18,0
DA:19,0
DA:21,0
DA:22,0
DA:24,0
DA:25,0
DA:26,0
DA:29,0
DA:30,0
DA:31,0
DA:32,0
DA:33,0
DA:40,0
DA:41,0
DA:42,0
DA:44,0
DA:48,0
DA:49,0
DA:52,0
LF:21
LH:0
BRDA:32,0,0,0
BRDA:32,0,1,0
BRDA:41,1,0,0
BRDA:41,1,1,0
BRDA:41,2,0,0
BRDA:41,2,1,0
BRDA:48,3,0,0
BRDA:48,3,1,0
BRDA:48,4,0,0
BRDA:48,4,1,0
BRF:10
BRH:0
end_of_record
TN:
SF:src/containers/Bridging/BridgeInput/EmergencySwap/index.tsx
FN:22,(anonymous_0)
FN:30,(anonymous_1)
FN:33,(anonymous_2)
FN:49,(anonymous_3)
FN:56,(anonymous_4)
FN:76,(anonymous_5)
FNF:6
FNH:0
FNDA:0,(anonymous_0)
FNDA:0,(anonymous_1)
FNDA:0,(anonymous_2)
FNDA:0,(anonymous_3)
FNDA:0,(anonymous_4)
FNDA:0,(anonymous_5)
DA:22,0
DA:23,0
DA:24,0
DA:25,0
DA:26,0
DA:27,0
DA:28,0
DA:30,0
DA:31,0
DA:32,0
DA:33,0
DA:36,0
DA:38,0
DA:39,0
DA:44,0
DA:49,0
DA:50,0
DA:51,0
DA:52,0
DA:56,0
DA:57,0
DA:58,0
DA:62,0
DA:69,0
DA:70,0
DA:77,0
DA:84,0
LF:27
LH:0
BRDA:31,0,0,0
BRDA:31,0,1,0
BRDA:31,1,0,0
BRDA:31,1,1,0
BRDA:36,2,0,0
BRDA:36,2,1,0
BRDA:36,3,0,0
BRDA:36,3,1,0
BRDA:38,4,0,0
BRDA:38,4,1,0
BRDA:51,5,0,0
BRDA:51,5,1,0
BRDA:57,6,0,0
BRDA:57,6,1,0
BRDA:69,7,0,0
BRDA:69,7,1,0
BRDA:69,8,0,0
BRDA:69,8,1,0
BRF:18
BRH:0
end_of_record
TN:
SF:src/containers/Bridging/BridgeInput/EmergencySwap/styles.ts
FN:12,(anonymous_0)
FN:14,(anonymous_1)
FN:22,(anonymous_2)
FNF:3
FNH:0
FNDA:0,(anonymous_0)
FNDA:0,(anonymous_1)
FNDA:0,(anonymous_2)
DA:4,0
DA:13,0
DA:15,0
DA:17,0
DA:23,0
DA:29,0
LF:6
LH:0
BRDA:13,0,0,0
BRDA:13,0,1,0
BRDA:15,1,0,0
BRDA:15,1,1,0
BRDA:23,2,0,0
BRDA:23,2,1,0
BRDA:25,3,0,0
BRDA:25,3,1,0
BRF:8
BRH:0
end_of_record
TN:
SF:src/containers/Bridging/BridgeInput/Fee/index.tsx
FN:25,(anonymous_0)
FN:44,(anonymous_1)
FN:63,(anonymous_2)
FNF:3
FNH:0
FNDA:0,(anonymous_0)
FNDA:0,(anonymous_1)
FNDA:0,(anonymous_2)
DA:25,0
DA:26,0
DA:27,0
DA:28,0
DA:29,0
DA:30,0
DA:33,0
DA:34,0
DA:35,0
DA:36,0
DA:37,0
DA:38,0
DA:40,0
DA:42,0
DA:44,0
DA:45,0
DA:46,0
DA:47,0
DA:49,0
DA:51,0
DA:52,0
DA:53,0
DA:55,0
DA:59,0
DA:63,0
DA:64,0
DA:65,0
DA:66,0
DA:68,0
DA:72,0
DA:73,0
DA:74,0
DA:77,0
DA:78,0
DA:79,0
DA:81,0
DA:96,0
LF:37
LH:0
BRDA:45,0,0,0
BRDA:45,0,1,0
BRDA:46,1,0,0
BRDA:46,1,1,0
BRDA:51,2,0,0
BRDA:51,2,1,0
BRDA:52,3,0,0
BRDA:52,3,1,0
BRDA:64,4,0,0
BRDA:64,4,1,0
BRDA:65,5,0,0
BRDA:65,5,1,0
BRDA:72,6,0,0
BRDA:72,6,1,0
BRDA:73,7,0,0
BRDA:73,7,1,0
BRDA:74,8,0,0
BRDA:74,8,1,0
BRDA:78,9,0,0
BRDA:78,9,1,0
BRDA:106,10,0,0
BRDA:106,10,1,0
BRDA:114,11,0,0
BRDA:114,11,1,0
BRDA:114,12,0,0
BRDA:114,12,1,0
BRDA:119,13,0,0
BRDA:119,13,1,0
BRDA:128,14,0,0
BRDA:128,14,1,0
BRF:30
BRH:0
end_of_record
TN:
SF:src/containers/Bridging/BridgeInput/TokenInput/index.styles.ts
FN:20,(anonymous_0)
FNF:1
FNH:0
FNDA:0,(anonymous_0)
DA:5,0
DA:17,0
DA:21,0
LF:3
LH:0
BRDA:21,0,0,0
BRDA:21,0,1,0
BRF:2
BRH:0
end_of_record
TN:
SF:src/containers/Bridging/BridgeInput/TokenInput/index.tsx
FN:24,(anonymous_0)
FN:39,(anonymous_1)
FN:92,(anonymous_2)
FN:97,(anonymous_3)
FN:115,(anonymous_4)
FN:116,(anonymous_5)
FNF:6
FNH:0
FNDA:0,(anonymous_0)
FNDA:0,(anonymous_1)
FNDA:0,(anonymous_2)
FNDA:0,(anonymous_3)
FNDA:0,(anonymous_4)
FNDA:0,(anonymous_5)
DA:24,0
DA:25,0
DA:26,0
DA:27,0
DA:28,0
DA:29,0
DA:30,0
DA:31,0
DA:32,0
DA:33,0
DA:35,0
DA:36,0
DA:37,0
DA:39,0
DA:41,0
DA:42,0
DA:44,0
DA:45,0
DA:48,0
DA:50,0
DA:51,0
DA:52,0
DA:54,0
DA:57,0
DA:58,0
DA:59,0
DA:60,0
DA:63,0
DA:64,0
DA:65,0
DA:66,0
DA:68,0
DA:70,0
DA:71,0
DA:72,0
DA:73,0
DA:75,0
DA:78,0
DA:79,0
DA:81,0
DA:85,0
DA:88,0
DA:92,0
DA:93,0
DA:94,0
DA:97,0
DA:98,0
DA:99,0
DA:102,0
DA:115,0
DA:117,0
LF:51
LH:0
BRDA:44,0,0,0
BRDA:44,0,1,0
BRDA:50,1,0,0
BRDA:50,1,1,0
BRDA:57,2,0,0
BRDA:57,2,1,0
BRDA:58,3,0,0
BRDA:58,3,1,0
BRDA:59,4,0,0
BRDA:59,4,1,0
BRDA:60,5,0,0
BRDA:60,5,1,0
BRDA:64,6,0,0
BRDA:64,6,1,0
BRDA:65,7,0,0
BRDA:65,7,1,0
BRDA:70,8,0,0
BRDA:70,8,1,0
BRDA:71,9,0,0
BRDA:71,9,1,0
BRDA:72,10,0,0
BRDA:72,10,1,0
BRDA:78,11,0,0
BRDA:78,11,1,0
BRDA:105,12,0,0
BRDA:105,12,1,0
BRDA:108,13,0,0
BRDA:108,13,1,0
BRF:28
BRH:0
end_of_record
TN:
SF:src/containers/Bridging/BridgeTypeSelector/index.tsx
FN:17,(anonymous_0)
FN:25,(anonymous_1)
FN:33,(anonymous_2)
FN:39,(anonymous_3)
FN:47,(anonymous_4)
FNF:5
FNH:0
FNDA:0,(anonymous_0)
FNDA:0,(anonymous_1)
FNDA:0,(anonymous_2)
FNDA:0,(anonymous_3)
FNDA:0,(anonymous_4)
DA:17,0
DA:18,0
DA:19,0
DA:23,0
DA:25,0
DA:26,0
DA:29,0
DA:33,0
DA:39,0
DA:47,0
LF:10
LH:0
BRDA:44,0,0,0
BRDA:44,0,1,0
BRF:2
BRH:0
end_of_record
TN:
SF:src/containers/Bridging/ThirdPartyBridges/data.ts
FN:61,(anonymous_0)
FN:62,(anonymous_1)
FNF:2
FNH:0
FNDA:0,(anonymous_0)
FNDA:0,(anonymous_1)
DA:16,0
DA:61,0
DA:62,0
LF:3
LH:0
BRF:0
BRH:0
end_of_record
TN:
SF:src/containers/Bridging/ThirdPartyBridges/index.tsx
FN:16,(anonymous_0)
FN:25,(anonymous_1)
FN:66,(anonymous_2)
FNF:3
FNH:0
FNDA:0,(anonymous_0)
FNDA:0,(anonymous_1)
FNDA:0,(anonymous_2)
DA:16,0
DA:17,0
DA:18,0
DA:19,0
DA:20,0
DA:21,0
DA:22,0
DA:23,0
DA:25,0
DA:26,0
DA:27,0
DA:28,0
DA:30,0
DA:31,0
DA:35,0
DA:36,0
DA:41,0
DA:47,0
DA:50,0
DA:67,0
LF:20
LH:0
BRDA:26,0,0,0
BRDA:26,0,1,0
BRDA:30,1,0,0
BRDA:30,1,1,0
BRDA:30,2,0,0
BRDA:30,2,1,0
BRDA:41,3,0,0
BRDA:41,3,1,0
BRDA:42,4,0,0
BRDA:42,4,1,0
BRDA:42,4,2,0
BRDA:42,4,3,0
BRDA:42,4,4,0
BRDA:53,5,0,0
BRDA:53,5,1,0
BRDA:53,5,2,0
BRF:16
BRH:0
end_of_record
TN:
SF:src/containers/Bridging/chain/constant.ts
FNF:0
FNH:0
DA:18,0
LF:1
LH:0
BRF:0
BRH:0
end_of_record
TN:
SF:src/containers/Bridging/chain/index.styles.ts
FNF:0
FNH:0
DA:3,0
LF:1
LH:0
BRF:0
BRH:0
end_of_record
TN:
SF:src/containers/Bridging/chain/index.tsx
FN:27,(anonymous_0)
FN:39,(anonymous_1)
FN:61,(anonymous_2)
FN:74,(anonymous_3)
FN:91,(anonymous_4)
FN:98,(anonymous_5)
FN:103,(anonymous_6)
FNF:7
FNH:0
FNDA:0,(anonymous_0)
FNDA:0,(anonymous_1)
FNDA:0,(anonymous_2)
FNDA:0,(anonymous_3)
FNDA:0,(anonymous_4)
FNDA:0,(anonymous_5)
FNDA:0,(anonymous_6)
DA:27,0
DA:28,0
DA:30,0
DA:32,0
DA:33,0
DA:34,0
DA:35,0
DA:36,0
DA:37,0
DA:39,0
DA:43,0
DA:44,0
DA:45,0
DA:47,0
DA:61,0
DA:62,0
DA:74,0
DA:75,0
DA:87,0
DA:91,0
DA:98,0
DA:103,0
LF:22
LH:0
BRDA:44,0,0,0
BRDA:44,0,1,0
BRDA:44,1,0,0
BRDA:44,1,1,0
BRDA:45,2,0,0
BRDA:45,2,1,0
BRDA:68,3,0,0
BRDA:68,3,1,0
BRDA:81,4,0,0
BRDA:81,4,1,0
BRDA:92,5,0,0
BRDA:92,5,1,0
BRDA:92,6,0,0
BRDA:92,6,1,0
BRDA:104,7,0,0
BRDA:104,7,1,0
BRDA:104,8,0,0
BRDA:104,8,1,0
BRF:18
BRH:0
end_of_record
TN:
SF:src/containers/Bridging/chain/styles.ts
FN:25,(anonymous_0)
FN:39,(anonymous_1)
FN:41,(anonymous_2)
FN:63,(anonymous_3)
FN:77,(anonymous_4)
FN:78,(anonymous_5)
FN:81,(anonymous_6)
FN:103,(anonymous_7)
FNF:8
FNH:0
FNDA:0,(anonymous_0)
FNDA:0,(anonymous_1)
FNDA:0,(anonymous_2)
FNDA:0,(anonymous_3)
FNDA:0,(anonymous_4)
FNDA:0,(anonymous_5)
FNDA:0,(anonymous_6)
FNDA:0,(anonymous_7)
DA:7,0
DA:14,0
DA:22,0
DA:25,0
DA:29,0
DA:40,0
DA:42,0
DA:45,0
DA:50,0
DA:56,0
DA:59,0
DA:64,0
DA:67,0
DA:77,0
DA:78,0
DA:82,0
DA:93,0
DA:100,0
DA:104,0
LF:19
LH:0
BRDA:40,0,0,0
BRDA:40,0,1,0
BRDA:42,1,0,0
BRDA:42,1,1,0
BRDA:64,2,0,0
BRDA:64,2,1,0
BRDA:82,3,0,0
BRDA:82,3,1,0
BRDA:104,4,0,0
BRDA:104,4,1,0
BRF:10
BRH:0
end_of_record
TN:
SF:src/containers/bobaScope/styles.ts
FNF:0
FNH:0
DA:5,0
DA:10,0
DA:18,0
DA:27,0
DA:33,0
LF:5
LH:0
BRF:0
BRH:0
end_of_record
TN:
SF:src/containers/earn/consts.ts
FNF:0
FNH:0
DA:3,0
DA:14,0
LF:2
LH:0
BRF:0
BRH:0
end_of_record
TN:
SF:src/containers/earn/styles.ts
FN:19,(anonymous_0)
FN:31,(anonymous_1)
FN:43,(anonymous_2)
FN:127,(anonymous_3)
FN:141,(anonymous_4)
FNF:5
FNH:0
FNDA:0,(anonymous_0)
FNDA:0,(anonymous_1)
FNDA:0,(anonymous_2)
FNDA:0,(anonymous_3)
FNDA:0,(anonymous_4)
DA:4,0
DA:14,0
DA:19,0
DA:22,0
DA:31,0
DA:34,0
DA:43,0
DA:46,0
DA:51,0
DA:58,0
DA:62,0
DA:69,0
DA:76,0
DA:82,0
DA:88,0
DA:95,0
DA:101,0
DA:122,0
DA:128,0
DA:137,0
DA:142,0
LF:21
LH:0
BRDA:128,0,0,0
BRDA:128,0,1,0
BRDA:142,1,0,0
BRDA:142,1,1,0
BRF:4
BRH:0
end_of_record
TN:
SF:src/containers/earn/tooltips.tsx
FN:4,(anonymous_0)
FNF:1
FNH:0
FNDA:0,(anonymous_0)
DA:4,0
DA:5,0
LF:2
LH:0
BRF:0
BRH:0
end_of_record
TN:
SF:src/containers/history/DatePicker.tsx
FN:23,(anonymous_0)
FN:25,(anonymous_1)
FN:26,(anonymous_2)
FN:36,(anonymous_3)
FN:62,(anonymous_4)
FN:66,(anonymous_5)
FN:72,(anonymous_6)
FN:103,(anonymous_7)
FN:123,(anonymous_8)
FNF:9
FNH:3
FNDA:4,(anonymous_0)
FNDA:4,(anonymous_1)
FNDA:0,(anonymous_2)
FNDA:4,(anonymous_3)
FNDA:0,(anonymous_4)
FNDA:0,(anonymous_5)
FNDA:0,(anonymous_6)
FNDA:0,(anonymous_7)
FNDA:0,(anonymous_8)
DA:23,1
DA:24,4
DA:25,4
DA:26,4
DA:27,0
DA:31,0
DA:35,4
DA:36,4
DA:38,4
DA:42,4
DA:43,4
DA:44,4
DA:46,4
DA:50,4
DA:52,4
DA:54,4
DA:58,4
DA:62,4
DA:63,0
DA:66,4
DA:67,0
DA:68,0
DA:69,0
DA:72,4
DA:73,0
DA:74,0
DA:75,0
DA:76,0
DA:80,4
DA:81,1
DA:91,1
DA:103,0
DA:112,3
DA:123,0
LF:34
LH:22
BRDA:27,0,0,0
BRDA:27,0,1,0
BRDA:28,1,0,0
BRDA:28,1,1,0
BRDA:47,2,0,1
BRDA:47,2,1,3
BRDA:48,3,0,2
BRDA:48,3,1,2
BRDA:67,4,0,0
BRDA:67,4,1,0
BRDA:67,5,0,0
BRDA:67,5,1,0
BRDA:73,6,0,0
BRDA:73,6,1,0
BRDA:73,7,0,0
BRDA:73,7,1,0
BRDA:75,8,0,0
BRDA:75,8,1,0
BRDA:76,9,0,0
BRDA:76,9,1,0
BRDA:80,10,0,1
BRDA:80,10,1,3
BRDA:82,11,0,1
BRDA:82,11,1,0
BRDA:86,12,0,1
BRDA:86,12,1,0
BRDA:96,13,0,1
BRDA:96,13,1,0
BRDA:117,14,0,3
BRDA:117,14,1,0
BRF:30
BRH:10
end_of_record
TN:
SF:src/containers/history/History.tsx
FN:77,(anonymous_0)
FN:93,(anonymous_1)
FN:97,(anonymous_2)
FN:111,(anonymous_3)
FN:112,(anonymous_4)
FN:118,(anonymous_5)
FN:132,(anonymous_6)
FN:149,(anonymous_7)
FN:161,(anonymous_8)
FN:199,(anonymous_9)
FN:204,(anonymous_10)
FN:214,(anonymous_11)
FN:223,(anonymous_12)
FN:266,(anonymous_13)
FNF:14
FNH:4
FNDA:1,(anonymous_0)
FNDA:0,(anonymous_1)
FNDA:0,(anonymous_2)
FNDA:3,(anonymous_3)
FNDA:0,(anonymous_4)
FNDA:0,(anonymous_5)
FNDA:1,(anonymous_6)
FNDA:1,(anonymous_7)
FNDA:0,(anonymous_8)
FNDA:0,(anonymous_9)
FNDA:0,(anonymous_10)
FNDA:0,(anonymous_11)
FNDA:0,(anonymous_12)
FNDA:0,(anonymous_13)
DA:77,1
DA:78,1
DA:79,1
DA:80,1
DA:81,1
DA:83,1
DA:85,1
DA:87,1
DA:88,1
DA:93,1
DA:94,0
DA:95,0
DA:96,0
DA:97,0
DA:100,1
DA:101,1
DA:102,1
DA:103,1
DA:104,1
DA:106,1
DA:108,1
DA:111,1
DA:112,3
DA:113,0
DA:115,3
DA:119,0
DA:132,1
DA:133,1
DA:134,0
DA:135,0
DA:136,0
DA:138,0
DA:140,0
DA:144,0
DA:149,1
DA:150,1
DA:153,1
DA:162,0
DA:199,0
DA:205,0
DA:214,0
DA:224,0
DA:266,0
LF:43
LH:25
BRDA:111,0,0,2
BRDA:113,1,0,0
BRDA:113,1,1,0
BRDA:117,2,0,1
BRDA:117,2,1,2
BRDA:119,3,0,0
BRDA:119,3,1,0
BRDA:119,3,2,0
BRDA:123,4,0,1
BRDA:123,4,1,2
BRDA:126,5,0,1
BRDA:126,5,1,2
BRDA:133,6,0,0
BRDA:133,6,1,1
BRDA:135,7,0,0
BRDA:135,7,1,0
BRDA:140,8,0,0
BRDA:140,8,1,0
BRDA:155,9,0,1
BRDA:155,9,1,1
BRDA:197,10,0,0
BRDA:197,10,1,1
BRDA:212,11,0,0
BRDA:212,11,1,1
BRDA:234,12,0,1
BRDA:234,12,1,1
BRDA:251,13,0,1
BRDA:251,13,1,0
BRDA:259,14,0,1
BRDA:259,14,1,0
BRF:30
BRH:16
end_of_record
TN:
SF:src/containers/history/TransactionsResolver.tsx
FN:40,(anonymous_0)
FN:49,(anonymous_1)
FN:55,(anonymous_2)
FN:59,(anonymous_3)
FN:77,(anonymous_4)
FN:84,(anonymous_5)
FN:109,(anonymous_6)
FN:126,(anonymous_7)
FN:140,(anonymous_8)
FN:151,(anonymous_9)
FN:160,(anonymous_10)
FN:215,(anonymous_11)
FN:220,(anonymous_12)
FN:225,(anonymous_13)
FN:240,(anonymous_14)
FN:273,(anonymous_15)
FN:281,(anonymous_16)
FN:301,(anonymous_17)
FNF:18
FNH:6
FNDA:4,(anonymous_0)
FNDA:2,(anonymous_1)
FNDA:27,(anonymous_2)
FNDA:0,(anonymous_3)
FNDA:27,(anonymous_4)
FNDA:10,(anonymous_5)
FNDA:0,(anonymous_6)
FNDA:0,(anonymous_7)
FNDA:0,(anonymous_8)
FNDA:27,(anonymous_9)
FNDA:0,(anonymous_10)
FNDA:0,(anonymous_11)
FNDA:0,(anonymous_12)
FNDA:0,(anonymous_13)
FNDA:0,(anonymous_14)
FNDA:0,(anonymous_15)
FNDA:0,(anonymous_16)
FNDA:0,(anonymous_17)
DA:40,1
DA:45,4
DA:49,4
DA:50,2
DA:53,4
DA:55,27
DA:59,4
DA:60,0
DA:66,0
DA:73,0
DA:77,4
DA:78,27
DA:84,4
DA:85,10
DA:86,10
DA:87,10
DA:89,0
DA:90,0
DA:93,0
DA:94,0
DA:97,10
DA:99,0
DA:100,0
DA:103,0
DA:104,0
DA:107,10
DA:109,4
DA:110,0
DA:115,0
DA:117,0
DA:120,0
DA:124,0
DA:126,4
DA:127,0
DA:128,0
DA:129,0
DA:133,0
DA:136,0
DA:140,4
DA:141,0
DA:142,0
DA:146,0
DA:149,0
DA:151,4
DA:152,27
DA:160,4
DA:161,0
DA:162,0
DA:165,0
DA:170,0
DA:175,0
DA:181,0
DA:183,0
DA:184,0
DA:185,0
DA:186,0
DA:191,0
DA:192,0
DA:197,0
DA:200,0
DA:212,0
DA:215,4
DA:216,0
DA:219,4
DA:221,0
DA:225,4
DA:226,0
DA:240,4
DA:245,0
DA:246,0
DA:247,0
DA:249,0
DA:273,4
DA:274,0
DA:281,4
DA:282,0
DA:288,4
DA:302,0
LF:78
LH:28
BRDA:43,0,0,4
BRDA:60,1,0,0
BRDA:60,1,1,0
BRDA:66,2,0,0
BRDA:66,2,1,0
BRDA:73,3,0,0
BRDA:73,3,1,0
BRDA:79,4,0,27
BRDA:79,4,1,26
BRDA:87,5,0,0
BRDA:87,5,1,0
BRDA:97,6,0,0
BRDA:97,6,1,0
BRDA:107,7,0,10
BRDA:107,7,1,0
BRDA:110,8,0,0
BRDA:110,8,1,0
BRDA:111,9,0,0
BRDA:111,9,1,0
BRDA:111,9,2,0
BRDA:115,10,0,0
BRDA:115,10,1,0
BRDA:129,11,0,0
BRDA:129,11,1,0
BRDA:130,12,0,0
BRDA:130,12,1,0
BRDA:141,13,0,0
BRDA:141,13,1,0
BRDA:142,14,0,0
BRDA:142,14,1,0
BRDA:143,15,0,0
BRDA:143,15,1,0
BRDA:153,16,0,27
BRDA:153,16,1,10
BRDA:153,16,2,0
BRDA:153,16,3,0
BRDA:162,17,0,0
BRDA:162,17,1,0
BRDA:170,18,0,0
BRDA:170,18,1,0
BRDA:184,19,0,0
BRDA:184,19,1,0
BRDA:185,20,0,0
BRDA:185,20,1,0
BRDA:186,21,0,0
BRDA:186,21,1,0
BRDA:187,22,0,0
BRDA:187,22,1,0
BRDA:187,22,2,0
BRDA:192,23,0,0
BRDA:192,23,1,0
BRDA:193,24,0,0
BRDA:193,24,1,0
BRDA:193,24,2,0
BRDA:229,25,0,0
BRDA:229,25,1,0
BRDA:256,26,0,0
BRDA:256,26,1,0
BRDA:265,27,0,0
BRDA:265,27,1,0
BRDA:282,28,0,0
BRDA:282,28,1,0
BRDA:290,29,0,4
BRDA:290,29,1,0
BRDA:298,30,0,4
BRDA:298,30,1,4
BRDA:346,31,0,4
BRDA:346,31,1,4
BRDA:346,31,2,4
BRDA:346,31,3,4
BRF:70
BRH:13
end_of_record
TN:
SF:src/containers/history/constants.ts
FNF:0
FNH:0
DA:15,1
DA:96,1
DA:103,1
DA:143,1
DA:183,1
DA:190,1
LF:6
LH:6
BRF:0
BRH:0
end_of_record
TN:
SF:src/containers/history/styles.ts
FN:24,(anonymous_0)
FN:29,(anonymous_1)
FN:118,(anonymous_2)
FN:159,(anonymous_3)
FN:170,(anonymous_4)
FN:226,(anonymous_5)
FN:231,(anonymous_6)
FN:247,(anonymous_7)
FN:252,(anonymous_8)
FN:290,(anonymous_9)
FN:295,(anonymous_10)
FN:372,(anonymous_11)
FN:374,(anonymous_12)
FN:377,(anonymous_13)
FN:404,(anonymous_14)
FN:411,(anonymous_15)
FN:439,(anonymous_16)
FN:444,(anonymous_17)
FN:451,(anonymous_18)
FN:456,(anonymous_19)
FN:480,(anonymous_20)
FN:485,(anonymous_21)
FN:608,(anonymous_22)
FN:613,(anonymous_23)
FN:631,(anonymous_24)
FN:638,(anonymous_25)
FN:661,(anonymous_26)
FN:664,(anonymous_27)
FN:674,(anonymous_28)
FN:703,(anonymous_29)
FN:738,(anonymous_30)
FN:749,(anonymous_31)
FN:763,(anonymous_32)
FN:764,(anonymous_33)
FN:766,(anonymous_34)
FN:775,(anonymous_35)
FN:784,(anonymous_36)
FN:791,(anonymous_37)
FN:809,(anonymous_38)
FN:814,(anonymous_39)
FNF:40
FNH:23
FNDA:0,(anonymous_0)
FNDA:0,(anonymous_1)
FNDA:0,(anonymous_2)
FNDA:4,(anonymous_3)
FNDA:4,(anonymous_4)
FNDA:0,(anonymous_5)
FNDA:0,(anonymous_6)
FNDA:0,(anonymous_7)
FNDA:0,(anonymous_8)
FNDA:0,(anonymous_9)
FNDA:0,(anonymous_10)
FNDA:1,(anonymous_11)
FNDA:1,(anonymous_12)
FNDA:1,(anonymous_13)
FNDA:1,(anonymous_14)
FNDA:1,(anonymous_15)
FNDA:4,(anonymous_16)
FNDA:4,(anonymous_17)
FNDA:4,(anonymous_18)
FNDA:4,(anonymous_19)
FNDA:2,(anonymous_20)
FNDA:2,(anonymous_21)
FNDA:2,(anonymous_22)
FNDA:2,(anonymous_23)
FNDA:2,(anonymous_24)
FNDA:2,(anonymous_25)
FNDA:2,(anonymous_26)
FNDA:2,(anonymous_27)
FNDA:2,(anonymous_28)
FNDA:4,(anonymous_29)
FNDA:0,(anonymous_30)
FNDA:0,(anonymous_31)
FNDA:0,(anonymous_32)
FNDA:0,(anonymous_33)
FNDA:0,(anonymous_34)
FNDA:0,(anonymous_35)
FNDA:0,(anonymous_36)
FNDA:0,(anonymous_37)
FNDA:4,(anonymous_38)
FNDA:4,(anonymous_39)
DA:20,1
DA:25,0
DA:30,0
DA:36,1
DA:52,1
DA:65,1
DA:86,1
DA:98,1
DA:110,1
DA:118,0
DA:121,1
DA:134,1
DA:138,1
DA:160,4
DA:171,4
DA:183,1
DA:197,1
DA:205,1
DA:211,1
DA:221,1
DA:227,0
DA:232,0
DA:243,1
DA:248,0
DA:253,0
DA:264,1
DA:277,1
DA:286,1
DA:291,0
DA:296,0
DA:305,1
DA:318,1
DA:335,1
DA:342,1
DA:361,1
DA:373,1
DA:374,1
DA:378,1
DA:394,1
DA:405,1
DA:412,1
DA:428,1
DA:440,4
DA:445,4
DA:452,4
DA:457,4
DA:464,1
DA:469,1
DA:477,1
DA:481,2
DA:486,2
DA:609,2
DA:614,2
DA:632,2
DA:639,2
DA:661,2
DA:665,2
DA:675,2
DA:688,1
DA:695,1
DA:704,4
DA:722,1
DA:729,1
DA:739,0
DA:750,0
DA:763,0
DA:764,0
DA:767,0
DA:776,0
DA:785,0
DA:792,0
DA:800,1
DA:810,4
DA:815,4
LF:74
LH:57
BRDA:25,0,0,0
BRDA:25,0,1,0
BRDA:30,1,0,0
BRDA:30,1,1,0
BRDA:160,2,0,4
BRDA:160,2,1,0
BRDA:171,3,0,4
BRDA:171,3,1,4
BRDA:227,4,0,0
BRDA:227,4,1,0
BRDA:232,5,0,0
BRDA:232,5,1,0
BRDA:248,6,0,0
BRDA:248,6,1,0
BRDA:253,7,0,0
BRDA:253,7,1,0
BRDA:291,8,0,0
BRDA:291,8,1,0
BRDA:296,9,0,0
BRDA:296,9,1,0
BRDA:373,10,0,0
BRDA:373,10,1,1
BRDA:378,11,0,0
BRDA:378,11,1,1
BRDA:405,12,0,1
BRDA:405,12,1,0
BRDA:412,13,0,1
BRDA:412,13,1,1
BRDA:440,14,0,4
BRDA:440,14,1,0
BRDA:445,15,0,4
BRDA:445,15,1,4
BRDA:452,16,0,4
BRDA:452,16,1,0
BRDA:457,17,0,4
BRDA:457,17,1,4
BRDA:481,18,0,2
BRDA:481,18,1,0
BRDA:486,19,0,2
BRDA:486,19,1,2
BRDA:609,20,0,2
BRDA:609,20,1,0
BRDA:614,21,0,2
BRDA:614,21,1,2
BRDA:632,22,0,2
BRDA:632,22,1,0
BRDA:639,23,0,2
BRDA:639,23,1,2
BRDA:665,24,0,2
BRDA:665,24,1,0
BRDA:675,25,0,2
BRDA:675,25,1,2
BRDA:704,26,0,0
BRDA:704,26,1,4
BRDA:739,27,0,0
BRDA:739,27,1,0
BRDA:750,28,0,0
BRDA:750,28,1,0
BRDA:767,29,0,0
BRDA:767,29,1,0
BRDA:767,29,2,0
BRDA:776,30,0,0
BRDA:776,30,1,0
BRDA:776,30,2,0
BRDA:785,31,0,0
BRDA:785,31,1,0
BRDA:792,32,0,0
BRDA:792,32,1,0
BRDA:810,33,0,4
BRDA:810,33,1,0
BRDA:815,34,0,4
BRDA:815,34,1,3
BRF:72
BRH:30
end_of_record
TN:
SF:src/containers/history/tokenInfo.ts
FNF:0
FNH:0
DA:3,1
LF:1
LH:1
BRF:0
BRH:0
end_of_record
TN:
SF:src/containers/home/styles.ts
FNF:0
FNH:0
DA:3,0
DA:10,0
LF:2
LH:0
BRF:0
BRH:0
end_of_record
TN:
SF:src/containers/modals/index.tsx
FN:35,(anonymous_0)
FNF:1
FNH:0
FNDA:0,(anonymous_0)
DA:35,0
DA:36,0
DA:37,0
DA:41,0
DA:42,0
DA:46,0
DA:47,0
DA:48,0
DA:51,0
DA:54,0
DA:55,0
DA:58,0
DA:59,0
DA:62,0
DA:65,0
DA:68,0
DA:70,0
DA:71,0
DA:72,0
DA:73,0
DA:74,0
DA:76,0
DA:80,0
DA:84,0
DA:88,0
DA:92,0
DA:95,0
DA:97,0
DA:99,0
DA:103,0
DA:107,0
DA:111,0
LF:32
LH:0
BRDA:113,0,0,0
BRDA:113,0,1,0
BRDA:116,1,0,0
BRDA:116,1,1,0
BRDA:119,2,0,0
BRDA:119,2,1,0
BRDA:122,3,0,0
BRDA:122,3,1,0
BRDA:125,4,0,0
BRDA:125,4,1,0
BRDA:128,5,0,0
BRDA:128,5,1,0
BRDA:131,6,0,0
BRDA:131,6,1,0
BRDA:134,7,0,0
BRDA:134,7,1,0
BRDA:137,8,0,0
BRDA:137,8,1,0
BRDA:140,9,0,0
BRDA:140,9,1,0
BRDA:143,10,0,0
BRDA:143,10,1,0
BRDA:146,11,0,0
BRDA:146,11,1,0
BRDA:152,12,0,0
BRDA:152,12,1,0
BRDA:155,13,0,0
BRDA:155,13,1,0
BRDA:158,14,0,0
BRDA:158,14,1,0
BRDA:161,15,0,0
BRDA:161,15,1,0
BRDA:164,16,0,0
BRDA:164,16,1,0
BRDA:167,17,0,0
BRDA:167,17,1,0
BRDA:170,18,0,0
BRDA:170,18,1,0
BRDA:173,19,0,0
BRDA:173,19,1,0
BRDA:176,20,0,0
BRDA:176,20,1,0
BRDA:177,21,0,0
BRDA:177,21,1,0
BRDA:181,22,0,0
BRDA:181,22,1,0
BRDA:185,23,0,0
BRDA:185,23,1,0
BRDA:189,24,0,0
BRDA:189,24,1,0
BRF:50
BRH:0
end_of_record
TN:
SF:src/containers/modals/BridgeConfirmModal/index.styles.ts
FN:13,(anonymous_0)
FN:18,(anonymous_1)
FNF:2
FNH:0
FNDA:0,(anonymous_0)
FNDA:0,(anonymous_1)
DA:4,0
DA:10,0
DA:13,0
DA:15,0
DA:19,0
DA:23,0
DA:36,0
DA:40,0
LF:8
LH:0
BRDA:19,0,0,0
BRDA:19,0,1,0
BRF:2
BRH:0
end_of_record
TN:
SF:src/containers/modals/BridgeConfirmModal/index.tsx
FN:33,(anonymous_0)
FN:48,(anonymous_1)
FN:63,(anonymous_2)
FN:128,(anonymous_3)
FNF:4
FNH:0
FNDA:0,(anonymous_0)
FNDA:0,(anonymous_1)
FNDA:0,(anonymous_2)
FNDA:0,(anonymous_3)
DA:33,0
DA:34,0
DA:35,0
DA:36,0
DA:37,0
DA:38,0
DA:39,0
DA:40,0
DA:41,0
DA:42,0
DA:43,0
DA:44,0
DA:46,0
DA:48,0
DA:49,0
DA:50,0
DA:51,0
DA:52,0
DA:53,0
DA:55,0
DA:59,0
DA:63,0
DA:64,0
DA:67,0
DA:129,0
DA:130,0
LF:26
LH:0
BRDA:49,0,0,0
BRDA:49,0,1,0
BRDA:51,1,0,0
BRDA:51,1,1,0
BRDA:52,2,0,0
BRDA:52,2,1,0
BRDA:83,3,0,0
BRDA:83,3,1,0
BRDA:86,4,0,0
BRDA:86,4,1,0
BRDA:91,5,0,0
BRDA:91,5,1,0
BRDA:99,6,0,0
BRDA:99,6,1,0
BRDA:102,7,0,0
BRDA:102,7,1,0
BRDA:107,8,0,0
BRDA:107,8,1,0
BRF:18
BRH:0
end_of_record
TN:
SF:src/containers/modals/BridgeInProgressModal/BlockConfirmation.tsx
FN:15,(anonymous_0)
FN:22,(anonymous_1)
FN:23,(anonymous_2)
FN:35,(anonymous_3)
FN:36,(anonymous_4)
FN:45,(anonymous_5)
FNF:6
FNH:0
FNDA:0,(anonymous_0)
FNDA:0,(anonymous_1)
FNDA:0,(anonymous_2)
FNDA:0,(anonymous_3)
FNDA:0,(anonymous_4)
FNDA:0,(anonymous_5)
DA:15,0
DA:16,0
DA:17,0
DA:18,0
DA:20,0
DA:22,0
DA:23,0
DA:24,0
DA:25,0
DA:26,0
DA:27,0
DA:28,0
DA:30,0
DA:31,0
DA:35,0
DA:36,0
DA:37,0
DA:38,0
DA:40,0
DA:41,0
DA:45,0
DA:47,0
DA:48,0
DA:52,0
LF:24
LH:0
BRDA:30,0,0,0
BRDA:30,0,1,0
BRDA:40,1,0,0
BRDA:40,1,1,0
BRDA:47,2,0,0
BRDA:47,2,1,0
BRDA:59,3,0,0
BRDA:59,3,1,0
BRDA:61,4,0,0
BRDA:61,4,1,0
BRDA:64,5,0,0
BRDA:64,5,1,0
BRF:12
BRH:0
end_of_record
TN:
SF:src/containers/modals/BridgeInProgressModal/index.styles.ts
FN:23,(anonymous_0)
FN:27,(anonymous_1)
FN:38,(anonymous_2)
FNF:3
FNH:0
FNDA:0,(anonymous_0)
FNDA:0,(anonymous_1)
FNDA:0,(anonymous_2)
DA:4,0
DA:13,0
DA:18,0
DA:24,0
DA:27,0
DA:35,0
DA:39,0
LF:7
LH:0
BRDA:24,0,0,0
BRDA:24,0,1,0
BRDA:39,1,0,0
BRDA:39,1,1,0
BRF:4
BRH:0
end_of_record
TN:
SF:src/containers/modals/BridgeInProgressModal/index.tsx
FN:20,(anonymous_0)
FN:24,(anonymous_1)
FNF:2
FNH:0
FNDA:0,(anonymous_0)
FNDA:0,(anonymous_1)
DA:20,0
DA:21,0
DA:22,0
DA:24,0
DA:25,0
DA:27,0
DA:28,0
DA:29,0
DA:32,0
LF:9
LH:0
BRDA:43,0,0,0
BRDA:43,0,1,0
BRF:2
BRH:0
end_of_record
TN:
SF:src/containers/modals/TransactionSuccessModal/index.styles.ts
FN:21,(anonymous_0)
FN:32,(anonymous_1)
FN:42,(anonymous_2)
FN:53,(anonymous_3)
FNF:4
FNH:0
FNDA:0,(anonymous_0)
FNDA:0,(anonymous_1)
FNDA:0,(anonymous_2)
FNDA:0,(anonymous_3)
DA:4,0
DA:12,0
DA:18,0
DA:22,0
DA:25,0
DA:33,0
DA:35,0
DA:43,0
DA:46,0
DA:53,0
DA:64,0
LF:11
LH:0
BRDA:22,0,0,0
BRDA:22,0,1,0
BRDA:33,1,0,0
BRDA:33,1,1,0
BRDA:43,2,0,0
BRDA:43,2,1,0
BRF:6
BRH:0
end_of_record
TN:
SF:src/containers/modals/TransactionSuccessModal/index.tsx
FN:28,(anonymous_0)
FN:35,(anonymous_1)
FN:54,(anonymous_2)
FN:81,(anonymous_3)
FNF:4
FNH:0
FNDA:0,(anonymous_0)
FNDA:0,(anonymous_1)
FNDA:0,(anonymous_2)
FNDA:0,(anonymous_3)
DA:28,0
DA:29,0
DA:30,0
DA:31,0
DA:32,0
DA:33,0
DA:35,0
DA:36,0
DA:37,0
DA:38,0
DA:40,0
DA:42,0
DA:43,0
DA:44,0
DA:46,0
DA:50,0
DA:54,0
DA:55,0
DA:58,0
DA:82,0
DA:83,0
LF:21
LH:0
BRDA:36,0,0,0
BRDA:36,0,1,0
BRDA:37,1,0,0
BRDA:37,1,1,0
BRDA:42,2,0,0
BRDA:42,2,1,0
BRDA:43,3,0,0
BRDA:43,3,1,0
BRDA:76,4,0,0
BRDA:76,4,1,0
BRF:10
BRH:0
end_of_record
TN:
SF:src/containers/modals/dao/styles.ts
FNF:0
FNH:0
DA:3,0
LF:1
LH:0
BRF:0
BRH:0
end_of_record
TN:
SF:src/containers/modals/earn/styles.ts
FN:31,(anonymous_0)
FNF:1
FNH:0
FNDA:0,(anonymous_0)
DA:3,0
DA:9,0
DA:15,0
DA:25,0
DA:27,0
DA:31,0
LF:6
LH:0
BRF:0
BRH:0
end_of_record
TN:
SF:src/containers/modals/networkPicker/index.styles.ts
FNF:0
FNH:0
DA:4,0
LF:1
LH:0
BRF:0
BRH:0
end_of_record
TN:
SF:src/containers/modals/networkPicker/index.tsx
FN:13,(anonymous_0)
FN:18,(anonymous_1)
FNF:2
FNH:0
FNDA:0,(anonymous_0)
FNDA:0,(anonymous_1)
DA:13,0
DA:16,0
DA:18,0
DA:19,0
DA:22,0
LF:5
LH:0
BRF:0
BRH:0
end_of_record
TN:
SF:src/containers/modals/settings/index.tsx
FN:23,(anonymous_0)
FN:28,(anonymous_1)
FN:32,(anonymous_2)
FN:40,(anonymous_3)
FN:63,(anonymous_4)
FNF:5
FNH:0
FNDA:0,(anonymous_0)
FNDA:0,(anonymous_1)
FNDA:0,(anonymous_2)
FNDA:0,(anonymous_3)
FNDA:0,(anonymous_4)
DA:23,0
DA:24,0
DA:25,0
DA:26,0
DA:28,0
DA:29,0
DA:32,0
DA:33,0
DA:40,0
DA:41,0
DA:44,0
DA:63,0
LF:12
LH:0
BRDA:35,0,0,0
BRDA:35,0,1,0
BRF:2
BRH:0
end_of_record
TN:
SF:src/containers/modals/settings/styles.ts
FN:30,(anonymous_0)
FN:36,(anonymous_1)
FNF:2
FNH:0
FNDA:0,(anonymous_0)
FNDA:0,(anonymous_1)
DA:4,0
DA:11,0
DA:16,0
DA:23,0
DA:27,0
DA:31,0
DA:33,0
DA:36,0
LF:8
LH:0
BRDA:31,0,0,0
BRDA:31,0,1,0
BRF:2
BRH:0
end_of_record
TN:
SF:src/containers/modals/stake/DepositStake.tsx
FN:22,(anonymous_0)
FN:38,(anonymous_1)
FN:44,(anonymous_2)
FN:48,(anonymous_3)
FN:51,(anonymous_4)
FN:85,(anonymous_5)
FN:93,(anonymous_6)
FN:101,(anonymous_7)
FN:108,(anonymous_8)
FN:117,(anonymous_9)
FN:120,(anonymous_10)
FN:128,(anonymous_11)
FN:138,(anonymous_12)
FN:144,(anonymous_13)
FN:152,(anonymous_14)
FN:175,(anonymous_15)
FN:201,(anonymous_16)
FN:211,(anonymous_17)
FNF:18
FNH:0
FNDA:0,(anonymous_0)
FNDA:0,(anonymous_1)
FNDA:0,(anonymous_2)
FNDA:0,(anonymous_3)
FNDA:0,(anonymous_4)
FNDA:0,(anonymous_5)
FNDA:0,(anonymous_6)
FNDA:0,(anonymous_7)
FNDA:0,(anonymous_8)
FNDA:0,(anonymous_9)
FNDA:0,(anonymous_10)
FNDA:0,(anonymous_11)
FNDA:0,(anonymous_12)
FNDA:0,(anonymous_13)
FNDA:0,(anonymous_14)
FNDA:0,(anonymous_15)
FNDA:0,(anonymous_16)
FNDA:0,(anonymous_17)
DA:22,0
DA:23,0
DA:25,0
DA:26,0
DA:27,0
DA:29,0
DA:31,0
DA:38,0
DA:39,0
DA:40,0
DA:41,0
DA:44,0
DA:45,0
DA:48,0
DA:50,0
DA:51,0
DA:55,0
DA:56,0
DA:57,0
DA:59,0
DA:60,0
DA:62,0
DA:65,0
DA:69,0
DA:71,0
DA:72,0
DA:77,0
DA:81,0
DA:82,0
DA:85,0
DA:93,0
DA:94,0
DA:96,0
DA:101,0
DA:108,0
DA:117,0
DA:118,0
DA:120,0
DA:122,0
DA:124,0
DA:125,0
DA:128,0
DA:134,0
DA:137,0
DA:138,0
DA:139,0
DA:140,0
DA:144,0
DA:145,0
DA:148,0
DA:153,0
DA:176,0
DA:202,0
DA:212,0
LF:54
LH:0
BRDA:55,0,0,0
BRDA:55,0,1,0
BRDA:59,1,0,0
BRDA:59,1,1,0
BRDA:62,2,0,0
BRDA:62,2,1,0
BRDA:71,3,0,0
BRDA:71,3,1,0
BRDA:81,4,0,0
BRDA:81,4,1,0
BRDA:96,5,0,0
BRDA:96,5,1,0
BRDA:97,6,0,0
BRDA:97,6,1,0
BRDA:97,6,2,0
BRDA:124,7,0,0
BRDA:124,7,1,0
BRDA:139,8,0,0
BRDA:139,8,1,0
BRDA:184,9,0,0
BRDA:184,9,1,0
BRDA:194,10,0,0
BRDA:194,10,1,0
BRDA:199,11,0,0
BRDA:199,11,1,0
BRF:25
BRH:0
end_of_record
TN:
SF:src/containers/modals/stake/styles.ts
FNF:0
FNH:0
DA:3,0
DA:9,0
DA:15,0
DA:22,0
LF:4
LH:0
BRF:0
BRH:0
end_of_record
TN:
SF:src/containers/modals/tokenPicker/TokenPickerModal.tsx
FN:59,(anonymous_0)
FN:78,(anonymous_1)
FN:82,(anonymous_2)
FN:86,(anonymous_3)
FN:90,(anonymous_4)
FN:99,(anonymous_5)
FN:116,(anonymous_6)
FN:121,(anonymous_7)
FN:126,(anonymous_8)
FN:135,(anonymous_9)
FN:141,(anonymous_10)
FN:159,(anonymous_11)
FN:184,(anonymous_12)
FNF:13
FNH:0
FNDA:0,(anonymous_0)
FNDA:0,(anonymous_1)
FNDA:0,(anonymous_2)
FNDA:0,(anonymous_3)
FNDA:0,(anonymous_4)
FNDA:0,(anonymous_5)
FNDA:0,(anonymous_6)
FNDA:0,(anonymous_7)
FNDA:0,(anonymous_8)
FNDA:0,(anonymous_9)
FNDA:0,(anonymous_10)
FNDA:0,(anonymous_11)
FNDA:0,(anonymous_12)
DA:45,0
DA:59,0
DA:60,0
DA:61,0
DA:63,0
DA:64,0
DA:65,0
DA:66,0
DA:67,0
DA:69,0
DA:70,0
DA:72,0
DA:74,0
DA:75,0
DA:78,0
DA:79,0
DA:82,0
DA:83,0
DA:86,0
DA:87,0
DA:89,0
DA:90,0
DA:92,0
DA:95,0
DA:96,0
DA:99,0
DA:100,0
DA:101,0
DA:102,0
DA:105,0
DA:116,0
DA:121,0
DA:126,0
DA:136,0
DA:137,0
DA:139,0
DA:142,0
DA:144,0
DA:145,0
DA:148,0
DA:152,0
DA:155,0
DA:160,0
DA:185,0
DA:186,0
LF:45
LH:0
BRDA:74,0,0,0
BRDA:74,0,1,0
BRDA:91,1,0,0
BRDA:91,1,1,0
BRDA:100,2,0,0
BRDA:100,2,1,0
BRDA:133,3,0,0
BRDA:133,3,1,0
BRDA:136,4,0,0
BRDA:136,4,1,0
BRDA:144,5,0,0
BRDA:144,5,1,0
BRDA:144,6,0,0
BRDA:144,6,1,0
BRDA:148,7,0,0
BRDA:148,7,1,0
BRDA:149,8,0,0
BRDA:149,8,1,0
BRDA:169,9,0,0
BRDA:169,9,1,0
BRF:20
BRH:0
end_of_record
TN:
SF:src/containers/modals/tokenPicker/styles.ts
FN:25,(anonymous_0)
FN:26,(anonymous_1)
FN:28,(anonymous_2)
FN:33,(anonymous_3)
FN:41,(anonymous_4)
FN:63,(anonymous_5)
FN:68,(anonymous_6)
FN:72,(anonymous_7)
FN:82,(anonymous_8)
FN:94,(anonymous_9)
FN:112,(anonymous_10)
FN:114,(anonymous_11)
FN:117,(anonymous_12)
FN:127,(anonymous_13)
FN:129,(anonymous_14)
FN:135,(anonymous_15)
FNF:16
FNH:0
FNDA:0,(anonymous_0)
FNDA:0,(anonymous_1)
FNDA:0,(anonymous_2)
FNDA:0,(anonymous_3)
FNDA:0,(anonymous_4)
FNDA:0,(anonymous_5)
FNDA:0,(anonymous_6)
FNDA:0,(anonymous_7)
FNDA:0,(anonymous_8)
FNDA:0,(anonymous_9)
FNDA:0,(anonymous_10)
FNDA:0,(anonymous_11)
FNDA:0,(anonymous_12)
FNDA:0,(anonymous_13)
FNDA:0,(anonymous_14)
FNDA:0,(anonymous_15)
DA:5,0
DA:12,0
DA:17,0
DA:25,0
DA:27,0
DA:29,0
DA:33,0
DA:37,0
DA:42,0
DA:45,0
DA:54,0
DA:64,0
DA:68,0
DA:72,0
DA:75,0
DA:78,0
DA:83,0
DA:86,0
DA:95,0
DA:98,0
DA:104,0
DA:113,0
DA:115,0
DA:118,0
DA:128,0
DA:130,0
DA:134,0
DA:135,0
LF:28
LH:0
BRDA:27,0,0,0
BRDA:27,0,1,0
BRDA:29,1,0,0
BRDA:29,1,1,0
BRDA:42,2,0,0
BRDA:42,2,1,0
BRDA:64,3,0,0
BRDA:64,3,1,0
BRDA:83,4,0,0
BRDA:83,4,1,0
BRDA:95,5,0,0
BRDA:95,5,1,0
BRDA:113,6,0,0
BRDA:113,6,1,0
BRDA:115,7,0,0
BRDA:115,7,1,0
BRDA:118,8,0,0
BRDA:118,8,1,0
BRDA:121,9,0,0
BRDA:121,9,1,0
BRDA:122,10,0,0
BRDA:122,10,1,0
BRDA:128,11,0,0
BRDA:128,11,1,0
BRDA:130,12,0,0
BRDA:130,12,1,0
BRF:26
BRH:0
end_of_record
TN:
SF:src/containers/modals/walletSelector/styles.ts
FN:19,(anonymous_0)
FN:31,(anonymous_1)
FNF:2
FNH:0
FNDA:0,(anonymous_0)
FNDA:0,(anonymous_1)
DA:3,0
DA:9,0
DA:19,0
DA:23,0
DA:31,0
DA:33,0
DA:38,0
LF:7
LH:0
BRF:0
BRH:0
end_of_record
TN:
SF:src/containers/modals/wrongNetwork/WrongNetworkModal.tsx
FN:17,(anonymous_0)
FN:22,(anonymous_1)
FN:28,(anonymous_2)
FN:43,(anonymous_3)
FNF:4
FNH:0
FNDA:0,(anonymous_0)
FNDA:0,(anonymous_1)
FNDA:0,(anonymous_2)
FNDA:0,(anonymous_3)
DA:17,0
DA:18,0
DA:19,0
DA:20,0
DA:22,0
DA:23,0
DA:24,0
DA:28,0
DA:29,0
DA:30,0
DA:33,0
DA:44,0
DA:45,0
LF:13
LH:0
BRDA:23,0,0,0
BRDA:23,0,1,0
BRF:2
BRH:0
end_of_record
TN:
SF:src/containers/save/Save.styles.ts
FN:26,(anonymous_0)
FN:33,(anonymous_1)
FN:45,(anonymous_2)
FN:57,(anonymous_3)
FN:91,(anonymous_4)
FN:104,(anonymous_5)
FN:118,(anonymous_6)
FN:135,(anonymous_7)
FN:136,(anonymous_8)
FNF:9
FNH:0
FNDA:0,(anonymous_0)
FNDA:0,(anonymous_1)
FNDA:0,(anonymous_2)
FNDA:0,(anonymous_3)
FNDA:0,(anonymous_4)
FNDA:0,(anonymous_5)
FNDA:0,(anonymous_6)
FNDA:0,(anonymous_7)
FNDA:0,(anonymous_8)
DA:6,0
DA:19,0
DA:26,0
DA:32,0
DA:33,0
DA:43,0
DA:45,0
DA:53,0
DA:57,0
DA:64,0
DA:78,0
DA:84,0
DA:91,0
DA:94,0
DA:104,0
DA:107,0
DA:109,0
DA:116,0
DA:118,0
DA:121,0
DA:125,0
DA:127,0
DA:135,0
DA:136,0
DA:155,0
DA:184,0
DA:193,0
DA:197,0
DA:204,0
LF:29
LH:0
BRF:0
BRH:0
end_of_record
TN:
SF:src/containers/save/Save.tsx
FN:40,(anonymous_0)
FN:55,(anonymous_1)
FN:61,(anonymous_2)
FN:65,(anonymous_3)
FN:68,(anonymous_4)
FN:102,(anonymous_5)
FN:110,(anonymous_6)
FN:117,(anonymous_7)
FN:163,(anonymous_8)
FN:206,(anonymous_9)
FNF:10
FNH:0
FNDA:0,(anonymous_0)
FNDA:0,(anonymous_1)
FNDA:0,(anonymous_2)
FNDA:0,(anonymous_3)
FNDA:0,(anonymous_4)
FNDA:0,(anonymous_5)
FNDA:0,(anonymous_6)
FNDA:0,(anonymous_7)
FNDA:0,(anonymous_8)
FNDA:0,(anonymous_9)
DA:40,0
DA:41,0
DA:42,0
DA:44,0
DA:45,0
DA:46,0
DA:48,0
DA:50,0
DA:55,0
DA:56,0
DA:57,0
DA:58,0
DA:61,0
DA:62,0
DA:65,0
DA:67,0
DA:68,0
DA:72,0
DA:73,0
DA:74,0
DA:76,0
DA:77,0
DA:79,0
DA:82,0
DA:86,0
DA:88,0
DA:89,0
DA:94,0
DA:98,0
DA:99,0
DA:102,0
DA:110,0
DA:111,0
DA:112,0
DA:114,0
DA:117,0
DA:118,0
DA:119,0
DA:126,0
DA:163,0
DA:207,0
DA:208,0
DA:212,0
LF:43
LH:0
BRDA:72,0,0,0
BRDA:72,0,1,0
BRDA:76,1,0,0
BRDA:76,1,1,0
BRDA:79,2,0,0
BRDA:79,2,1,0
BRDA:88,3,0,0
BRDA:88,3,1,0
BRDA:98,4,0,0
BRDA:98,4,1,0
BRDA:111,5,0,0
BRDA:111,5,1,0
BRDA:118,6,0,0
BRDA:118,6,1,0
BRDA:121,7,0,0
BRDA:121,7,1,0
BRDA:157,8,0,0
BRDA:157,8,1,0
BRDA:200,9,0,0
BRDA:200,9,1,0
BRDA:200,10,0,0
BRDA:200,10,1,0
BRDA:200,10,2,0
BRDA:200,10,3,0
BRDA:207,11,0,0
BRDA:207,11,1,0
BRF:26
BRH:0
end_of_record
TN:
SF:src/hooks/useAmountToReceive.ts
FN:22,(anonymous_0)
FN:36,(anonymous_1)
FN:41,(anonymous_2)
FNF:3
FNH:0
FNDA:0,(anonymous_0)
FNDA:0,(anonymous_1)
FNDA:0,(anonymous_2)
DA:22,0
DA:23,0
DA:25,0
DA:26,0
DA:27,0
DA:28,0
DA:29,0
DA:30,0
DA:32,0
DA:36,0
DA:37,0
DA:38,0
DA:41,0
DA:42,0
DA:48,0
DA:49,0
DA:50,0
DA:51,0
DA:52,0
DA:53,0
DA:56,0
DA:59,0
DA:60,0
DA:61,0
DA:62,0
DA:63,0
DA:66,0
DA:71,0
LF:28
LH:0
BRDA:37,0,0,0
BRDA:37,0,1,0
BRDA:48,1,0,0
BRDA:48,1,1,0
BRDA:49,2,0,0
BRDA:49,2,1,0
BRDA:51,3,0,0
BRDA:51,3,1,0
BRDA:59,4,0,0
BRDA:59,4,1,0
BRDA:61,5,0,0
BRDA:61,5,1,0
BRF:12
BRH:0
end_of_record
TN:
SF:src/hooks/useBridge.ts
FN:31,(anonymous_0)
FN:45,(anonymous_1)
FN:57,(anonymous_2)
FN:80,(anonymous_3)
FN:106,(anonymous_4)
FN:110,(anonymous_5)
FNF:6
FNH:0
FNDA:0,(anonymous_0)
FNDA:0,(anonymous_1)
FNDA:0,(anonymous_2)
FNDA:0,(anonymous_3)
FNDA:0,(anonymous_4)
FNDA:0,(anonymous_5)
DA:31,0
DA:32,0
DA:33,0
DA:34,0
DA:35,0
DA:36,0
DA:37,0
DA:39,0
DA:40,0
DA:42,0
DA:43,0
DA:45,0
DA:46,0
DA:47,0
DA:48,0
DA:57,0
DA:59,0
DA:60,0
DA:67,0
DA:77,0
DA:80,0
DA:84,0
DA:89,0
DA:90,0
DA:94,0
DA:95,0
DA:98,0
DA:101,0
DA:106,0
DA:107,0
DA:110,0
DA:111,0
DA:113,0
DA:114,0
DA:115,0
DA:116,0
DA:118,0
DA:121,0
DA:122,0
DA:124,0
DA:127,0
DA:128,0
DA:129,0
DA:130,0
DA:131,0
DA:132,0
DA:136,0
LF:47
LH:0
BRDA:42,0,0,0
BRDA:42,0,1,0
BRDA:46,1,0,0
BRDA:46,1,1,0
BRDA:59,2,0,0
BRDA:59,2,1,0
BRDA:62,3,0,0
BRDA:62,3,1,0
BRDA:69,4,0,0
BRDA:69,4,1,0
BRDA:84,5,0,0
BRDA:84,5,1,0
BRDA:94,6,0,0
BRDA:94,6,1,0
BRDA:114,7,0,0
BRDA:114,7,1,0
BRDA:115,8,0,0
BRDA:115,8,1,0
BRDA:121,9,0,0
BRDA:121,9,1,0
BRDA:128,10,0,0
BRDA:128,10,1,0
BRF:22
BRH:0
end_of_record
TN:
SF:src/hooks/useBridgeAlerts.ts
FN:54,(anonymous_0)
FN:82,(anonymous_1)
FN:140,(anonymous_2)
FN:163,(anonymous_3)
FN:214,(anonymous_4)
FN:332,(anonymous_5)
FN:443,(anonymous_6)
FNF:7
FNH:0
FNDA:0,(anonymous_0)
FNDA:0,(anonymous_1)
FNDA:0,(anonymous_2)
FNDA:0,(anonymous_3)
FNDA:0,(anonymous_4)
FNDA:0,(anonymous_5)
FNDA:0,(anonymous_6)
DA:54,0
DA:55,0
DA:56,0
DA:57,0
DA:58,0
DA:59,0
DA:62,0
DA:65,0
DA:66,0
DA:67,0
DA:68,0
DA:69,0
DA:72,0
DA:73,0
DA:74,0
DA:75,0
DA:76,0
DA:77,0
DA:78,0
DA:79,0
DA:80,0
DA:82,0
DA:83,0
DA:84,0
DA:85,0
DA:90,0
DA:98,0
DA:103,0
DA:111,0
DA:112,0
DA:121,0
DA:124,0
DA:140,0
DA:141,0
DA:142,0
DA:143,0
DA:154,0
DA:163,0
DA:164,0
DA:165,0
DA:167,0
DA:168,0
DA:169,0
DA:171,0
DA:177,0
DA:178,0
DA:185,0
DA:186,0
DA:214,0
DA:215,0
DA:216,0
DA:218,0
DA:223,0
DA:225,0
DA:226,0
DA:227,0
DA:228,0
DA:230,0
DA:231,0
DA:232,0
DA:233,0
DA:234,0
DA:236,0
DA:238,0
DA:239,0
DA:243,0
DA:244,0
DA:245,0
DA:247,0
DA:251,0
DA:252,0
DA:254,0
DA:257,0
DA:259,0
DA:260,0
DA:261,0
DA:262,0
DA:263,0
DA:264,0
DA:267,0
DA:268,0
DA:269,0
DA:271,0
DA:272,0
DA:278,0
DA:279,0
DA:283,0
DA:288,0
DA:292,0
DA:296,0
DA:303,0
DA:304,0
DA:332,0
DA:333,0
DA:334,0
DA:337,0
DA:343,0
DA:344,0
DA:345,0
DA:346,0
DA:348,0
DA:349,0
DA:351,0
DA:352,0
DA:353,0
DA:355,0
DA:356,0
DA:359,0
DA:362,0
DA:363,0
DA:365,0
DA:366,0
DA:369,0
DA:373,0
DA:374,0
DA:376,0
DA:377,0
DA:378,0
DA:379,0
DA:380,0
DA:382,0
DA:383,0
DA:384,0
DA:386,0
DA:390,0
DA:397,0
DA:399,0
DA:400,0
DA:404,0
DA:408,0
DA:412,0
DA:419,0
DA:420,0
DA:443,0
DA:444,0
LF:135
LH:0
BRDA:83,0,0,0
BRDA:83,0,1,0
BRDA:84,1,0,0
BRDA:84,1,1,0
BRDA:111,2,0,0
BRDA:111,2,1,0
BRDA:121,3,0,0
BRDA:121,3,1,0
BRDA:141,4,0,0
BRDA:141,4,1,0
BRDA:142,5,0,0
BRDA:142,5,1,0
BRDA:142,6,0,0
BRDA:142,6,1,0
BRDA:164,7,0,0
BRDA:164,7,1,0
BRDA:177,8,0,0
BRDA:177,8,1,0
BRDA:177,9,0,0
BRDA:177,9,1,0
BRDA:177,9,2,0
BRDA:185,10,0,0
BRDA:185,10,1,0
BRDA:215,11,0,0
BRDA:215,11,1,0
BRDA:223,12,0,0
BRDA:223,12,1,0
BRDA:230,13,0,0
BRDA:230,13,1,0
BRDA:232,14,0,0
BRDA:232,14,1,0
BRDA:233,15,0,0
BRDA:233,15,1,0
BRDA:238,16,0,0
BRDA:238,16,1,0
BRDA:239,17,0,0
BRDA:239,17,1,0
BRDA:240,18,0,0
BRDA:240,18,1,0
BRDA:244,19,0,0
BRDA:244,19,1,0
BRDA:247,20,0,0
BRDA:247,20,1,0
BRDA:248,21,0,0
BRDA:248,21,1,0
BRDA:251,22,0,0
BRDA:251,22,1,0
BRDA:257,23,0,0
BRDA:257,23,1,0
BRDA:257,24,0,0
BRDA:257,24,1,0
BRDA:261,25,0,0
BRDA:261,25,1,0
BRDA:271,26,0,0
BRDA:271,26,1,0
BRDA:272,27,0,0
BRDA:272,27,1,0
BRDA:279,28,0,0
BRDA:279,28,1,0
BRDA:292,29,0,0
BRDA:292,29,1,0
BRDA:293,30,0,0
BRDA:293,30,1,0
BRDA:303,31,0,0
BRDA:303,31,1,0
BRDA:333,32,0,0
BRDA:333,32,1,0
BRDA:343,33,0,0
BRDA:343,33,1,0
BRDA:343,34,0,0
BRDA:343,34,1,0
BRDA:348,35,0,0
BRDA:348,35,1,0
BRDA:351,36,0,0
BRDA:351,36,1,0
BRDA:352,37,0,0
BRDA:352,37,1,0
BRDA:355,38,0,0
BRDA:355,38,1,0
BRDA:362,39,0,0
BRDA:362,39,1,0
BRDA:365,40,0,0
BRDA:365,40,1,0
BRDA:373,41,0,0
BRDA:373,41,1,0
BRDA:377,42,0,0
BRDA:377,42,1,0
BRDA:386,43,0,0
BRDA:386,43,1,0
BRDA:390,44,0,0
BRDA:390,44,1,0
BRDA:399,45,0,0
BRDA:399,45,1,0
BRDA:408,46,0,0
BRDA:408,46,1,0
BRDA:409,47,0,0
BRDA:409,47,1,0
BRDA:419,48,0,0
BRDA:419,48,1,0
BRF:99
BRH:0
end_of_record
TN:
SF:src/hooks/useBridgeCleanup.ts
FN:16,(anonymous_0)
FN:25,(anonymous_1)
FNF:2
FNH:0
FNDA:0,(anonymous_0)
FNDA:0,(anonymous_1)
DA:16,0
DA:17,0
DA:19,0
DA:20,0
DA:21,0
DA:22,0
DA:23,0
DA:25,0
DA:27,0
DA:28,0
DA:29,0
LF:11
LH:0
BRF:0
BRH:0
end_of_record
TN:
SF:src/hooks/useBridgeSetup.ts
FN:34,(anonymous_0)
FN:42,(anonymous_1)
FN:70,(anonymous_2)
FN:91,(anonymous_3)
FN:97,(anonymous_4)
FN:106,(anonymous_5)
FN:123,(anonymous_6)
FN:128,(anonymous_7)
FNF:8
FNH:0
FNDA:0,(anonymous_0)
FNDA:0,(anonymous_1)
FNDA:0,(anonymous_2)
FNDA:0,(anonymous_3)
FNDA:0,(anonymous_4)
FNDA:0,(anonymous_5)
FNDA:0,(anonymous_6)
FNDA:0,(anonymous_7)
DA:34,0
DA:35,0
DA:36,0
DA:37,0
DA:38,0
DA:39,0
DA:40,0
DA:42,0
DA:43,0
DA:48,0
DA:49,0
DA:63,0
DA:64,0
DA:65,0
DA:66,0
DA:67,0
DA:68,0
DA:69,0
DA:70,0
DA:71,0
DA:74,0
DA:75,0
DA:76,0
DA:77,0
DA:79,0
DA:81,0
DA:82,0
DA:83,0
DA:84,0
DA:85,0
DA:86,0
DA:87,0
DA:88,0
DA:91,0
DA:92,0
DA:97,0
DA:98,0
DA:99,0
DA:103,0
DA:104,0
DA:106,0
DA:107,0
DA:108,0
DA:109,0
DA:110,0
DA:111,0
DA:112,0
DA:113,0
DA:114,0
DA:116,0
DA:120,0
DA:123,0
DA:124,0
DA:125,0
DA:128,0
DA:129,0
LF:56
LH:0
BRDA:43,0,0,0
BRDA:43,0,1,0
BRDA:48,1,0,0
BRDA:48,1,1,0
BRDA:49,2,0,0
BRDA:49,2,1,0
BRDA:49,3,0,0
BRDA:49,3,1,0
BRDA:74,4,0,0
BRDA:74,4,1,0
BRDA:74,5,0,0
BRDA:74,5,1,0
BRDA:79,6,0,0
BRDA:79,6,1,0
BRDA:82,7,0,0
BRDA:82,7,1,0
BRDA:98,8,0,0
BRDA:98,8,1,0
BRDA:103,9,0,0
BRDA:103,9,1,0
BRDA:107,10,0,0
BRDA:107,10,1,0
BRDA:109,11,0,0
BRDA:109,11,1,0
BRDA:111,12,0,0
BRDA:111,12,1,0
BRDA:113,13,0,0
BRDA:113,13,1,0
BRDA:124,14,0,0
BRDA:124,14,1,0
BRF:30
BRH:0
end_of_record
TN:
SF:src/hooks/useFeeSwitcher.ts
FN:17,(anonymous_0)
FN:22,(anonymous_1)
FN:25,(anonymous_2)
FN:29,(anonymous_3)
FNF:4
FNH:0
FNDA:0,(anonymous_0)
FNDA:0,(anonymous_1)
FNDA:0,(anonymous_2)
FNDA:0,(anonymous_3)
DA:17,1
DA:18,0
DA:19,0
DA:20,0
DA:21,0
DA:22,0
DA:24,0
DA:25,0
DA:26,0
DA:28,0
DA:30,0
DA:33,0
DA:34,0
DA:36,0
DA:37,0
DA:40,0
DA:43,0
DA:44,0
DA:47,0
DA:52,0
DA:53,0
DA:56,0
DA:61,0
DA:63,0
DA:68,0
DA:70,0
DA:71,0
DA:76,0
DA:78,0
DA:83,0
DA:84,0
DA:89,0
DA:93,0
DA:94,0
DA:100,0
LF:35
LH:1
BRDA:36,0,0,0
BRDA:36,0,1,0
BRDA:43,1,0,0
BRDA:43,1,1,0
BRDA:52,2,0,0
BRDA:52,2,1,0
BRDA:52,3,0,0
BRDA:52,3,1,0
BRDA:61,4,0,0
BRDA:61,4,1,0
BRDA:61,5,0,0
BRDA:61,5,1,0
BRDA:63,6,0,0
BRDA:63,6,1,0
BRDA:64,7,0,0
BRDA:64,7,1,0
BRDA:68,8,0,0
BRDA:68,8,1,0
BRDA:68,9,0,0
BRDA:68,9,1,0
BRDA:70,10,0,0
BRDA:70,10,1,0
BRDA:78,11,0,0
BRDA:78,11,1,0
BRDA:79,12,0,0
BRDA:79,12,1,0
BRDA:83,13,0,0
BRDA:83,13,1,0
BRDA:93,14,0,0
BRDA:93,14,1,0
BRF:30
BRH:0
end_of_record
TN:
SF:src/hooks/useGasWatcher.ts
FN:31,(anonymous_0)
FN:43,(anonymous_1)
FN:45,(anonymous_2)
FN:58,(anonymous_3)
FN:59,(anonymous_4)
FN:81,(anonymous_5)
FNF:6
FNH:0
FNDA:0,(anonymous_0)
FNDA:0,(anonymous_1)
FNDA:0,(anonymous_2)
FNDA:0,(anonymous_3)
FNDA:0,(anonymous_4)
FNDA:0,(anonymous_5)
DA:31,0
DA:32,0
DA:34,0
DA:35,0
DA:36,0
DA:37,0
DA:38,0
DA:39,0
DA:41,0
DA:43,0
DA:44,0
DA:45,0
DA:46,0
DA:47,0
DA:50,0
DA:52,0
DA:53,0
DA:58,0
DA:59,0
DA:60,0
DA:61,0
DA:64,0
DA:67,0
DA:70,0
DA:75,0
DA:78,0
DA:81,0
DA:82,0
DA:85,0
LF:29
LH:0
BRDA:44,0,0,0
BRDA:44,0,1,0
BRDA:52,1,0,0
BRDA:52,1,1,0
BRDA:67,2,0,0
BRDA:67,2,1,0
BRDA:70,3,0,0
BRDA:70,3,1,0
BRDA:71,4,0,0
BRDA:71,4,1,0
BRDA:71,4,2,0
BRF:11
BRH:0
end_of_record
TN:
SF:src/hooks/useNetwork.ts
FN:22,(anonymous_0)
FN:27,(anonymous_1)
FN:30,(anonymous_2)
FNF:3
FNH:0
FNDA:0,(anonymous_0)
FNDA:0,(anonymous_1)
FNDA:0,(anonymous_2)
DA:22,0
DA:23,0
DA:24,0
DA:25,0
DA:27,0
DA:28,0
DA:30,0
DA:32,0
LF:8
LH:0
BRF:0
BRH:0
end_of_record
TN:
SF:src/hooks/useOnboard.ts
FN:11,(anonymous_0)
FN:18,(anonymous_1)
FN:21,(anonymous_2)
FNF:3
FNH:0
FNDA:0,(anonymous_0)
FNDA:0,(anonymous_1)
FNDA:0,(anonymous_2)
DA:11,0
DA:12,0
DA:14,0
DA:15,0
DA:16,0
DA:18,0
DA:19,0
DA:21,0
DA:22,0
DA:27,0
DA:28,0
DA:31,0
DA:32,0
DA:36,0
DA:37,0
LF:15
LH:0
BRDA:27,0,0,0
BRDA:27,0,1,0
BRDA:31,1,0,0
BRDA:31,1,1,0
BRDA:36,2,0,0
BRDA:36,2,1,0
BRF:6
BRH:0
end_of_record
TN:
SF:src/hooks/useSwitchChain.ts
FN:12,(anonymous_0)
FN:17,(anonymous_1)
FNF:2
FNH:0
FNDA:0,(anonymous_0)
FNDA:0,(anonymous_1)
DA:12,0
DA:13,0
DA:14,0
DA:15,0
DA:17,0
DA:18,0
DA:19,0
DA:20,0
DA:22,0
DA:25,0
DA:29,0
LF:11
LH:0
BRDA:18,0,0,0
BRDA:18,0,1,0
BRDA:19,1,0,0
BRDA:19,1,1,0
BRDA:19,2,0,0
BRDA:19,2,1,0
BRF:6
BRH:0
end_of_record
TN:
SF:src/hooks/useThemeSwitcher.ts
FN:6,(anonymous_0)
FN:10,(anonymous_1)
FN:14,(anonymous_2)
FNF:3
FNH:2
FNDA:8,(anonymous_0)
FNDA:1,(anonymous_1)
FNDA:0,(anonymous_2)
DA:6,2
DA:7,8
DA:8,8
DA:10,8
DA:11,1
DA:12,1
DA:14,8
DA:15,0
DA:16,0
DA:19,8
LF:10
LH:8
BRF:0
BRH:0
end_of_record
TN:
SF:src/hooks/useWalletConnect.ts
FN:27,(anonymous_0)
FN:46,(anonymous_1)
FN:47,(anonymous_2)
FN:88,(anonymous_3)
FN:89,(anonymous_4)
FN:94,(anonymous_5)
FN:131,(anonymous_6)
FN:139,(anonymous_7)
FN:146,(anonymous_8)
FN:152,(anonymous_9)
FNF:10
FNH:0
FNDA:0,(anonymous_0)
FNDA:0,(anonymous_1)
FNDA:0,(anonymous_2)
FNDA:0,(anonymous_3)
FNDA:0,(anonymous_4)
FNDA:0,(anonymous_5)
FNDA:0,(anonymous_6)
FNDA:0,(anonymous_7)
FNDA:0,(anonymous_8)
FNDA:0,(anonymous_9)
DA:27,0
DA:28,0
DA:29,0
DA:30,0
DA:32,0
DA:33,0
DA:34,0
DA:36,0
DA:37,0
DA:38,0
DA:39,0
DA:46,0
DA:47,0
DA:48,0
DA:52,0
DA:53,0
DA:54,0
DA:55,0
DA:56,0
DA:57,0
DA:58,0
DA:59,0
DA:60,0
DA:61,0
DA:62,0
DA:63,0
DA:64,0
DA:65,0
DA:66,0
DA:67,0
DA:68,0
DA:70,0
DA:74,0
DA:75,0
DA:87,0
DA:89,0
DA:90,0
DA:91,0
DA:94,0
DA:95,0
DA:96,0
DA:97,0
DA:98,0
DA:99,0
DA:101,0
DA:103,0
DA:105,0
DA:109,0
DA:110,0
DA:113,0
DA:115,0
DA:118,0
DA:119,0
DA:123,0
DA:126,0
DA:131,0
DA:133,0
DA:134,0
DA:139,0
DA:140,0
DA:141,0
DA:146,0
DA:147,0
DA:148,0
DA:152,0
DA:153,0
DA:155,0
DA:156,0
DA:158,0
DA:163,0
LF:70
LH:0
BRDA:52,0,0,0
BRDA:52,0,1,0
BRDA:55,1,0,0
BRDA:55,1,1,0
BRDA:58,2,0,0
BRDA:58,2,1,0
BRDA:61,3,0,0
BRDA:61,3,1,0
BRDA:61,4,0,0
BRDA:61,4,1,0
BRDA:74,5,0,0
BRDA:74,5,1,0
BRDA:74,6,0,0
BRDA:74,6,1,0
BRDA:74,6,2,0
BRDA:96,7,0,0
BRDA:96,7,1,0
BRDA:97,8,0,0
BRDA:97,8,1,0
BRDA:98,9,0,0
BRDA:98,9,1,0
BRDA:109,10,0,0
BRDA:109,10,1,0
BRDA:110,11,0,0
BRDA:110,11,1,0
BRDA:133,12,0,0
BRDA:133,12,1,0
BRDA:133,13,0,0
BRDA:133,13,1,0
BRDA:140,14,0,0
BRDA:140,14,1,0
BRDA:147,15,0,0
BRDA:147,15,1,0
BRDA:153,16,0,0
BRDA:153,16,1,0
BRDA:153,17,0,0
BRDA:153,17,1,0
BRDA:155,18,0,0
BRDA:155,18,1,0
BRF:39
BRH:0
end_of_record
TN:
SF:src/hooks/useWalletSwitch.ts
FN:19,(anonymous_0)
FN:32,(anonymous_1)
FN:46,(anonymous_2)
FNF:3
FNH:0
FNDA:0,(anonymous_0)
FNDA:0,(anonymous_1)
FNDA:0,(anonymous_2)
DA:19,0
DA:20,0
DA:21,0
DA:22,0
DA:23,0
DA:24,0
DA:25,0
DA:26,0
DA:27,0
DA:28,0
DA:30,0
DA:32,0
DA:33,0
DA:34,0
DA:35,0
DA:36,0
DA:37,0
DA:39,0
DA:42,0
DA:46,0
DA:47,0
DA:48,0
DA:49,0
LF:23
LH:0
BRDA:33,0,0,0
BRDA:33,0,1,0
BRDA:33,1,0,0
BRDA:33,1,1,0
BRDA:34,2,0,0
BRDA:34,2,1,0
BRDA:36,3,0,0
BRDA:36,3,1,0
BRDA:47,4,0,0
BRDA:47,4,1,0
BRDA:48,5,0,0
BRDA:48,5,1,0
BRDA:48,6,0,0
BRDA:48,6,1,0
BRF:14
BRH:0
end_of_record
TN:
SF:src/selectors/fixedSelector.ts
FN:16,(anonymous_0)
FN:16,(anonymous_1)
FNF:2
FNH:0
FNDA:0,(anonymous_0)
FNDA:0,(anonymous_1)
DA:16,14
LF:1
LH:1
BRF:0
BRH:0
end_of_record
TN:
SF:src/selectors/index.ts
FNF:0
FNH:0
LF:0
LH:0
BRF:0
BRH:0
end_of_record
TN:
SF:src/themes/dark.ts
FNF:0
FNH:0
DA:4,14
LF:1
LH:1
BRF:0
BRH:0
end_of_record
TN:
SF:src/themes/default.ts
FNF:0
FNH:0
DA:1,14
LF:1
LH:1
BRF:0
BRH:0
end_of_record
TN:
SF:src/themes/globalStyle.ts
FN:56,(anonymous_0)
FN:57,(anonymous_1)
FNF:2
FNH:0
FNDA:0,(anonymous_0)
FNDA:0,(anonymous_1)
DA:8,14
DA:56,0
DA:57,0
LF:3
LH:1
BRF:0
BRH:0
end_of_record
TN:
SF:src/themes/index.tsx
FN:14,(anonymous_0)
FN:18,(anonymous_1)
FNF:2
FNH:2
FNDA:68,(anonymous_0)
FNDA:52,(anonymous_1)
DA:14,14
DA:15,68
DA:16,68
DA:18,68
DA:19,52
DA:20,16
DA:22,36
DA:26,68
LF:8
LH:8
BRDA:19,0,0,16
BRDA:19,0,1,36
BRF:2
BRH:2
end_of_record
TN:
SF:src/themes/light.ts
FNF:0
FNH:0
DA:4,14
LF:1
LH:1
BRF:0
BRH:0
end_of_record
TN:
SF:src/themes/screens.ts
FN:17,(anonymous_0)
FN:22,(anonymous_1)
FN:27,(anonymous_2)
FN:32,(anonymous_3)
FNF:4
FNH:3
FNDA:41,(anonymous_0)
FNDA:2,(anonymous_1)
FNDA:4,(anonymous_2)
FNDA:0,(anonymous_3)
DA:3,14
DA:10,14
DA:17,41
DA:22,14
DA:27,14
DA:32,14
LF:6
LH:6
BRF:0
BRH:0
end_of_record
TN:
SF:src/types/custom.d.ts
FNF:0
FNH:0
LF:0
LH:0
BRF:0
BRH:0
end_of_record
TN:
SF:src/util/banxa.ts
FN:11,(anonymous_0)
FNF:1
FNH:1
FNDA:4,(anonymous_0)
DA:8,1
DA:9,1
DA:11,1
DA:12,4
DA:14,4
LF:5
LH:5
BRF:0
BRH:0
end_of_record
TN:
SF:src/util/coinConvert.ts
FN:21,(anonymous_0)
FN:29,(anonymous_1)
FN:37,(anonymous_2)
FN:52,(anonymous_3)
FN:54,(anonymous_4)
FNF:5
FNH:0
FNDA:0,(anonymous_0)
FNDA:0,(anonymous_1)
FNDA:0,(anonymous_2)
FNDA:0,(anonymous_3)
FNDA:0,(anonymous_4)
DA:21,0
DA:22,0
DA:23,0
DA:25,0
DA:29,0
DA:30,0
DA:31,0
DA:33,0
DA:37,0
DA:39,0
DA:40,0
DA:43,0
DA:44,0
DA:45,0
DA:48,0
DA:52,0
DA:53,0
DA:54,0
DA:55,0
LF:19
LH:0
BRDA:22,0,0,0
BRDA:22,0,1,0
BRDA:30,1,0,0
BRDA:30,1,1,0
BRDA:39,2,0,0
BRDA:39,2,1,0
BRDA:39,3,0,0
BRDA:39,3,1,0
BRF:8
BRH:0
end_of_record
TN:
SF:src/util/coinImage.ts
FN:4,(anonymous_0)
FNF:1
FNH:1
FNDA:8,(anonymous_0)
DA:4,7
DA:6,8
DA:7,8
DA:9,8
DA:10,0
DA:12,8
DA:13,0
DA:15,8
LF:8
LH:6
BRDA:9,0,0,0
BRDA:9,0,1,8
BRDA:12,1,0,0
BRDA:12,1,1,8
BRF:4
BRH:2
end_of_record
TN:
SF:src/util/common.ts
FN:23,(anonymous_0)
FN:35,(anonymous_1)
FN:38,(anonymous_2)
FN:42,(anonymous_3)
FN:48,(anonymous_4)
FNF:5
FNH:0
FNDA:0,(anonymous_0)
FNDA:0,(anonymous_1)
FNDA:0,(anonymous_2)
FNDA:0,(anonymous_3)
FNDA:0,(anonymous_4)
DA:23,5
DA:24,0
DA:25,0
DA:28,0
DA:29,0
DA:32,0
DA:35,5
DA:37,0
DA:38,0
DA:41,0
DA:42,0
DA:45,0
DA:48,5
DA:49,0
DA:50,0
DA:54,0
DA:70,0
LF:17
LH:3
BRDA:24,0,0,0
BRDA:24,0,1,0
BRDA:28,1,0,0
BRDA:28,1,1,0
BRDA:49,2,0,0
BRDA:49,2,1,0
BRDA:54,3,0,0
BRDA:54,3,1,0
BRF:8
BRH:0
end_of_record
TN:
SF:src/util/constant.ts
FN:18,(anonymous_0)
FNF:1
FNH:0
FNDA:0,(anonymous_0)
DA:7,8
DA:12,8
DA:14,8
DA:16,8
DA:17,8
DA:18,8
DA:19,8
DA:20,8
DA:22,8
DA:23,8
DA:24,8
DA:25,8
DA:27,8
DA:30,8
DA:39,8
DA:51,8
DA:83,8
DA:96,8
DA:109,8
DA:119,8
DA:133,8
DA:145,8
DA:147,8
DA:149,8
LF:24
LH:24
BRDA:12,0,0,8
BRDA:12,0,1,0
BRDA:14,1,0,8
BRDA:14,1,1,8
BRDA:16,2,0,8
BRDA:16,2,1,8
BRDA:17,3,0,8
BRDA:17,3,1,0
BRDA:19,4,0,8
BRDA:19,4,1,8
BRF:10
BRH:8
end_of_record
TN:
SF:src/util/dates.ts
FN:15,(anonymous_0)
FN:20,(anonymous_1)
FN:31,(anonymous_2)
FN:36,(anonymous_3)
FN:43,(anonymous_4)
FN:51,(anonymous_5)
FN:60,(anonymous_6)
FN:71,(anonymous_7)
FN:78,(anonymous_8)
FN:85,(anonymous_9)
FN:89,(anonymous_10)
FN:94,(anonymous_11)
FN:98,(anonymous_12)
FNF:13
FNH:4
FNDA:16,(anonymous_0)
FNDA:5,(anonymous_1)
FNDA:0,(anonymous_2)
FNDA:0,(anonymous_3)
FNDA:0,(anonymous_4)
FNDA:0,(anonymous_5)
FNDA:0,(anonymous_6)
FNDA:16,(anonymous_7)
FNDA:8,(anonymous_8)
FNDA:0,(anonymous_9)
FNDA:0,(anonymous_10)
FNDA:0,(anonymous_11)
FNDA:0,(anonymous_12)
DA:8,8
DA:9,8
DA:10,8
DA:11,8
DA:15,8
DA:16,16
DA:20,8
DA:24,5
DA:31,8
DA:32,0
DA:36,8
DA:40,0
DA:43,8
DA:47,0
DA:51,8
DA:52,0
DA:60,8
DA:61,0
DA:71,8
DA:72,16
DA:78,8
DA:79,8
DA:85,8
DA:86,0
DA:89,8
DA:90,0
DA:94,8
DA:95,0
DA:98,8
DA:99,0
DA:100,0
DA:102,0
LF:32
LH:21
BRDA:22,0,0,1
BRDA:32,1,0,0
BRDA:32,1,1,0
BRDA:61,2,0,0
BRDA:61,2,1,0
BRDA:72,3,0,16
BRDA:72,3,1,0
BRDA:79,4,0,8
BRDA:79,4,1,0
BRF:9
BRH:3
end_of_record
TN:
SF:src/util/objectManipulation.ts
FN:1,(anonymous_0)
FN:2,(anonymous_1)
FNF:2
FNH:0
FNDA:0,(anonymous_0)
FNDA:0,(anonymous_1)
DA:1,1
DA:2,0
LF:2
LH:1
BRF:0
BRH:0
end_of_record
TN:
SF:src/util/network/network.util.ts
FN:204,(anonymous_0)
FN:218,(anonymous_1)
FN:222,(anonymous_2)
FN:231,(anonymous_3)
FN:240,(anonymous_4)
FN:244,(anonymous_5)
FNF:6
FNH:1
FNDA:21,(anonymous_0)
FNDA:0,(anonymous_1)
FNDA:0,(anonymous_2)
FNDA:0,(anonymous_3)
FNDA:0,(anonymous_4)
FNDA:0,(anonymous_5)
DA:16,7
DA:22,7
DA:28,7
DA:33,7
DA:39,7
DA:124,7
DA:197,7
DA:203,7
DA:205,21
DA:207,21
DA:209,21
DA:211,21
DA:213,21
DA:218,7
DA:219,0
DA:222,7
DA:223,0
DA:224,0
DA:231,7
DA:232,0
DA:233,0
DA:234,0
DA:235,0
DA:237,0
DA:240,7
DA:241,0
DA:244,7
DA:245,0
DA:246,0
DA:247,0
DA:248,0
DA:250,0
DA:251,0
LF:33
LH:18
BRDA:234,0,0,0
BRDA:234,0,1,0
BRF:2
BRH:0
end_of_record
