<?xml version="1.0" encoding="UTF-8"?>
<testsuites name="Mocha Tests" time="0.018" tests="0" failures="1">
  <testsuite name="Root Suite" timestamp="2023-05-04T12:37:07" tests="0" time="0.000" failures="0">
  </testsuite>
  <testsuite name="Sponsoring Tx
" timestamp="2023-05-04T12:37:07" tests="0" file="/home/wsdt/Schreibtisch/GitRepositories/enya/boba_new/boba/integration-tests/test/eth-l2/boba_aa_sponsoring_fee.spec.ts" time="0.015" failures="1">
    <testcase name="Sponsoring Tx
 &quot;before all&quot; hook in &quot;Sponsoring Tx
&quot;" time="0.006" classname="&quot;before all&quot; hook in &quot;Sponsoring Tx
&quot;">
      <failure message="Error: connect ECONNREFUSED 127.0.0.1:8080" type="RequestError"><![CDATA[RequestError: Error: connect ECONNREFUSED 127.0.0.1:8080
    at new RequestError (/home/wsdt/Schreibtisch/GitRepositories/enya/boba_new/boba/node_modules/request-promise-core/lib/errors.js:14:15)
    at Request.plumbing.callback (/home/wsdt/Schreibtisch/GitRepositories/enya/boba_new/boba/node_modules/request-promise-core/lib/plumbing.js:87:29)
    at Request.RP$callback [as _callback] (/home/wsdt/Schreibtisch/GitRepositories/enya/boba_new/boba/node_modules/request-promise-core/lib/plumbing.js:46:31)
    at self.callback (/home/wsdt/Schreibtisch/GitRepositories/enya/boba_new/boba/node_modules/request/request.js:185:22)
    at Request.emit (node:events:513:28)
    at Request.emit (node:domain:489:12)
    at Request.onRequestError (/home/wsdt/Schreibtisch/GitRepositories/enya/boba_new/boba/node_modules/request/request.js:877:8)
    at ClientRequest.emit (node:events:513:28)
    at ClientRequest.emit (node:domain:489:12)
    at Socket.socketErrorListener (node:_http_client:494:9)
    at Socket.emit (node:events:513:28)
    at Socket.emit (node:domain:489:12)
    at emitErrorNT (node:internal/streams/destroy:157:8)
    at emitErrorCloseNT (node:internal/streams/destroy:122:3)
    at processTicksAndRejections (node:internal/process/task_queues:83:21)]]></failure>
    </testcase>
  </testsuite>
</testsuites>